   1              		.syntax unified
   2              		.cpu cortex-m4
   3              		.eabi_attribute 27, 3
   4              		.fpu fpv4-sp-d16
   5              		.eabi_attribute 20, 1
   6              		.eabi_attribute 21, 1
   7              		.eabi_attribute 23, 3
   8              		.eabi_attribute 24, 1
   9              		.eabi_attribute 25, 1
  10              		.eabi_attribute 26, 1
  11              		.eabi_attribute 30, 4
  12              		.eabi_attribute 34, 1
  13              		.eabi_attribute 18, 4
  14              		.thumb
  15              		.file	"UART002.c"
  16              		.section	.text.NVIC_EncodePriority.constprop.0,"ax",%progbits
  17              		.align	1
  18              		.thumb
  19              		.thumb_func
  21              	NVIC_EncodePriority.constprop.0:
  22              		@ args = 0, pretend = 0, frame = 0
  23              		@ frame_needed = 0, uses_anonymous_args = 0
  24              		@ link register save eliminated.
  25 0000 00F00700 		and	r0, r0, #7
  26 0004 C0F10703 		rsb	r3, r0, #7
  27 0008 062B     		cmp	r3, #6
  28 000a 28BF     		it	cs
  29 000c 0623     		movcs	r3, #6
  30 000e 00B1     		cbz	r0, .L2
  31 0010 0138     		subs	r0, r0, #1
  32              	.L2:
  33 0012 0122     		movs	r2, #1
  34 0014 02FA03F1 		lsl	r1, r2, r3
  35 0018 4B1E     		subs	r3, r1, #1
  36 001a 03F03F02 		and	r2, r3, #63
  37 001e 02FA00F0 		lsl	r0, r2, r0
  38 0022 7047     		bx	lr
  40              		.section	.text.UART002_lInit,"ax",%progbits
  41              		.align	1
  42              		.global	UART002_lInit
  43              		.thumb
  44              		.thumb_func
  46              	UART002_lInit:
  47              		@ args = 0, pretend = 0, frame = 0
  48              		@ frame_needed = 0, uses_anonymous_args = 0
  49 0000 0369     		ldr	r3, [r0, #16]
  50 0002 1A6C     		ldr	r2, [r3, #64]
  51 0004 22F00201 		bic	r1, r2, #2
  52 0008 10B5     		push	{r4, lr}
  53 000a 1964     		str	r1, [r3, #64]
  54 000c DC68     		ldr	r4, [r3, #12]
  55 000e 44F00302 		orr	r2, r4, #3
  56 0012 DA60     		str	r2, [r3, #12]
  57 0014 1969     		ldr	r1, [r3, #16]
  58 0016 41F40044 		orr	r4, r1, #32768
  59 001a 1C61     		str	r4, [r3, #16]
  60 001c 1A69     		ldr	r2, [r3, #16]
  61 001e 22F47F71 		bic	r1, r2, #1020
  62 0022 21F00304 		bic	r4, r1, #3
  63 0026 1C61     		str	r4, [r3, #16]
  64 0028 028B     		ldrh	r2, [r0, #24]
  65 002a 1969     		ldr	r1, [r3, #16]
  66 002c 9405     		lsls	r4, r2, #22
  67 002e 41EA9451 		orr	r1, r1, r4, lsr #22
  68 0032 828B     		ldrh	r2, [r0, #28]
  69 0034 1961     		str	r1, [r3, #16]
  70 0036 9402     		lsls	r4, r2, #10
  71 0038 90F82020 		ldrb	r2, [r0, #32]	@ zero_extendqisi2
  72 003c 5969     		ldr	r1, [r3, #20]
  73 003e 1202     		lsls	r2, r2, #8
  74 0040 02F44072 		and	r2, r2, #768
  75 0044 04F4F844 		and	r4, r4, #31744
  76 0048 1443     		orrs	r4, r4, r2
  77 004a 0C43     		orrs	r4, r4, r1
  78 004c 5C61     		str	r4, [r3, #20]
  79 004e 5969     		ldr	r1, [r3, #20]
  80 0050 21F07F72 		bic	r2, r1, #66846720
  81 0054 22F44034 		bic	r4, r2, #196608
  82 0058 428B     		ldrh	r2, [r0, #26]
  83 005a 5C61     		str	r4, [r3, #20]
  84 005c 1404     		lsls	r4, r2, #16
  85 005e 294A     		ldr	r2, .L9
  86 0060 5969     		ldr	r1, [r3, #20]
  87 0062 2240     		ands	r2, r2, r4
  88 0064 0A43     		orrs	r2, r2, r1
  89 0066 5A61     		str	r2, [r3, #20]
  90 0068 596B     		ldr	r1, [r3, #52]
  91 006a 8289     		ldrh	r2, [r0, #12]
  92 006c 41F48174 		orr	r4, r1, #258
  93 0070 5C63     		str	r4, [r3, #52]
  94 0072 5C6B     		ldr	r4, [r3, #52]
  95 0074 1106     		lsls	r1, r2, #24
  96 0076 01F07061 		and	r1, r1, #251658240
  97 007a 1204     		lsls	r2, r2, #16
  98 007c 02F47C12 		and	r2, r2, #4128768
  99 0080 2143     		orrs	r1, r1, r4
 100 0082 1143     		orrs	r1, r1, r2
 101 0084 5963     		str	r1, [r3, #52]
 102 0086 DA6B     		ldr	r2, [r3, #60]
 103 0088 22F00201 		bic	r1, r2, #2
 104 008c D963     		str	r1, [r3, #60]
 105 008e DA6B     		ldr	r2, [r3, #60]
 106 0090 42F00101 		orr	r1, r2, #1
 107 0094 4279     		ldrb	r2, [r0, #5]	@ zero_extendqisi2
 108 0096 5200     		lsls	r2, r2, #1
 109 0098 02F00202 		and	r2, r2, #2
 110 009c 0A43     		orrs	r2, r2, r1
 111 009e C18B     		ldrh	r1, [r0, #30]
 112 00a0 0902     		lsls	r1, r1, #8
 113 00a2 01F4F851 		and	r1, r1, #7936
 114 00a6 0A43     		orrs	r2, r2, r1
 115 00a8 DA63     		str	r2, [r3, #60]
 116 00aa 9A6B     		ldr	r2, [r3, #56]
 117 00ac 42F4A061 		orr	r1, r2, #1280
 118 00b0 9963     		str	r1, [r3, #56]
 119 00b2 9A6C     		ldr	r2, [r3, #72]
 120 00b4 42F40051 		orr	r1, r2, #8192
 121 00b8 9964     		str	r1, [r3, #72]
 122 00ba D3F80C21 		ldr	r2, [r3, #268]
 123 00be 42F08051 		orr	r1, r2, #268435456
 124 00c2 427D     		ldrb	r2, [r0, #21]	@ zero_extendqisi2
 125 00c4 C3F80C11 		str	r1, [r3, #268]
 126 00c8 012A     		cmp	r2, #1
 127 00ca 07D8     		bhi	.L6
 128 00cc C27D     		ldrb	r2, [r0, #23]	@ zero_extendqisi2
 129 00ce D3F80811 		ldr	r1, [r3, #264]
 130 00d2 1202     		lsls	r2, r2, #8
 131 00d4 02F47C52 		and	r2, r2, #16128
 132 00d8 0A43     		orrs	r2, r2, r1
 133 00da 03E0     		b	.L8
 134              	.L6:
 135 00dc D3F80811 		ldr	r1, [r3, #264]
 136 00e0 41F48072 		orr	r2, r1, #256
 137              	.L8:
 138 00e4 C3F80821 		str	r2, [r3, #264]
 139 00e8 196C     		ldr	r1, [r3, #64]
 140 00ea 0079     		ldrb	r0, [r0, #4]	@ zero_extendqisi2
 141 00ec 21F44072 		bic	r2, r1, #768
 142 00f0 1A64     		str	r2, [r3, #64]
 143 00f2 196C     		ldr	r1, [r3, #64]
 144 00f4 0202     		lsls	r2, r0, #8
 145 00f6 41F00201 		orr	r1, r1, #2
 146 00fa 02F44070 		and	r0, r2, #768
 147 00fe 0143     		orrs	r1, r1, r0
 148 0100 1964     		str	r1, [r3, #64]
 149 0102 10BD     		pop	{r4, pc}
 150              	.L10:
 151              		.align	2
 152              	.L9:
 153 0104 0000FF03 		.word	67043328
 155              		.section	.text.UART002_Init,"ax",%progbits
 156              		.align	1
 157              		.global	UART002_Init
 158              		.thumb
 159              		.thumb_func
 161              	UART002_Init:
 162              		@ args = 0, pretend = 0, frame = 0
 163              		@ frame_needed = 0, uses_anonymous_args = 0
 164 0000 70B5     		push	{r4, r5, r6, lr}
 165 0002 174D     		ldr	r5, .L12
 166 0004 174E     		ldr	r6, .L12+4
 167 0006 184C     		ldr	r4, .L12+8
 168 0008 4FF40060 		mov	r0, #2048
 169 000c FFF7FEFF 		bl	RESET001_DeassertReset
 170 0010 2846     		mov	r0, r5
 171 0012 FFF7FEFF 		bl	UART002_lInit
 172 0016 F068     		ldr	r0, [r6, #12]
 173 0018 C0F30220 		ubfx	r0, r0, #8, #3
 174 001c FFF7FEFF 		bl	NVIC_EncodePriority.constprop.0
 175 0020 8100     		lsls	r1, r0, #2
 176 0022 CAB2     		uxtb	r2, r1
 177 0024 84F85923 		strb	r2, [r4, #857]
 178 0028 F368     		ldr	r3, [r6, #12]
 179 002a C3F30220 		ubfx	r0, r3, #8, #3
 180 002e FFF7FEFF 		bl	NVIC_EncodePriority.constprop.0
 181 0032 8000     		lsls	r0, r0, #2
 182 0034 C1B2     		uxtb	r1, r0
 183 0036 4FF00072 		mov	r2, #33554432
 184 003a 4FF40003 		mov	r3, #8388608
 185 003e 84F85713 		strb	r1, [r4, #855]
 186 0042 0A48     		ldr	r0, .L12+12
 187 0044 A260     		str	r2, [r4, #8]
 188 0046 0121     		movs	r1, #1
 189 0048 A360     		str	r3, [r4, #8]
 190 004a 2C68     		ldr	r4, [r5, #0]
 191 004c FFF7FEFF 		bl	osSemaphoreCreate
 192 0050 6060     		str	r0, [r4, #4]
 193 0052 0748     		ldr	r0, .L12+16
 194 0054 016C     		ldr	r1, [r0, #64]
 195 0056 21F07002 		bic	r2, r1, #112
 196 005a 0264     		str	r2, [r0, #64]
 197 005c 70BD     		pop	{r4, r5, r6, pc}
 198              	.L13:
 199 005e 00BF     		.align	2
 200              	.L12:
 201 0060 00000000 		.word	UART002_Handle0
 202 0064 00ED00E0 		.word	-536810240
 203 0068 00E100E0 		.word	-536813312
 204 006c 00000000 		.word	.LANCHOR0
 205 0070 00850248 		.word	1208124672
 207              		.section	.text.UART002_Deinit,"ax",%progbits
 208              		.align	1
 209              		.global	UART002_Deinit
 210              		.thumb
 211              		.thumb_func
 213              	UART002_Deinit:
 214              		@ args = 0, pretend = 0, frame = 0
 215              		@ frame_needed = 0, uses_anonymous_args = 0
 216              		@ link register save eliminated.
 217 0000 7047     		bx	lr
 219              		.section	.text.UART002_LocalStructureInit,"ax",%progbits
 220              		.align	1
 221              		.global	UART002_LocalStructureInit
 222              		.thumb
 223              		.thumb_func
 225              	UART002_LocalStructureInit:
 226              		@ args = 0, pretend = 0, frame = 0
 227              		@ frame_needed = 0, uses_anonymous_args = 0
 228 0000 0023     		movs	r3, #0
 229 0002 10B5     		push	{r4, lr}
 230 0004 0860     		str	r0, [r1, #0]
 231 0006 8B60     		str	r3, [r1, #8]
 232 0008 8B80     		strh	r3, [r1, #4]	@ movhi
 233 000a 0A61     		str	r2, [r1, #16]
 234 000c 0C46     		mov	r4, r1
 235 000e FFF7FEFF 		bl	osThreadGetId
 236 0012 6061     		str	r0, [r4, #20]
 237 0014 10BD     		pop	{r4, pc}
 239              		.section	.text.UART002_StartReception,"ax",%progbits
 240              		.align	1
 241              		.global	UART002_StartReception
 242              		.thumb
 243              		.thumb_func
 245              	UART002_StartReception:
 246              		@ args = 0, pretend = 0, frame = 0
 247              		@ frame_needed = 0, uses_anonymous_args = 0
 248 0000 38B5     		push	{r3, r4, r5, lr}
 249 0002 8368     		ldr	r3, [r0, #8]
 250 0004 0568     		ldr	r5, [r0, #0]
 251 0006 0446     		mov	r4, r0
 252 0008 002B     		cmp	r3, #0
 253 000a 42D0     		beq	.L21
 254 000c 8088     		ldrh	r0, [r0, #4]
 255 000e 0028     		cmp	r0, #0
 256 0010 3FD0     		beq	.L21
 257 0012 2A68     		ldr	r2, [r5, #0]
 258 0014 5068     		ldr	r0, [r2, #4]
 259 0016 FFF7FEFF 		bl	osSemaphoreWait
 260 001a 0028     		cmp	r0, #0
 261 001c 3BD0     		beq	.L22
 262 001e 0121     		movs	r1, #1
 263 0020 2173     		strb	r1, [r4, #12]
 264 0022 697D     		ldrb	r1, [r5, #21]	@ zero_extendqisi2
 265 0024 2B68     		ldr	r3, [r5, #0]
 266 0026 A068     		ldr	r0, [r4, #8]
 267 0028 A288     		ldrh	r2, [r4, #4]
 268 002a D860     		str	r0, [r3, #12]
 269 002c 0129     		cmp	r1, #1
 270 002e 1A81     		strh	r2, [r3, #8]	@ movhi
 271 0030 1C60     		str	r4, [r3, #0]
 272 0032 1DD0     		beq	.L18
 273 0034 0329     		cmp	r1, #3
 274 0036 1BD0     		beq	.L18
 275 0038 2B69     		ldr	r3, [r5, #16]
 276 003a D3F80C01 		ldr	r0, [r3, #268]
 277 003e 20F47C51 		bic	r1, r0, #16128
 278 0042 C3F80C11 		str	r1, [r3, #268]
 279 0046 A87D     		ldrb	r0, [r5, #22]	@ zero_extendqisi2
 280 0048 8242     		cmp	r2, r0
 281 004a 09D8     		bhi	.L19
 282 004c 013A     		subs	r2, r2, #1
 283 004e D3F80C11 		ldr	r1, [r3, #268]
 284 0052 1002     		lsls	r0, r2, #8
 285 0054 00F47C52 		and	r2, r0, #16128
 286 0058 0A43     		orrs	r2, r2, r1
 287 005a C3F80C21 		str	r2, [r3, #268]
 288 005e 07E0     		b	.L18
 289              	.L19:
 290 0060 D3F80C21 		ldr	r2, [r3, #268]
 291 0064 0102     		lsls	r1, r0, #8
 292 0066 01F47C50 		and	r0, r1, #16128
 293 006a 1043     		orrs	r0, r0, r2
 294 006c C3F80C01 		str	r0, [r3, #268]
 295              	.L18:
 296 0070 2969     		ldr	r1, [r5, #16]
 297 0072 D1F80C01 		ldr	r0, [r1, #268]
 298 0076 0223     		movs	r3, #2
 299 0078 20F0C042 		bic	r2, r0, #1610612736
 300 007c 2373     		strb	r3, [r4, #12]
 301 007e C1F80C21 		str	r2, [r1, #268]
 302 0082 D1F80C31 		ldr	r3, [r1, #268]
 303 0086 43F0C040 		orr	r0, r3, #1610612736
 304 008a C1F80C01 		str	r0, [r1, #268]
 305 008e 0020     		movs	r0, #0
 306 0090 38BD     		pop	{r3, r4, r5, pc}
 307              	.L21:
 308 0092 0520     		movs	r0, #5
 309 0094 38BD     		pop	{r3, r4, r5, pc}
 310              	.L22:
 311 0096 0620     		movs	r0, #6
 312 0098 38BD     		pop	{r3, r4, r5, pc}
 314              		.section	.text.UART002_StartTransmission,"ax",%progbits
 315              		.align	1
 316              		.global	UART002_StartTransmission
 317              		.thumb
 318              		.thumb_func
 320              	UART002_StartTransmission:
 321              		@ args = 0, pretend = 0, frame = 0
 322              		@ frame_needed = 0, uses_anonymous_args = 0
 323 0000 38B5     		push	{r3, r4, r5, lr}
 324 0002 8368     		ldr	r3, [r0, #8]
 325 0004 0568     		ldr	r5, [r0, #0]
 326 0006 0446     		mov	r4, r0
 327 0008 43B3     		cbz	r3, .L32
 328 000a 8088     		ldrh	r0, [r0, #4]
 329 000c 30B3     		cbz	r0, .L32
 330 000e 2A68     		ldr	r2, [r5, #0]
 331 0010 5068     		ldr	r0, [r2, #4]
 332 0012 FFF7FEFF 		bl	osSemaphoreWait
 333 0016 18B3     		cbz	r0, .L33
 334 0018 2968     		ldr	r1, [r5, #0]
 335 001a A368     		ldr	r3, [r4, #8]
 336 001c A088     		ldrh	r0, [r4, #4]
 337 001e CB60     		str	r3, [r1, #12]
 338 0020 2B69     		ldr	r3, [r5, #16]
 339 0022 0881     		strh	r0, [r1, #8]	@ movhi
 340 0024 D3F80821 		ldr	r2, [r3, #264]
 341 0028 0C60     		str	r4, [r1, #0]
 342 002a 22F04041 		bic	r1, r2, #-1073741824
 343 002e C3F80811 		str	r1, [r3, #264]
 344 0032 D3F80801 		ldr	r0, [r3, #264]
 345 0036 40F04042 		orr	r2, r0, #-1073741824
 346 003a C3F80821 		str	r2, [r3, #264]
 347 003e D3F80801 		ldr	r0, [r3, #264]
 348 0042 0221     		movs	r1, #2
 349 0044 C0F30242 		ubfx	r2, r0, #16, #3
 350 0048 2173     		strb	r1, [r4, #12]
 351 004a 0120     		movs	r0, #1
 352 004c 996E     		ldr	r1, [r3, #104]
 353 004e 1032     		adds	r2, r2, #16
 354 0050 00FA02F2 		lsl	r2, r0, r2
 355 0054 0A43     		orrs	r2, r2, r1
 356 0056 9A66     		str	r2, [r3, #104]
 357 0058 0020     		movs	r0, #0
 358 005a 38BD     		pop	{r3, r4, r5, pc}
 359              	.L32:
 360 005c 0520     		movs	r0, #5
 361 005e 38BD     		pop	{r3, r4, r5, pc}
 362              	.L33:
 363 0060 0620     		movs	r0, #6
 364 0062 38BD     		pop	{r3, r4, r5, pc}
 366              		.section	.text.UART002_WaitForCompletion,"ax",%progbits
 367              		.align	1
 368              		.global	UART002_WaitForCompletion
 369              		.thumb
 370              		.thumb_func
 372              	UART002_WaitForCompletion:
 373              		@ args = 0, pretend = 0, frame = 16
 374              		@ frame_needed = 0, uses_anonymous_args = 0
 375 0000 1FB5     		push	{r0, r1, r2, r3, r4, lr}
 376 0002 0346     		mov	r3, r0
 377 0004 0A46     		mov	r2, r1
 378 0006 01A8     		add	r0, sp, #4
 379 0008 1969     		ldr	r1, [r3, #16]
 380 000a FFF7FEFF 		bl	osSignalWait
 381 000e 0198     		ldr	r0, [sp, #4]
 382 0010 4028     		cmp	r0, #64
 383 0012 0CBF     		ite	eq
 384 0014 0620     		moveq	r0, #6
 385 0016 0020     		movne	r0, #0
 386 0018 05B0     		add	sp, sp, #20
 387 001a 00BD     		pop	{pc}
 389              		.section	.text.UART002_GetStatus,"ax",%progbits
 390              		.align	1
 391              		.global	UART002_GetStatus
 392              		.thumb
 393              		.thumb_func
 395              	UART002_GetStatus:
 396              		@ args = 0, pretend = 0, frame = 0
 397              		@ frame_needed = 0, uses_anonymous_args = 0
 398              		@ link register save eliminated.
 399 0000 007B     		ldrb	r0, [r0, #12]	@ zero_extendqisi2
 400 0002 7047     		bx	lr
 402              		.section	.text.USIC0_5_IRQHandler,"ax",%progbits
 403              		.align	1
 404              		.global	USIC0_5_IRQHandler
 405              		.thumb
 406              		.thumb_func
 408              	USIC0_5_IRQHandler:
 409              		@ args = 0, pretend = 0, frame = 0
 410              		@ frame_needed = 0, uses_anonymous_args = 0
 411 0000 1A4A     		ldr	r2, .L54
 412 0002 38B5     		push	{r3, r4, r5, lr}
 413 0004 1569     		ldr	r5, [r2, #16]
 414 0006 1468     		ldr	r4, [r2, #0]
 415 0008 D5F81811 		ldr	r1, [r5, #280]
 416 000c 527D     		ldrb	r2, [r2, #21]	@ zero_extendqisi2
 417 000e 2368     		ldr	r3, [r4, #0]
 418 0010 41F48070 		orr	r0, r1, #256
 419 0014 012A     		cmp	r2, #1
 420 0016 C5F81801 		str	r0, [r5, #280]
 421 001a 26D8     		bhi	.L38
 422 001c B4F90810 		ldrsh	r1, [r4, #8]
 423 0020 F9B9     		cbnz	r1, .L50
 424 0022 D5F80821 		ldr	r2, [r5, #264]
 425 0026 0320     		movs	r0, #3
 426 0028 22F04041 		bic	r1, r2, #-1073741824
 427 002c 1873     		strb	r0, [r3, #12]
 428 002e C5F80811 		str	r1, [r5, #264]
 429 0032 5869     		ldr	r0, [r3, #20]
 430 0034 1969     		ldr	r1, [r3, #16]
 431 0036 FFF7FEFF 		bl	osSignalSet
 432 003a 6068     		ldr	r0, [r4, #4]
 433 003c FFF7FEFF 		bl	osSemaphoreRelease
 434 0040 0FE0     		b	.L50
 435              	.L53:
 436 0042 2089     		ldrh	r0, [r4, #8]
 437 0044 88B1     		cbz	r0, .L38
 438              	.L48:
 439 0046 D5F81421 		ldr	r2, [r5, #276]
 440 004a 9104     		lsls	r1, r2, #18
 441 004c FBD4     		bmi	.L48
 442 004e E368     		ldr	r3, [r4, #12]
 443 0050 0138     		subs	r0, r0, #1
 444 0052 13F8011B 		ldrb	r1, [r3], #1	@ zero_extendqisi2
 445 0056 82B2     		uxth	r2, r0
 446 0058 C5F88011 		str	r1, [r5, #384]
 447 005c E360     		str	r3, [r4, #12]
 448 005e 2281     		strh	r2, [r4, #8]	@ movhi
 449 0060 1AB1     		cbz	r2, .L38
 450              	.L50:
 451 0062 D5F81431 		ldr	r3, [r5, #276]
 452 0066 DB04     		lsls	r3, r3, #19
 453 0068 EBD5     		bpl	.L53
 454              	.L38:
 455 006a 38BD     		pop	{r3, r4, r5, pc}
 456              	.L55:
 457              		.align	2
 458              	.L54:
 459 006c 00000000 		.word	UART002_Handle0
 461              		.section	.text.USIC0_3_IRQHandler,"ax",%progbits
 462              		.align	1
 463              		.global	USIC0_3_IRQHandler
 464              		.thumb
 465              		.thumb_func
 467              	USIC0_3_IRQHandler:
 468              		@ args = 0, pretend = 0, frame = 0
 469              		@ frame_needed = 0, uses_anonymous_args = 0
 470 0000 344A     		ldr	r2, .L81
 471 0002 38B5     		push	{r3, r4, r5, lr}
 472 0004 1469     		ldr	r4, [r2, #16]
 473 0006 1568     		ldr	r5, [r2, #0]
 474 0008 D4F81811 		ldr	r1, [r4, #280]
 475 000c 527D     		ldrb	r2, [r2, #21]	@ zero_extendqisi2
 476 000e 2B68     		ldr	r3, [r5, #0]
 477 0010 41F00100 		orr	r0, r1, #1
 478 0014 C4F81801 		str	r0, [r4, #280]
 479 0018 0AB1     		cbz	r2, .L72
 480 001a 022A     		cmp	r2, #2
 481 001c 40D1     		bne	.L80
 482              	.L72:
 483 001e D4F81421 		ldr	r2, [r4, #276]
 484 0022 1007     		lsls	r0, r2, #28
 485 0024 25D4     		bmi	.L60
 486              	.L73:
 487 0026 D4F81411 		ldr	r1, [r4, #276]
 488 002a 8A06     		lsls	r2, r1, #26
 489 002c FBD4     		bmi	.L73
 490 002e D4F81C21 		ldr	r2, [r4, #284]
 491 0032 E868     		ldr	r0, [r5, #12]
 492 0034 0270     		strb	r2, [r0, #0]
 493 0036 E968     		ldr	r1, [r5, #12]
 494 0038 2A89     		ldrh	r2, [r5, #8]
 495 003a 481C     		adds	r0, r1, #1
 496 003c 511E     		subs	r1, r2, #1
 497 003e E860     		str	r0, [r5, #12]
 498 0040 88B2     		uxth	r0, r1
 499 0042 2881     		strh	r0, [r5, #8]	@ movhi
 500 0044 0028     		cmp	r0, #0
 501 0046 EAD1     		bne	.L72
 502 0048 D4F80C11 		ldr	r1, [r4, #268]
 503 004c 0322     		movs	r2, #3
 504 004e 21F0C040 		bic	r0, r1, #1610612736
 505 0052 1A73     		strb	r2, [r3, #12]
 506 0054 C4F80C01 		str	r0, [r4, #268]
 507 0058 D4F81821 		ldr	r2, [r4, #280]
 508 005c 5869     		ldr	r0, [r3, #20]
 509 005e 42F48041 		orr	r1, r2, #16384
 510 0062 C4F81811 		str	r1, [r4, #280]
 511 0066 1969     		ldr	r1, [r3, #16]
 512 0068 FFF7FEFF 		bl	osSignalSet
 513 006c 6868     		ldr	r0, [r5, #4]
 514 006e FFF7FEFF 		bl	osSemaphoreRelease
 515              	.L60:
 516 0072 184A     		ldr	r2, .L81
 517 0074 2889     		ldrh	r0, [r5, #8]
 518 0076 917D     		ldrb	r1, [r2, #22]	@ zero_extendqisi2
 519 0078 03B2     		sxth	r3, r0
 520 007a 8B42     		cmp	r3, r1
 521 007c 28DA     		bge	.L56
 522 007e 38B3     		cbz	r0, .L56
 523 0080 D4F80C01 		ldr	r0, [r4, #268]
 524 0084 20F47C52 		bic	r2, r0, #16128
 525 0088 C4F80C21 		str	r2, [r4, #268]
 526 008c 013B     		subs	r3, r3, #1
 527 008e D4F80C11 		ldr	r1, [r4, #268]
 528 0092 1802     		lsls	r0, r3, #8
 529 0094 00F47C52 		and	r2, r0, #16128
 530 0098 0A43     		orrs	r2, r2, r1
 531 009a C4F80C21 		str	r2, [r4, #268]
 532 009e 38BD     		pop	{r3, r4, r5, pc}
 533              	.L80:
 534 00a0 2B89     		ldrh	r3, [r5, #8]
 535 00a2 297C     		ldrb	r1, [r5, #16]	@ zero_extendqisi2
 536 00a4 581A     		subs	r0, r3, r1
 537 00a6 83B2     		uxth	r3, r0
 538 00a8 1AB2     		sxth	r2, r3
 539 00aa 8A42     		cmp	r2, r1
 540 00ac 2B81     		strh	r3, [r5, #8]	@ movhi
 541 00ae 0FDA     		bge	.L56
 542 00b0 73B1     		cbz	r3, .L56
 543 00b2 D4F80C11 		ldr	r1, [r4, #268]
 544 00b6 21F47C50 		bic	r0, r1, #16128
 545 00ba C4F80C01 		str	r0, [r4, #268]
 546 00be 013A     		subs	r2, r2, #1
 547 00c0 D4F80C31 		ldr	r3, [r4, #268]
 548 00c4 1102     		lsls	r1, r2, #8
 549 00c6 01F47C50 		and	r0, r1, #16128
 550 00ca 1843     		orrs	r0, r0, r3
 551 00cc C4F80C01 		str	r0, [r4, #268]
 552              	.L56:
 553 00d0 38BD     		pop	{r3, r4, r5, pc}
 554              	.L82:
 555 00d2 00BF     		.align	2
 556              	.L81:
 557 00d4 00000000 		.word	UART002_Handle0
 559              		.global	os_semaphore_def_UART002_ChannelSemHandle0
 560              		.global	os_semaphore_cb_UART002_ChannelSemHandle0
 561              		.section	.rodata
 562              		.align	2
 563              		.set	.LANCHOR0,. + 0
 566              	os_semaphore_def_UART002_ChannelSemHandle0:
 567 0000 00000000 		.word	os_semaphore_cb_UART002_ChannelSemHandle0
 568              		.bss
 569              		.align	2
 572              	os_semaphore_cb_UART002_ChannelSemHandle0:
 573 0000 00000000 		.space	8
 573      00000000 
 574              		.ident	"GCC: (GNU Tools for ARM Embedded Processors) 4.7.4 20130913 (release) [ARM/embedded-4_7-br
DEFINED SYMBOLS
                            *ABS*:00000000 UART002.c
C:\Users\LIUDAN~1\AppData\Local\Temp\ccOopXUL.s:17     .text.NVIC_EncodePriority.constprop.0:00000000 $t
C:\Users\LIUDAN~1\AppData\Local\Temp\ccOopXUL.s:21     .text.NVIC_EncodePriority.constprop.0:00000000 NVIC_EncodePriority.constprop.0
C:\Users\LIUDAN~1\AppData\Local\Temp\ccOopXUL.s:41     .text.UART002_lInit:00000000 $t
C:\Users\LIUDAN~1\AppData\Local\Temp\ccOopXUL.s:46     .text.UART002_lInit:00000000 UART002_lInit
C:\Users\LIUDAN~1\AppData\Local\Temp\ccOopXUL.s:153    .text.UART002_lInit:00000104 $d
C:\Users\LIUDAN~1\AppData\Local\Temp\ccOopXUL.s:156    .text.UART002_Init:00000000 $t
C:\Users\LIUDAN~1\AppData\Local\Temp\ccOopXUL.s:161    .text.UART002_Init:00000000 UART002_Init
C:\Users\LIUDAN~1\AppData\Local\Temp\ccOopXUL.s:201    .text.UART002_Init:00000060 $d
C:\Users\LIUDAN~1\AppData\Local\Temp\ccOopXUL.s:208    .text.UART002_Deinit:00000000 $t
C:\Users\LIUDAN~1\AppData\Local\Temp\ccOopXUL.s:213    .text.UART002_Deinit:00000000 UART002_Deinit
C:\Users\LIUDAN~1\AppData\Local\Temp\ccOopXUL.s:220    .text.UART002_LocalStructureInit:00000000 $t
C:\Users\LIUDAN~1\AppData\Local\Temp\ccOopXUL.s:225    .text.UART002_LocalStructureInit:00000000 UART002_LocalStructureInit
C:\Users\LIUDAN~1\AppData\Local\Temp\ccOopXUL.s:240    .text.UART002_StartReception:00000000 $t
C:\Users\LIUDAN~1\AppData\Local\Temp\ccOopXUL.s:245    .text.UART002_StartReception:00000000 UART002_StartReception
C:\Users\LIUDAN~1\AppData\Local\Temp\ccOopXUL.s:315    .text.UART002_StartTransmission:00000000 $t
C:\Users\LIUDAN~1\AppData\Local\Temp\ccOopXUL.s:320    .text.UART002_StartTransmission:00000000 UART002_StartTransmission
C:\Users\LIUDAN~1\AppData\Local\Temp\ccOopXUL.s:367    .text.UART002_WaitForCompletion:00000000 $t
C:\Users\LIUDAN~1\AppData\Local\Temp\ccOopXUL.s:372    .text.UART002_WaitForCompletion:00000000 UART002_WaitForCompletion
C:\Users\LIUDAN~1\AppData\Local\Temp\ccOopXUL.s:390    .text.UART002_GetStatus:00000000 $t
C:\Users\LIUDAN~1\AppData\Local\Temp\ccOopXUL.s:395    .text.UART002_GetStatus:00000000 UART002_GetStatus
C:\Users\LIUDAN~1\AppData\Local\Temp\ccOopXUL.s:403    .text.USIC0_5_IRQHandler:00000000 $t
C:\Users\LIUDAN~1\AppData\Local\Temp\ccOopXUL.s:408    .text.USIC0_5_IRQHandler:00000000 USIC0_5_IRQHandler
C:\Users\LIUDAN~1\AppData\Local\Temp\ccOopXUL.s:459    .text.USIC0_5_IRQHandler:0000006c $d
C:\Users\LIUDAN~1\AppData\Local\Temp\ccOopXUL.s:462    .text.USIC0_3_IRQHandler:00000000 $t
C:\Users\LIUDAN~1\AppData\Local\Temp\ccOopXUL.s:467    .text.USIC0_3_IRQHandler:00000000 USIC0_3_IRQHandler
C:\Users\LIUDAN~1\AppData\Local\Temp\ccOopXUL.s:557    .text.USIC0_3_IRQHandler:000000d4 $d
C:\Users\LIUDAN~1\AppData\Local\Temp\ccOopXUL.s:566    .rodata:00000000 os_semaphore_def_UART002_ChannelSemHandle0
C:\Users\LIUDAN~1\AppData\Local\Temp\ccOopXUL.s:572    .bss:00000000 os_semaphore_cb_UART002_ChannelSemHandle0
C:\Users\LIUDAN~1\AppData\Local\Temp\ccOopXUL.s:562    .rodata:00000000 $d
C:\Users\LIUDAN~1\AppData\Local\Temp\ccOopXUL.s:569    .bss:00000000 $d

UNDEFINED SYMBOLS
RESET001_DeassertReset
osSemaphoreCreate
UART002_Handle0
osThreadGetId
osSemaphoreWait
osSignalWait
osSignalSet
osSemaphoreRelease
