   1              		.syntax unified
   2              		.cpu cortex-m4
   3              		.eabi_attribute 27, 3
   4              		.fpu fpv4-sp-d16
   5              		.eabi_attribute 20, 1
   6              		.eabi_attribute 21, 1
   7              		.eabi_attribute 23, 3
   8              		.eabi_attribute 24, 1
   9              		.eabi_attribute 25, 1
  10              		.eabi_attribute 26, 1
  11              		.eabi_attribute 30, 4
  12              		.eabi_attribute 34, 1
  13              		.eabi_attribute 18, 4
  14              		.thumb
  15              		.file	"IO004_Conf.c"
  16              		.global	IO004_Handle1
  17              		.global	IO004_Handle0
  18              		.section	.rodata
  19              		.align	2
  22              	IO004_Handle1:
  23 0000 01       		.byte	1
  24 0001 01       		.byte	1
  25 0002 0000     		.space	2
  26 0004 00810248 		.word	1208123648
  29              	IO004_Handle0:
  30 0008 01       		.byte	1
  31 0009 00       		.byte	0
  32 000a 0000     		.space	2
  33 000c 00810248 		.word	1208123648
  34              		.ident	"GCC: (GNU Tools for ARM Embedded Processors) 4.7.4 20130913 (release) [ARM/embedded-4_7-br
DEFINED SYMBOLS
                            *ABS*:00000000 IO004_Conf.c
C:\Users\LIUDAN~1\AppData\Local\Temp\ccZXTYJV.s:22     .rodata:00000000 IO004_Handle1
C:\Users\LIUDAN~1\AppData\Local\Temp\ccZXTYJV.s:29     .rodata:00000008 IO004_Handle0
C:\Users\LIUDAN~1\AppData\Local\Temp\ccZXTYJV.s:19     .rodata:00000000 $d

NO UNDEFINED SYMBOLS
