   1              		.syntax unified
   2              		.cpu cortex-m4
   3              		.eabi_attribute 27, 3
   4              		.fpu fpv4-sp-d16
   5              		.eabi_attribute 20, 1
   6              		.eabi_attribute 21, 1
   7              		.eabi_attribute 23, 3
   8              		.eabi_attribute 24, 1
   9              		.eabi_attribute 25, 1
  10              		.eabi_attribute 26, 1
  11              		.eabi_attribute 30, 4
  12              		.eabi_attribute 34, 1
  13              		.eabi_attribute 18, 4
  14              		.thumb
  15              		.file	"IO004.c"
  16              		.section	.text.IO004_Init,"ax",%progbits
  17              		.align	1
  18              		.global	IO004_Init
  19              		.thumb
  20              		.thumb_func
  22              	IO004_Init:
  23              		@ args = 0, pretend = 0, frame = 0
  24              		@ frame_needed = 0, uses_anonymous_args = 0
  25              		@ link register save eliminated.
  26 0000 0E4B     		ldr	r3, .L2
  27 0002 5868     		ldr	r0, [r3, #4]
  28 0004 0122     		movs	r2, #1
  29 0006 4260     		str	r2, [r0, #4]
  30 0008 016C     		ldr	r1, [r0, #64]
  31 000a 21F00703 		bic	r3, r1, #7
  32 000e 0364     		str	r3, [r0, #64]
  33 0010 026C     		ldr	r2, [r0, #64]
  34 0012 42F00401 		orr	r1, r2, #4
  35 0016 0164     		str	r1, [r0, #64]
  36 0018 0369     		ldr	r3, [r0, #16]
  37 001a 0361     		str	r3, [r0, #16]
  38 001c 0848     		ldr	r0, .L2+4
  39 001e 4168     		ldr	r1, [r0, #4]
  40 0020 0222     		movs	r2, #2
  41 0022 4A60     		str	r2, [r1, #4]
  42 0024 0B6C     		ldr	r3, [r1, #64]
  43 0026 23F07000 		bic	r0, r3, #112
  44 002a 0864     		str	r0, [r1, #64]
  45 002c 0A6C     		ldr	r2, [r1, #64]
  46 002e 42F04003 		orr	r3, r2, #64
  47 0032 0B64     		str	r3, [r1, #64]
  48 0034 0869     		ldr	r0, [r1, #16]
  49 0036 0861     		str	r0, [r1, #16]
  50 0038 7047     		bx	lr
  51              	.L3:
  52 003a 00BF     		.align	2
  53              	.L2:
  54 003c 00000000 		.word	IO004_Handle0
  55 0040 00000000 		.word	IO004_Handle1
  57              		.section	.text.IO004_DisableOutputDriver,"ax",%progbits
  58              		.align	1
  59              		.global	IO004_DisableOutputDriver
  60              		.thumb
  61              		.thumb_func
  63              	IO004_DisableOutputDriver:
  64              		@ args = 0, pretend = 0, frame = 0
  65              		@ frame_needed = 0, uses_anonymous_args = 0
  66 0000 10B5     		push	{r4, lr}
  67 0002 4378     		ldrb	r3, [r0, #1]	@ zero_extendqisi2
  68 0004 032B     		cmp	r3, #3
  69 0006 11D8     		bhi	.L5
  70 0008 4268     		ldr	r2, [r0, #4]
  71 000a DB00     		lsls	r3, r3, #3
  72 000c 1469     		ldr	r4, [r2, #16]
  73 000e 0333     		adds	r3, r3, #3
  74 0010 1F20     		movs	r0, #31
  75 0012 00FA03F0 		lsl	r0, r0, r3
  76 0016 24EA0000 		bic	r0, r4, r0
  77 001a 1061     		str	r0, [r2, #16]
  78 001c 1069     		ldr	r0, [r2, #16]
  79 001e 01F01F01 		and	r1, r1, #31
  80 0022 01FA03F3 		lsl	r3, r1, r3
  81 0026 0343     		orrs	r3, r3, r0
  82 0028 1361     		str	r3, [r2, #16]
  83 002a 10BD     		pop	{r4, pc}
  84              	.L5:
  85 002c 1A1F     		subs	r2, r3, #4
  86 002e D2B2     		uxtb	r2, r2
  87 0030 032A     		cmp	r2, #3
  88 0032 11D8     		bhi	.L7
  89 0034 4368     		ldr	r3, [r0, #4]
  90 0036 D000     		lsls	r0, r2, #3
  91 0038 5C69     		ldr	r4, [r3, #20]
  92 003a C21C     		adds	r2, r0, #3
  93 003c 1F20     		movs	r0, #31
  94 003e 00FA02F0 		lsl	r0, r0, r2
  95 0042 24EA0000 		bic	r0, r4, r0
  96 0046 5861     		str	r0, [r3, #20]
  97 0048 5869     		ldr	r0, [r3, #20]
  98 004a 01F01F01 		and	r1, r1, #31
  99 004e 01FA02F2 		lsl	r2, r1, r2
 100 0052 0243     		orrs	r2, r2, r0
 101 0054 5A61     		str	r2, [r3, #20]
 102 0056 10BD     		pop	{r4, pc}
 103              	.L7:
 104 0058 A3F10802 		sub	r2, r3, #8
 105 005c D2B2     		uxtb	r2, r2
 106 005e 032A     		cmp	r2, #3
 107 0060 11D8     		bhi	.L8
 108 0062 4368     		ldr	r3, [r0, #4]
 109 0064 D200     		lsls	r2, r2, #3
 110 0066 9C69     		ldr	r4, [r3, #24]
 111 0068 0332     		adds	r2, r2, #3
 112 006a 1F20     		movs	r0, #31
 113 006c 00FA02F0 		lsl	r0, r0, r2
 114 0070 24EA0000 		bic	r0, r4, r0
 115 0074 9861     		str	r0, [r3, #24]
 116 0076 9869     		ldr	r0, [r3, #24]
 117 0078 01F01F01 		and	r1, r1, #31
 118 007c 01FA02F2 		lsl	r2, r1, r2
 119 0080 0243     		orrs	r2, r2, r0
 120 0082 9A61     		str	r2, [r3, #24]
 121 0084 10BD     		pop	{r4, pc}
 122              	.L8:
 123 0086 0C3B     		subs	r3, r3, #12
 124 0088 DBB2     		uxtb	r3, r3
 125 008a 032B     		cmp	r3, #3
 126 008c 10D8     		bhi	.L4
 127 008e 4268     		ldr	r2, [r0, #4]
 128 0090 D800     		lsls	r0, r3, #3
 129 0092 D469     		ldr	r4, [r2, #28]
 130 0094 C31C     		adds	r3, r0, #3
 131 0096 1F20     		movs	r0, #31
 132 0098 00FA03F0 		lsl	r0, r0, r3
 133 009c 24EA0000 		bic	r0, r4, r0
 134 00a0 D061     		str	r0, [r2, #28]
 135 00a2 D069     		ldr	r0, [r2, #28]
 136 00a4 01F01F01 		and	r1, r1, #31
 137 00a8 01FA03F3 		lsl	r3, r1, r3
 138 00ac 0343     		orrs	r3, r3, r0
 139 00ae D361     		str	r3, [r2, #28]
 140              	.L4:
 141 00b0 10BD     		pop	{r4, pc}
 143              		.section	.text.IO004_EnableOutputDriver,"ax",%progbits
 144              		.align	1
 145              		.global	IO004_EnableOutputDriver
 146              		.thumb
 147              		.thumb_func
 149              	IO004_EnableOutputDriver:
 150              		@ args = 0, pretend = 0, frame = 0
 151              		@ frame_needed = 0, uses_anonymous_args = 0
 152 0000 10B5     		push	{r4, lr}
 153 0002 4378     		ldrb	r3, [r0, #1]	@ zero_extendqisi2
 154 0004 032B     		cmp	r3, #3
 155 0006 11D8     		bhi	.L11
 156 0008 4268     		ldr	r2, [r0, #4]
 157 000a DB00     		lsls	r3, r3, #3
 158 000c 1469     		ldr	r4, [r2, #16]
 159 000e 0333     		adds	r3, r3, #3
 160 0010 1F20     		movs	r0, #31
 161 0012 00FA03F0 		lsl	r0, r0, r3
 162 0016 24EA0000 		bic	r0, r4, r0
 163 001a 1061     		str	r0, [r2, #16]
 164 001c 1069     		ldr	r0, [r2, #16]
 165 001e 01F01F01 		and	r1, r1, #31
 166 0022 01FA03F3 		lsl	r3, r1, r3
 167 0026 0343     		orrs	r3, r3, r0
 168 0028 1361     		str	r3, [r2, #16]
 169 002a 10BD     		pop	{r4, pc}
 170              	.L11:
 171 002c 1A1F     		subs	r2, r3, #4
 172 002e D2B2     		uxtb	r2, r2
 173 0030 032A     		cmp	r2, #3
 174 0032 11D8     		bhi	.L13
 175 0034 4368     		ldr	r3, [r0, #4]
 176 0036 D000     		lsls	r0, r2, #3
 177 0038 5C69     		ldr	r4, [r3, #20]
 178 003a C21C     		adds	r2, r0, #3
 179 003c 1F20     		movs	r0, #31
 180 003e 00FA02F0 		lsl	r0, r0, r2
 181 0042 24EA0000 		bic	r0, r4, r0
 182 0046 5861     		str	r0, [r3, #20]
 183 0048 5869     		ldr	r0, [r3, #20]
 184 004a 01F01F01 		and	r1, r1, #31
 185 004e 01FA02F2 		lsl	r2, r1, r2
 186 0052 0243     		orrs	r2, r2, r0
 187 0054 5A61     		str	r2, [r3, #20]
 188 0056 10BD     		pop	{r4, pc}
 189              	.L13:
 190 0058 A3F10802 		sub	r2, r3, #8
 191 005c D2B2     		uxtb	r2, r2
 192 005e 032A     		cmp	r2, #3
 193 0060 11D8     		bhi	.L14
 194 0062 4368     		ldr	r3, [r0, #4]
 195 0064 D200     		lsls	r2, r2, #3
 196 0066 9C69     		ldr	r4, [r3, #24]
 197 0068 0332     		adds	r2, r2, #3
 198 006a 1F20     		movs	r0, #31
 199 006c 00FA02F0 		lsl	r0, r0, r2
 200 0070 24EA0000 		bic	r0, r4, r0
 201 0074 9861     		str	r0, [r3, #24]
 202 0076 9869     		ldr	r0, [r3, #24]
 203 0078 01F01F01 		and	r1, r1, #31
 204 007c 01FA02F2 		lsl	r2, r1, r2
 205 0080 0243     		orrs	r2, r2, r0
 206 0082 9A61     		str	r2, [r3, #24]
 207 0084 10BD     		pop	{r4, pc}
 208              	.L14:
 209 0086 0C3B     		subs	r3, r3, #12
 210 0088 DBB2     		uxtb	r3, r3
 211 008a 032B     		cmp	r3, #3
 212 008c 10D8     		bhi	.L10
 213 008e 4268     		ldr	r2, [r0, #4]
 214 0090 D800     		lsls	r0, r3, #3
 215 0092 D469     		ldr	r4, [r2, #28]
 216 0094 C31C     		adds	r3, r0, #3
 217 0096 1F20     		movs	r0, #31
 218 0098 00FA03F0 		lsl	r0, r0, r3
 219 009c 24EA0000 		bic	r0, r4, r0
 220 00a0 D061     		str	r0, [r2, #28]
 221 00a2 D069     		ldr	r0, [r2, #28]
 222 00a4 01F01F01 		and	r1, r1, #31
 223 00a8 01FA03F3 		lsl	r3, r1, r3
 224 00ac 0343     		orrs	r3, r3, r0
 225 00ae D361     		str	r3, [r2, #28]
 226              	.L10:
 227 00b0 10BD     		pop	{r4, pc}
 229              		.ident	"GCC: (GNU Tools for ARM Embedded Processors) 4.7.4 20130913 (release) [ARM/embedded-4_7-br
DEFINED SYMBOLS
                            *ABS*:00000000 IO004.c
C:\Users\LIUDAN~1\AppData\Local\Temp\ccOaSf3a.s:17     .text.IO004_Init:00000000 $t
C:\Users\LIUDAN~1\AppData\Local\Temp\ccOaSf3a.s:22     .text.IO004_Init:00000000 IO004_Init
C:\Users\LIUDAN~1\AppData\Local\Temp\ccOaSf3a.s:54     .text.IO004_Init:0000003c $d
C:\Users\LIUDAN~1\AppData\Local\Temp\ccOaSf3a.s:58     .text.IO004_DisableOutputDriver:00000000 $t
C:\Users\LIUDAN~1\AppData\Local\Temp\ccOaSf3a.s:63     .text.IO004_DisableOutputDriver:00000000 IO004_DisableOutputDriver
C:\Users\LIUDAN~1\AppData\Local\Temp\ccOaSf3a.s:144    .text.IO004_EnableOutputDriver:00000000 $t
C:\Users\LIUDAN~1\AppData\Local\Temp\ccOaSf3a.s:149    .text.IO004_EnableOutputDriver:00000000 IO004_EnableOutputDriver

UNDEFINED SYMBOLS
IO004_Handle0
IO004_Handle1
