   1              		.syntax unified
   2              		.cpu cortex-m4
   3              		.eabi_attribute 27, 3
   4              		.fpu fpv4-sp-d16
   5              		.eabi_attribute 20, 1
   6              		.eabi_attribute 21, 1
   7              		.eabi_attribute 23, 3
   8              		.eabi_attribute 24, 1
   9              		.eabi_attribute 25, 1
  10              		.eabi_attribute 26, 1
  11              		.eabi_attribute 30, 6
  12              		.eabi_attribute 34, 1
  13              		.eabi_attribute 18, 4
  14              		.thumb
  15              		.file	"MULTIPLEXER.c"
  16              		.text
  17              	.Ltext0:
  18              		.cfi_sections	.debug_frame
  19              		.section	.text.DAVE_MUX_Init,"ax",%progbits
  20              		.align	2
  21              		.global	DAVE_MUX_Init
  22              		.thumb
  23              		.thumb_func
  25              	DAVE_MUX_Init:
  26              	.LFB113:
  27              		.file 1 "../Dave/Generated/src/DAVESupport/MULTIPLEXER.c"
   1:../Dave/Generated/src/DAVESupport/MULTIPLEXER.c **** /*******************************************************************************
   2:../Dave/Generated/src/DAVESupport/MULTIPLEXER.c **** **  DAVE App Name : DAVESupport       App Version: 1.0.44               
   3:../Dave/Generated/src/DAVESupport/MULTIPLEXER.c **** **  This file is generated by DAVE, User modification to this file will be    **
   4:../Dave/Generated/src/DAVESupport/MULTIPLEXER.c **** **  overwritten at the next code generation.                                  **
   5:../Dave/Generated/src/DAVESupport/MULTIPLEXER.c **** *******************************************************************************/
   6:../Dave/Generated/src/DAVESupport/MULTIPLEXER.c **** 
   7:../Dave/Generated/src/DAVESupport/MULTIPLEXER.c **** 
   8:../Dave/Generated/src/DAVESupport/MULTIPLEXER.c **** /*******************************************************************************
   9:../Dave/Generated/src/DAVESupport/MULTIPLEXER.c ****  Copyright (c) 2014, Infineon Technologies AG                                 **
  10:../Dave/Generated/src/DAVESupport/MULTIPLEXER.c ****  All rights reserved.                                                         **
  11:../Dave/Generated/src/DAVESupport/MULTIPLEXER.c ****                                                                               **
  12:../Dave/Generated/src/DAVESupport/MULTIPLEXER.c ****  Redistribution and use in source and binary forms, with or without           **
  13:../Dave/Generated/src/DAVESupport/MULTIPLEXER.c ****  modification,are permitted provided that the following conditions are met:   **
  14:../Dave/Generated/src/DAVESupport/MULTIPLEXER.c ****                                                                               **
  15:../Dave/Generated/src/DAVESupport/MULTIPLEXER.c ****  *Redistributions of source code must retain the above copyright notice,      **
  16:../Dave/Generated/src/DAVESupport/MULTIPLEXER.c ****  this list of conditions and the following disclaimer.                        **
  17:../Dave/Generated/src/DAVESupport/MULTIPLEXER.c ****  *Redistributions in binary form must reproduce the above copyright notice,   **
  18:../Dave/Generated/src/DAVESupport/MULTIPLEXER.c ****  this list of conditions and the following disclaimer in the documentation    **
  19:../Dave/Generated/src/DAVESupport/MULTIPLEXER.c ****  and/or other materials provided with the distribution.                       **
  20:../Dave/Generated/src/DAVESupport/MULTIPLEXER.c ****  *Neither the name of the copyright holders nor the names of its contributors **
  21:../Dave/Generated/src/DAVESupport/MULTIPLEXER.c ****  may be used to endorse or promote products derived from this software without**
  22:../Dave/Generated/src/DAVESupport/MULTIPLEXER.c ****  specific prior written permission.                                           **
  23:../Dave/Generated/src/DAVESupport/MULTIPLEXER.c ****                                                                               **
  24:../Dave/Generated/src/DAVESupport/MULTIPLEXER.c ****  THIS SOFTWARE IS PROVIDED BY THE COPYRIGHT HOLDERS AND CONTRIBUTORS "AS IS"  **
  25:../Dave/Generated/src/DAVESupport/MULTIPLEXER.c ****  AND ANY EXPRESS OR IMPLIED WARRANTIES, INCLUDING, BUT NOT LIMITED TO, THE    **
  26:../Dave/Generated/src/DAVESupport/MULTIPLEXER.c ****  IMPLIED WARRANTIES OF MERCHANTABILITY AND FITNESS FOR A PARTICULAR PURPOSE   **
  27:../Dave/Generated/src/DAVESupport/MULTIPLEXER.c ****  ARE  DISCLAIMED. IN NO EVENT SHALL THE COPYRIGHT HOLDER OR CONTRIBUTORS BE   **
  28:../Dave/Generated/src/DAVESupport/MULTIPLEXER.c ****  LIABLE  FOR ANY DIRECT, INDIRECT, INCIDENTAL, SPECIAL, EXEMPLARY, OR         **
  29:../Dave/Generated/src/DAVESupport/MULTIPLEXER.c ****  CONSEQUENTIAL DAMAGES (INCLUDING, BUT NOT LIMITED TO, PROCUREMENT OF         **
  30:../Dave/Generated/src/DAVESupport/MULTIPLEXER.c ****  SUBSTITUTE GOODS OR  SERVICES; LOSS OF USE, DATA, OR PROFITS; OR BUSINESS    **
  31:../Dave/Generated/src/DAVESupport/MULTIPLEXER.c ****  INTERRUPTION) HOWEVER CAUSED AND ON ANY THEORY OF LIABILITY, WHETHER IN      **
  32:../Dave/Generated/src/DAVESupport/MULTIPLEXER.c ****  CONTRACT, STRICT LIABILITY,OR TORT (INCLUDING NEGLIGENCE OR OTHERWISE)       **
  33:../Dave/Generated/src/DAVESupport/MULTIPLEXER.c ****  ARISING IN ANY WAY OUT OF THE USE OF THIS SOFTWARE, EVEN IF ADVISED OF THE   **
  34:../Dave/Generated/src/DAVESupport/MULTIPLEXER.c ****  POSSIBILITY OF SUCH DAMAGE.                                                  **
  35:../Dave/Generated/src/DAVESupport/MULTIPLEXER.c ****                                                                               **
  36:../Dave/Generated/src/DAVESupport/MULTIPLEXER.c ****  To improve the quality of the software, users are encouraged to share        **
  37:../Dave/Generated/src/DAVESupport/MULTIPLEXER.c ****  modifications, enhancements or bug fixes with Infineon Technologies AG       **
  38:../Dave/Generated/src/DAVESupport/MULTIPLEXER.c ****  dave@infineon.com).                                                          **
  39:../Dave/Generated/src/DAVESupport/MULTIPLEXER.c ****                                                                               **
  40:../Dave/Generated/src/DAVESupport/MULTIPLEXER.c **** ********************************************************************************
  41:../Dave/Generated/src/DAVESupport/MULTIPLEXER.c **** **                                                                            **
  42:../Dave/Generated/src/DAVESupport/MULTIPLEXER.c **** **                                                                            **
  43:../Dave/Generated/src/DAVESupport/MULTIPLEXER.c **** ** PLATFORM : Infineon <Microcontroller name, step>                           **
  44:../Dave/Generated/src/DAVESupport/MULTIPLEXER.c **** **                                                                            **
  45:../Dave/Generated/src/DAVESupport/MULTIPLEXER.c **** ** COMPILER : Compiler Independent                                            **
  46:../Dave/Generated/src/DAVESupport/MULTIPLEXER.c **** **                                                                            **
  47:../Dave/Generated/src/DAVESupport/MULTIPLEXER.c **** ** MODIFICATION DATE : April 23, 2014                                     **
  48:../Dave/Generated/src/DAVESupport/MULTIPLEXER.c **** **                                                                            **
  49:../Dave/Generated/src/DAVESupport/MULTIPLEXER.c **** *******************************************************************************/
  50:../Dave/Generated/src/DAVESupport/MULTIPLEXER.c **** /**
  51:../Dave/Generated/src/DAVESupport/MULTIPLEXER.c ****  * @file  MULTIPLEXER.c
  52:../Dave/Generated/src/DAVESupport/MULTIPLEXER.c ****  *
  53:../Dave/Generated/src/DAVESupport/MULTIPLEXER.c ****  * @brief This file contains implementation of DAVE Support function which 
  54:../Dave/Generated/src/DAVESupport/MULTIPLEXER.c ****  * uses to configure multiplexer register values.
  55:../Dave/Generated/src/DAVESupport/MULTIPLEXER.c ****  * 24 July 2013 v1.0.34 Initial Version
  56:../Dave/Generated/src/DAVESupport/MULTIPLEXER.c ****  * 06 sep 2013 v1.0.36  UART001 : Mux : One instruction for output pins 
  57:../Dave/Generated/src/DAVESupport/MULTIPLEXER.c ****  *                      initialisation.
  58:../Dave/Generated/src/DAVESupport/MULTIPLEXER.c ****  *                      CAN001 & CAN002 : Avoid twice reset of the INIT bit in 
  59:../Dave/Generated/src/DAVESupport/MULTIPLEXER.c ****  *                      Can001_lNodeInit & DAVE_MUX_Init.
  60:../Dave/Generated/src/DAVESupport/MULTIPLEXER.c ****  *                      WR_REGHIB Macro definition has been changed.
  61:../Dave/Generated/src/DAVESupport/MULTIPLEXER.c ****  * 23 April 2014 v1.0.44 HRPWM MUX configuration supported.                      
  62:../Dave/Generated/src/DAVESupport/MULTIPLEXER.c ****  *                      
  63:../Dave/Generated/src/DAVESupport/MULTIPLEXER.c ****  */
  64:../Dave/Generated/src/DAVESupport/MULTIPLEXER.c **** 
  65:../Dave/Generated/src/DAVESupport/MULTIPLEXER.c **** /*******************************************************************************
  66:../Dave/Generated/src/DAVESupport/MULTIPLEXER.c **** **                      Include Files                                         **
  67:../Dave/Generated/src/DAVESupport/MULTIPLEXER.c **** *******************************************************************************/
  68:../Dave/Generated/src/DAVESupport/MULTIPLEXER.c **** #include "../../inc/DAVESupport/DAVE3.h"
  69:../Dave/Generated/src/DAVESupport/MULTIPLEXER.c **** 
  70:../Dave/Generated/src/DAVESupport/MULTIPLEXER.c **** /*******************************************************************************
  71:../Dave/Generated/src/DAVESupport/MULTIPLEXER.c **** **                 Function declarations                                     **
  72:../Dave/Generated/src/DAVESupport/MULTIPLEXER.c **** *******************************************************************************/
  73:../Dave/Generated/src/DAVESupport/MULTIPLEXER.c **** /*******************************************************************************
  74:../Dave/Generated/src/DAVESupport/MULTIPLEXER.c **** ** Syntax           : void DAVE_MUX_Init(void)                                **
  75:../Dave/Generated/src/DAVESupport/MULTIPLEXER.c **** **                                                                            **
  76:../Dave/Generated/src/DAVESupport/MULTIPLEXER.c **** ** Reentrancy       : None                                                    **
  77:../Dave/Generated/src/DAVESupport/MULTIPLEXER.c **** **                                                                            **
  78:../Dave/Generated/src/DAVESupport/MULTIPLEXER.c **** ** Parameters (in)  : void                                                    **
  79:../Dave/Generated/src/DAVESupport/MULTIPLEXER.c **** **                                                                            **
  80:../Dave/Generated/src/DAVESupport/MULTIPLEXER.c **** ** Parameters (out) : none                                                    **
  81:../Dave/Generated/src/DAVESupport/MULTIPLEXER.c **** **                                                                            **
  82:../Dave/Generated/src/DAVESupport/MULTIPLEXER.c **** ** Return value     : none                                                    **
  83:../Dave/Generated/src/DAVESupport/MULTIPLEXER.c **** **                                                                            **
  84:../Dave/Generated/src/DAVESupport/MULTIPLEXER.c **** ** Description      : This is the Mux configuration                           **
  85:../Dave/Generated/src/DAVESupport/MULTIPLEXER.c **** **                                                                            **
  86:../Dave/Generated/src/DAVESupport/MULTIPLEXER.c **** *******************************************************************************/
  87:../Dave/Generated/src/DAVESupport/MULTIPLEXER.c ****            
  88:../Dave/Generated/src/DAVESupport/MULTIPLEXER.c **** void DAVE_MUX_Init(void)
  89:../Dave/Generated/src/DAVESupport/MULTIPLEXER.c **** {  
  28              		.loc 1 89 0
  29              		.cfi_startproc
  30              		@ args = 0, pretend = 0, frame = 24
  31              		@ frame_needed = 1, uses_anonymous_args = 0
  32              		@ link register save eliminated.
  33 0000 80B4     		push	{r7}
  34              	.LCFI0:
  35              		.cfi_def_cfa_offset 4
  36              		.cfi_offset 7, -4
  37 0002 87B0     		sub	sp, sp, #28
  38              	.LCFI1:
  39              		.cfi_def_cfa_offset 32
  40 0004 00AF     		add	r7, sp, #0
  41              	.LCFI2:
  42              		.cfi_def_cfa_register 7
  90:../Dave/Generated/src/DAVESupport/MULTIPLEXER.c ****    	 
  91:../Dave/Generated/src/DAVESupport/MULTIPLEXER.c ****             	         
  92:../Dave/Generated/src/DAVESupport/MULTIPLEXER.c ****                                      
  93:../Dave/Generated/src/DAVESupport/MULTIPLEXER.c ****        /*        SCU Macro definitions     */                        
  94:../Dave/Generated/src/DAVESupport/MULTIPLEXER.c ****    	 
  95:../Dave/Generated/src/DAVESupport/MULTIPLEXER.c ****       
  96:../Dave/Generated/src/DAVESupport/MULTIPLEXER.c **** //********* MODULE USIC CONFIGURATIONS *************************	        
  97:../Dave/Generated/src/DAVESupport/MULTIPLEXER.c ****         
  98:../Dave/Generated/src/DAVESupport/MULTIPLEXER.c ****            
  99:../Dave/Generated/src/DAVESupport/MULTIPLEXER.c ****    /* Disable mode before configuring all USIC registers to avoid unintended edges */   
 100:../Dave/Generated/src/DAVESupport/MULTIPLEXER.c ****       /* Variable to store the CCR_MODE values for various USIC channels */ 
 101:../Dave/Generated/src/DAVESupport/MULTIPLEXER.c ****       uint32_t UsicCcrMode[6] = {0};
  43              		.loc 1 101 0
  44 0006 3B46     		mov	r3, r7
  45 0008 4FF00002 		mov	r2, #0
  46 000c 1A60     		str	r2, [r3, #0]
  47 000e 03F10403 		add	r3, r3, #4
  48 0012 4FF00002 		mov	r2, #0
  49 0016 1A60     		str	r2, [r3, #0]
  50 0018 03F10403 		add	r3, r3, #4
  51 001c 4FF00002 		mov	r2, #0
  52 0020 1A60     		str	r2, [r3, #0]
  53 0022 03F10403 		add	r3, r3, #4
  54 0026 4FF00002 		mov	r2, #0
  55 002a 1A60     		str	r2, [r3, #0]
  56 002c 03F10403 		add	r3, r3, #4
  57 0030 4FF00002 		mov	r2, #0
  58 0034 1A60     		str	r2, [r3, #0]
  59 0036 03F10403 		add	r3, r3, #4
  60 003a 4FF00002 		mov	r2, #0
  61 003e 1A60     		str	r2, [r3, #0]
  62 0040 03F10403 		add	r3, r3, #4
 102:../Dave/Generated/src/DAVESupport/MULTIPLEXER.c ****            
 103:../Dave/Generated/src/DAVESupport/MULTIPLEXER.c ****     UsicCcrMode[0] |= (uint32_t) RD_REG(USIC0_CH0->CCR, USIC_CH_CCR_MODE_Msk, USIC_CH_CCR_MODE_Pos)
  63              		.loc 1 103 0
  64 0044 3A68     		ldr	r2, [r7, #0]
  65 0046 4FF00003 		mov	r3, #0
  66 004a C4F20303 		movt	r3, 16387
  67 004e 1B6C     		ldr	r3, [r3, #64]
  68 0050 03F00F03 		and	r3, r3, #15
  69 0054 1343     		orrs	r3, r3, r2
  70 0056 3B60     		str	r3, [r7, #0]
 104:../Dave/Generated/src/DAVESupport/MULTIPLEXER.c ****     WR_REG(USIC0_CH0->CCR, USIC_CH_CCR_MODE_Msk, USIC_CH_CCR_MODE_Pos,0);  
  71              		.loc 1 104 0
  72 0058 4FF00003 		mov	r3, #0
  73 005c C4F20303 		movt	r3, 16387
  74 0060 4FF00002 		mov	r2, #0
  75 0064 C4F20302 		movt	r2, 16387
  76 0068 126C     		ldr	r2, [r2, #64]
  77 006a 22F00F02 		bic	r2, r2, #15
  78 006e 1A64     		str	r2, [r3, #64]
 105:../Dave/Generated/src/DAVESupport/MULTIPLEXER.c ****                         
 106:../Dave/Generated/src/DAVESupport/MULTIPLEXER.c ****       
 107:../Dave/Generated/src/DAVESupport/MULTIPLEXER.c ****     						
 108:../Dave/Generated/src/DAVESupport/MULTIPLEXER.c ****    /*USIC 0 Channel 0 Mux Related SFR/Bitfields Configurations*/ 						         
 109:../Dave/Generated/src/DAVESupport/MULTIPLEXER.c ****  WR_REG(USIC0_CH0->DX0CR, USIC_CH_DX0CR_DSEL_Msk, USIC_CH_DX0CR_DSEL_Pos,3); 
  79              		.loc 1 109 0
  80 0070 4FF00003 		mov	r3, #0
  81 0074 C4F20303 		movt	r3, 16387
  82 0078 4FF00002 		mov	r2, #0
  83 007c C4F20302 		movt	r2, 16387
  84 0080 D269     		ldr	r2, [r2, #28]
  85 0082 22F00702 		bic	r2, r2, #7
  86 0086 42F00302 		orr	r2, r2, #3
  87 008a DA61     		str	r2, [r3, #28]
 110:../Dave/Generated/src/DAVESupport/MULTIPLEXER.c ****   			  					 				 				 		       				              				  					    					 					   				  					 				 			
 111:../Dave/Generated/src/DAVESupport/MULTIPLEXER.c ****  //Standard transmit buffer event is enabled.                 
 112:../Dave/Generated/src/DAVESupport/MULTIPLEXER.c ****  WR_REG(USIC0_CH0->TBCTR, USIC_CH_TBCTR_STBIEN_Msk, USIC_CH_TBCTR_STBIEN_Pos,1);
  88              		.loc 1 112 0
  89 008c 4FF00003 		mov	r3, #0
  90 0090 C4F20303 		movt	r3, 16387
  91 0094 4FF00002 		mov	r2, #0
  92 0098 C4F20302 		movt	r2, 16387
  93 009c D2F80821 		ldr	r2, [r2, #264]
  94 00a0 42F08042 		orr	r2, r2, #1073741824
  95 00a4 C3F80821 		str	r2, [r3, #264]
 113:../Dave/Generated/src/DAVESupport/MULTIPLEXER.c ****     				  					    
 114:../Dave/Generated/src/DAVESupport/MULTIPLEXER.c ****  //Standard receive buffer event is enabled.                 
 115:../Dave/Generated/src/DAVESupport/MULTIPLEXER.c ****  WR_REG(USIC0_CH0->RBCTR, USIC_CH_RBCTR_SRBIEN_Msk, USIC_CH_RBCTR_SRBIEN_Pos,1);  
  96              		.loc 1 115 0
  97 00a8 4FF00003 		mov	r3, #0
  98 00ac C4F20303 		movt	r3, 16387
  99 00b0 4FF00002 		mov	r2, #0
 100 00b4 C4F20302 		movt	r2, 16387
 101 00b8 D2F80C21 		ldr	r2, [r2, #268]
 102 00bc 42F08042 		orr	r2, r2, #1073741824
 103 00c0 C3F80C21 		str	r2, [r3, #268]
 116:../Dave/Generated/src/DAVESupport/MULTIPLEXER.c ****  					 									 					 					  									      					                
 117:../Dave/Generated/src/DAVESupport/MULTIPLEXER.c ****  //Interrupt node 5 is selected for Standard transmit buffer event                
 118:../Dave/Generated/src/DAVESupport/MULTIPLEXER.c ****  WR_REG(USIC0_CH0->TBCTR, USIC_CH_TBCTR_STBINP_Msk, USIC_CH_TBCTR_STBINP_Pos,5);
 104              		.loc 1 118 0
 105 00c4 4FF00003 		mov	r3, #0
 106 00c8 C4F20303 		movt	r3, 16387
 107 00cc 4FF00002 		mov	r2, #0
 108 00d0 C4F20302 		movt	r2, 16387
 109 00d4 D2F80821 		ldr	r2, [r2, #264]
 110 00d8 22F4E022 		bic	r2, r2, #458752
 111 00dc 42F4A022 		orr	r2, r2, #327680
 112 00e0 C3F80821 		str	r2, [r3, #264]
 119:../Dave/Generated/src/DAVESupport/MULTIPLEXER.c ****     					  						       
 120:../Dave/Generated/src/DAVESupport/MULTIPLEXER.c ****  //Interrupt node 3 is selected for Standard receive buffer event                 
 121:../Dave/Generated/src/DAVESupport/MULTIPLEXER.c ****  WR_REG(USIC0_CH0->RBCTR, USIC_CH_RBCTR_SRBINP_Msk, USIC_CH_RBCTR_SRBINP_Pos,3);  
 113              		.loc 1 121 0
 114 00e4 4FF00003 		mov	r3, #0
 115 00e8 C4F20303 		movt	r3, 16387
 116 00ec 4FF00002 		mov	r2, #0
 117 00f0 C4F20302 		movt	r2, 16387
 118 00f4 D2F80C21 		ldr	r2, [r2, #268]
 119 00f8 22F4E022 		bic	r2, r2, #458752
 120 00fc 42F44032 		orr	r2, r2, #196608
 121 0100 C3F80C21 		str	r2, [r3, #268]
 122:../Dave/Generated/src/DAVESupport/MULTIPLEXER.c ****  					      
 123:../Dave/Generated/src/DAVESupport/MULTIPLEXER.c ****           
 124:../Dave/Generated/src/DAVESupport/MULTIPLEXER.c ****    // Data Pointer & Buffer Size for Transmitter Buffer Control  
 125:../Dave/Generated/src/DAVESupport/MULTIPLEXER.c ****  WR_REG(USIC0_CH0->TBCTR, USIC_CH_TBCTR_DPTRSIZE_Msk, USIC_CH_TBCTR_DPTRSIZE_Pos,0x04000000);		/*  
 122              		.loc 1 125 0
 123 0104 4FF00003 		mov	r3, #0
 124 0108 C4F20303 		movt	r3, 16387
 125 010c 4FF00002 		mov	r2, #0
 126 0110 C4F20302 		movt	r2, 16387
 127 0114 D2F80821 		ldr	r2, [r2, #264]
 128 0118 22F0E062 		bic	r2, r2, #117440512
 129 011c 22F03F02 		bic	r2, r2, #63
 130 0120 42F08062 		orr	r2, r2, #67108864
 131 0124 C3F80821 		str	r2, [r3, #264]
 126:../Dave/Generated/src/DAVESupport/MULTIPLEXER.c ****            
 127:../Dave/Generated/src/DAVESupport/MULTIPLEXER.c ****   // Data Pointer & Buffer Size for Receiver Buffer Control  
 128:../Dave/Generated/src/DAVESupport/MULTIPLEXER.c ****  WR_REG(USIC0_CH0->RBCTR, USIC_CH_RBCTR_DPTRSIZE_Msk, USIC_CH_RBCTR_DPTRSIZE_Pos,0x01000010);		/*  
 132              		.loc 1 128 0
 133 0128 4FF00003 		mov	r3, #0
 134 012c C4F20303 		movt	r3, 16387
 135 0130 4FF00002 		mov	r2, #0
 136 0134 C4F20302 		movt	r2, 16387
 137 0138 D2F80C21 		ldr	r2, [r2, #268]
 138 013c 22F0E062 		bic	r2, r2, #117440512
 139 0140 22F03F02 		bic	r2, r2, #63
 140 0144 42F08072 		orr	r2, r2, #16777216
 141 0148 42F01002 		orr	r2, r2, #16
 142 014c C3F80C21 		str	r2, [r3, #268]
 129:../Dave/Generated/src/DAVESupport/MULTIPLEXER.c ****  						
 130:../Dave/Generated/src/DAVESupport/MULTIPLEXER.c ****    /*USIC 0 Channel 1 Mux Related SFR/Bitfields Configurations*/ 									  					 				 				 		     
 131:../Dave/Generated/src/DAVESupport/MULTIPLEXER.c ****          						
 132:../Dave/Generated/src/DAVESupport/MULTIPLEXER.c ****    /*USIC 1 Channel 0 Mux Related SFR/Bitfields Configurations*/ 									  					 				 				 		     
 133:../Dave/Generated/src/DAVESupport/MULTIPLEXER.c ****        						
 134:../Dave/Generated/src/DAVESupport/MULTIPLEXER.c ****    /*USIC 1 Channel 1 Mux Related SFR/Bitfields Configurations*/ 									  					 				 				 		     
 135:../Dave/Generated/src/DAVESupport/MULTIPLEXER.c ****          						
 136:../Dave/Generated/src/DAVESupport/MULTIPLEXER.c ****    /*USIC 2 Channel 0 Mux Related SFR/Bitfields Configurations*/ 									  					 				 				 		     
 137:../Dave/Generated/src/DAVESupport/MULTIPLEXER.c ****        						
 138:../Dave/Generated/src/DAVESupport/MULTIPLEXER.c ****    /*USIC 2 Channel 1 Mux Related SFR/Bitfields Configurations*/ 									  					 				 				 		     
 139:../Dave/Generated/src/DAVESupport/MULTIPLEXER.c ****          
 140:../Dave/Generated/src/DAVESupport/MULTIPLEXER.c ****   
 141:../Dave/Generated/src/DAVESupport/MULTIPLEXER.c ****   /* Enable mode after configuring all USIC registers to avoid unintended edges */  
 142:../Dave/Generated/src/DAVESupport/MULTIPLEXER.c ****             
 143:../Dave/Generated/src/DAVESupport/MULTIPLEXER.c ****    WR_REG(USIC0_CH0->CCR, USIC_CH_CCR_MODE_Msk, USIC_CH_CCR_MODE_Pos,UsicCcrMode[0]); 
 143              		.loc 1 143 0
 144 0150 4FF00003 		mov	r3, #0
 145 0154 C4F20303 		movt	r3, 16387
 146 0158 3A68     		ldr	r2, [r7, #0]
 147 015a 02F00F01 		and	r1, r2, #15
 148 015e 4FF00002 		mov	r2, #0
 149 0162 C4F20302 		movt	r2, 16387
 150 0166 126C     		ldr	r2, [r2, #64]
 151 0168 22F00F02 		bic	r2, r2, #15
 152 016c 0A43     		orrs	r2, r2, r1
 153 016e 1A64     		str	r2, [r3, #64]
 144:../Dave/Generated/src/DAVESupport/MULTIPLEXER.c ****                    	         
 145:../Dave/Generated/src/DAVESupport/MULTIPLEXER.c ****                                               
 146:../Dave/Generated/src/DAVESupport/MULTIPLEXER.c ****    	 
 147:../Dave/Generated/src/DAVESupport/MULTIPLEXER.c ****             	         
 148:../Dave/Generated/src/DAVESupport/MULTIPLEXER.c ****                                               
 149:../Dave/Generated/src/DAVESupport/MULTIPLEXER.c ****    	 
 150:../Dave/Generated/src/DAVESupport/MULTIPLEXER.c ****             	         
 151:../Dave/Generated/src/DAVESupport/MULTIPLEXER.c ****                                           
 152:../Dave/Generated/src/DAVESupport/MULTIPLEXER.c **** 
 153:../Dave/Generated/src/DAVESupport/MULTIPLEXER.c **** /*        PORT Macro definitions for IOCR_OE, IOCR_PCR & HWSEL_HW     */                           
 154:../Dave/Generated/src/DAVESupport/MULTIPLEXER.c ****   WR_REG(PORT1->IOCR0, PORT_IOCR_PC0_OE_Msk, PORT_IOCR_PC0_OE_Pos, PORT_IOCR_OE1);                /
 154              		.loc 1 154 0
 155 0170 4FF40143 		mov	r3, #33024
 156 0174 C4F60203 		movt	r3, 18434
 157 0178 4FF40142 		mov	r2, #33024
 158 017c C4F60202 		movt	r2, 18434
 159 0180 1269     		ldr	r2, [r2, #16]
 160 0182 42F08002 		orr	r2, r2, #128
 161 0186 1A61     		str	r2, [r3, #16]
 155:../Dave/Generated/src/DAVESupport/MULTIPLEXER.c **** 					                         
 156:../Dave/Generated/src/DAVESupport/MULTIPLEXER.c ****   WR_REG(PORT1->IOCR0, PORT_IOCR_PC1_OE_Msk, PORT_IOCR_PC1_OE_Pos, PORT_IOCR_OE1);                /
 162              		.loc 1 156 0
 163 0188 4FF40143 		mov	r3, #33024
 164 018c C4F60203 		movt	r3, 18434
 165 0190 4FF40142 		mov	r2, #33024
 166 0194 C4F60202 		movt	r2, 18434
 167 0198 1269     		ldr	r2, [r2, #16]
 168 019a 42F40042 		orr	r2, r2, #32768
 169 019e 1A61     		str	r2, [r3, #16]
 157:../Dave/Generated/src/DAVESupport/MULTIPLEXER.c **** 					                         
 158:../Dave/Generated/src/DAVESupport/MULTIPLEXER.c ****   WR_REG(PORT5->IOCR0, 0xb800U, PORT_IOCR_PC1_PCR_Pos, 0x11U);                /*P5.1 : PORT5_IOCR0_
 170              		.loc 1 158 0
 171 01a0 4FF40543 		mov	r3, #34048
 172 01a4 C4F60203 		movt	r3, 18434
 173 01a8 4FF40542 		mov	r2, #34048
 174 01ac C4F60202 		movt	r2, 18434
 175 01b0 1269     		ldr	r2, [r2, #16]
 176 01b2 22F43842 		bic	r2, r2, #47104
 177 01b6 42F40842 		orr	r2, r2, #34816
 178 01ba 1A61     		str	r2, [r3, #16]
 159:../Dave/Generated/src/DAVESupport/MULTIPLEXER.c **** 					      
 160:../Dave/Generated/src/DAVESupport/MULTIPLEXER.c **** }
 179              		.loc 1 160 0
 180 01bc 07F11C07 		add	r7, r7, #28
 181 01c0 BD46     		mov	sp, r7
 182 01c2 80BC     		pop	{r7}
 183 01c4 7047     		bx	lr
 184              		.cfi_endproc
 185              	.LFE113:
 187              		.section	.text.DAVE_MUX_PreInit,"ax",%progbits
 188              		.align	2
 189              		.global	DAVE_MUX_PreInit
 190              		.thumb
 191              		.thumb_func
 193              	DAVE_MUX_PreInit:
 194              	.LFB114:
 161:../Dave/Generated/src/DAVESupport/MULTIPLEXER.c **** 
 162:../Dave/Generated/src/DAVESupport/MULTIPLEXER.c **** 
 163:../Dave/Generated/src/DAVESupport/MULTIPLEXER.c **** /*******************************************************************************
 164:../Dave/Generated/src/DAVESupport/MULTIPLEXER.c **** ** Syntax           : void DAVE_MUX_PreInit(void)                             **
 165:../Dave/Generated/src/DAVESupport/MULTIPLEXER.c **** **                                                                            **
 166:../Dave/Generated/src/DAVESupport/MULTIPLEXER.c **** ** Reentrancy       : None                                                    **
 167:../Dave/Generated/src/DAVESupport/MULTIPLEXER.c **** **                                                                            **
 168:../Dave/Generated/src/DAVESupport/MULTIPLEXER.c **** ** Parameters (in)  : void                                                    **
 169:../Dave/Generated/src/DAVESupport/MULTIPLEXER.c **** **                                                                            **
 170:../Dave/Generated/src/DAVESupport/MULTIPLEXER.c **** ** Parameters (out) : none                                                    **
 171:../Dave/Generated/src/DAVESupport/MULTIPLEXER.c **** **                                                                            **
 172:../Dave/Generated/src/DAVESupport/MULTIPLEXER.c **** ** Return value     : none                                                    **
 173:../Dave/Generated/src/DAVESupport/MULTIPLEXER.c **** **                                                                            **
 174:../Dave/Generated/src/DAVESupport/MULTIPLEXER.c **** ** Description      : This is the Mux configuration                           **
 175:../Dave/Generated/src/DAVESupport/MULTIPLEXER.c **** **                                                                            **
 176:../Dave/Generated/src/DAVESupport/MULTIPLEXER.c **** *******************************************************************************/
 177:../Dave/Generated/src/DAVESupport/MULTIPLEXER.c ****  
 178:../Dave/Generated/src/DAVESupport/MULTIPLEXER.c **** void DAVE_MUX_PreInit(void)
 179:../Dave/Generated/src/DAVESupport/MULTIPLEXER.c **** {            
 195              		.loc 1 179 0
 196              		.cfi_startproc
 197              		@ args = 0, pretend = 0, frame = 0
 198              		@ frame_needed = 1, uses_anonymous_args = 0
 199              		@ link register save eliminated.
 200 0000 80B4     		push	{r7}
 201              	.LCFI3:
 202              		.cfi_def_cfa_offset 4
 203              		.cfi_offset 7, -4
 204 0002 00AF     		add	r7, sp, #0
 205              	.LCFI4:
 206              		.cfi_def_cfa_register 7
 180:../Dave/Generated/src/DAVESupport/MULTIPLEXER.c **** 
 181:../Dave/Generated/src/DAVESupport/MULTIPLEXER.c **** /*        PORT Macro definitions for IOCR_OE, IOCR_PCR & HWSEL_HW     */                   
 182:../Dave/Generated/src/DAVESupport/MULTIPLEXER.c **** }
 207              		.loc 1 182 0
 208 0004 BD46     		mov	sp, r7
 209 0006 80BC     		pop	{r7}
 210 0008 7047     		bx	lr
 211              		.cfi_endproc
 212              	.LFE114:
 214 000a 00BF     		.text
 215              	.Letext0:
 216              		.file 2 "c:\\dave-3.1.10\\arm-gcc\\bin\\../lib/gcc/arm-none-eabi/4.7.4/../../../../arm-none-eabi/i
 217              		.file 3 "C:\\DAVE-3.1.10\\eclipse\\/../CMSIS/Infineon/XMC4500_series/Include/XMC4500.h"
 218              		.file 4 "C:\\DAVE-3.1.10\\eclipse\\/../CMSIS/Include/core_cm4.h"
DEFINED SYMBOLS
                            *ABS*:00000000 MULTIPLEXER.c
C:\Users\LIUDAN~1\AppData\Local\Temp\ccXgOYse.s:20     .text.DAVE_MUX_Init:00000000 $t
C:\Users\LIUDAN~1\AppData\Local\Temp\ccXgOYse.s:25     .text.DAVE_MUX_Init:00000000 DAVE_MUX_Init
C:\Users\LIUDAN~1\AppData\Local\Temp\ccXgOYse.s:188    .text.DAVE_MUX_PreInit:00000000 $t
C:\Users\LIUDAN~1\AppData\Local\Temp\ccXgOYse.s:193    .text.DAVE_MUX_PreInit:00000000 DAVE_MUX_PreInit
                     .debug_frame:00000010 $d
                           .group:00000000 wm4.1.35166846b5321d4273ad8c4248893ac3
                           .group:00000000 wm4.XMC4500.h.45.215f4b8c79f46c7645c15373868d08c0
                           .group:00000000 wm4.core_cm4.h.47.41af406cb4cda82c972f112a9cd0a024
                           .group:00000000 wm4.newlib.h.8.a9901dc52d1357e3e94003403d43f8b5
                           .group:00000000 wm4.features.h.22.b72b3baab2bb2eab3661375590100b6b
                           .group:00000000 wm4.config.h.193.5fb8ef056cdff92dec3dee9552839d8c
                           .group:00000000 wm4._ansi.h.23.7aefdac4826acebbfc9f3822a0aeb14c
                           .group:00000000 wm4.stdint.h.20.54ad762faa59e3c05491630641c8d8bf
                           .group:00000000 wm4.core_cmInstr.h.39.3d3d1b4a79aef37532666dc6ee87c6ac
                           .group:00000000 wm4.core_cm4_simd.h.43.b5d1d38735af6366227b4256d330cf13
                           .group:00000000 wm4.core_cm4.h.178.e5ef5ce66d198d7f00f9d0076e267c41
                           .group:00000000 wm4.system_XMC4500.h.29.827f68baa362c84f2abae4ab67dde7c9
                           .group:00000000 wm4.XMC4500.h.198.8e022f279ff353ed081df898dc7b9cf3
                           .group:00000000 wm4.stddef.h.40.50cf36416e06376af8a9dca28536f2e4
                           .group:00000000 wm4.types.h.60.e75c47576398c648cdcf9000ace5e3d8
                           .group:00000000 wm4.MULTIPLEXER.h.46.4a863fbae1c79f0db26da3ce2dc30d02
                           .group:00000000 wm4.CCU8PWMLIB.h.74.725ec81203769525cc7a424597055f47
                           .group:00000000 wm4.MOTORLIB.h.62.951091d95913dd2ff36d761323a1771d
                           .group:00000000 wm4.DBG001.h.116.d6d9e7459a0faa3905c97c1d2edb339d
                           .group:00000000 wm4.IO004.h.53.442ea5eb47ad9eedc675253aa35f3107
                           .group:00000000 wm4.uc_id.h.35.fa57ecd9f559d2767f56c96da2848c12
                           .group:00000000 wm4.CLK001_Const.h.50.e5e9c2ddc89f4cc9e7b93e9648fa94e4
                           .group:00000000 wm4.CLK001_Conf.h.81.82a8db895dc146da001475dd68223522
                           .group:00000000 wm4.cmsis_os.h.131.c9c34dc8297264a3e18c36fd1cd4383c
                           .group:00000000 wm4.cmsis_os.h.185.c5bf6edc2212781bbc023e70c59eddda
                           .group:00000000 wm4.Usic.h.48.5c09b8c075b78085611ba7fbb22692b0
                           .group:00000000 wm4._default_types.h.6.5e12cd604db8ce00b62bb2f02708eaf3
                           .group:00000000 wm4.lock.h.2.9bc98482741e5e2a9450b12934a684ea
                           .group:00000000 wm4.stddef.h.161.c6104a0666cf681b6269ddc9b4f516d4
                           .group:00000000 wm4.types.h.2.e9cec8c90ab35f77d9f499e06ae02400
                           .group:00000000 wm4.types.h.80.1f2c84c0d57dd52dd9936095d9ac218e
                           .group:00000000 wm4.time.h.16.a4579e68956d2601c6113814b546764b
                           .group:00000000 wm4.UART002_Conf.h.48.f8d89f32e5e28a00d4d33ef4b2ab1984

NO UNDEFINED SYMBOLS
