   1              		.syntax unified
   2              		.cpu cortex-m4
   3              		.eabi_attribute 27, 3
   4              		.fpu fpv4-sp-d16
   5              		.eabi_attribute 20, 1
   6              		.eabi_attribute 21, 1
   7              		.eabi_attribute 23, 3
   8              		.eabi_attribute 24, 1
   9              		.eabi_attribute 25, 1
  10              		.eabi_attribute 26, 1
  11              		.eabi_attribute 30, 4
  12              		.eabi_attribute 34, 1
  13              		.eabi_attribute 18, 4
  14              		.thumb
  15              		.file	"HAL_CM.c"
  16              		.section	.text.rt_init_stack,"ax",%progbits
  17              		.align	1
  18              		.global	rt_init_stack
  19              		.thumb
  20              		.thumb_func
  22              	rt_init_stack:
  23              		@ args = 0, pretend = 0, frame = 0
  24              		@ frame_needed = 0, uses_anonymous_args = 0
  25 0000 C38C     		ldrh	r3, [r0, #38]
  26 0002 F0B5     		push	{r4, r5, r6, r7, lr}
  27 0004 9D08     		lsrs	r5, r3, #2
  28 0006 02D1     		bne	.L2
  29 0008 0F4A     		ldr	r2, .L10
  30 000a 1488     		ldrh	r4, [r2, #0]
  31 000c A508     		lsrs	r5, r4, #2
  32              	.L2:
  33 000e C46A     		ldr	r4, [r0, #44]
  34 0010 04EB8503 		add	r3, r4, r5, lsl #2
  35 0014 5A07     		lsls	r2, r3, #29
  36 0016 48BF     		it	mi
  37 0018 043B     		submi	r3, r3, #4
  38 001a 4FF08072 		mov	r2, #16777216
  39 001e 03E90600 		stmdb	r3, {r1, r2}
  40 0022 A3F14005 		sub	r5, r3, #64
  41 0026 A3F14402 		sub	r2, r3, #68
  42 002a A3F10C06 		sub	r6, r3, #12
  43              	.L4:
  44 002e 0027     		movs	r7, #0
  45 0030 42F8047F 		str	r7, [r2, #4]!
  46 0034 B242     		cmp	r2, r6
  47 0036 FAD1     		bne	.L4
  48 0038 C269     		ldr	r2, [r0, #28]
  49 003a 43F8202C 		str	r2, [r3, #-32]
  50 003e 8562     		str	r5, [r0, #40]
  51 0040 0163     		str	r1, [r0, #48]
  52 0042 0248     		ldr	r0, .L10+4
  53 0044 2060     		str	r0, [r4, #0]
  54 0046 F0BD     		pop	{r4, r5, r6, r7, pc}
  55              	.L11:
  56              		.align	2
  57              	.L10:
  58 0048 00000000 		.word	os_stackinfo
  59 004c A52E5AE2 		.word	-497406299
  61              		.section	.text.rt_ret_val,"ax",%progbits
  62              		.align	1
  63              		.global	rt_ret_val
  64              		.thumb
  65              		.thumb_func
  67              	rt_ret_val:
  68              		@ args = 0, pretend = 0, frame = 0
  69              		@ frame_needed = 0, uses_anonymous_args = 0
  70              		@ link register save eliminated.
  71 0000 90F82520 		ldrb	r2, [r0, #37]	@ zero_extendqisi2
  72 0004 836A     		ldr	r3, [r0, #40]
  73 0006 0AB1     		cbz	r2, .L13
  74 0008 6033     		adds	r3, r3, #96
  75 000a 00E0     		b	.L14
  76              	.L13:
  77 000c 2033     		adds	r3, r3, #32
  78              	.L14:
  79 000e 1960     		str	r1, [r3, #0]
  80 0010 7047     		bx	lr
  82              		.section	.text.rt_ret_val2,"ax",%progbits
  83              		.align	1
  84              		.global	rt_ret_val2
  85              		.thumb
  86              		.thumb_func
  88              	rt_ret_val2:
  89              		@ args = 0, pretend = 0, frame = 0
  90              		@ frame_needed = 0, uses_anonymous_args = 0
  91 0000 10B5     		push	{r4, lr}
  92 0002 90F82540 		ldrb	r4, [r0, #37]	@ zero_extendqisi2
  93 0006 836A     		ldr	r3, [r0, #40]
  94 0008 0CB1     		cbz	r4, .L16
  95 000a 6033     		adds	r3, r3, #96
  96 000c 00E0     		b	.L17
  97              	.L16:
  98 000e 2033     		adds	r3, r3, #32
  99              	.L17:
 100 0010 83E80600 		stmia	r3, {r1, r2}
 101 0014 10BD     		pop	{r4, pc}
 103              		.ident	"GCC: (GNU Tools for ARM Embedded Processors) 4.7.4 20130913 (release) [ARM/embedded-4_7-br
DEFINED SYMBOLS
                            *ABS*:00000000 HAL_CM.c
C:\Users\LIUDAN~1\AppData\Local\Temp\ccrR8h9Z.s:17     .text.rt_init_stack:00000000 $t
C:\Users\LIUDAN~1\AppData\Local\Temp\ccrR8h9Z.s:22     .text.rt_init_stack:00000000 rt_init_stack
C:\Users\LIUDAN~1\AppData\Local\Temp\ccrR8h9Z.s:58     .text.rt_init_stack:00000048 $d
C:\Users\LIUDAN~1\AppData\Local\Temp\ccrR8h9Z.s:62     .text.rt_ret_val:00000000 $t
C:\Users\LIUDAN~1\AppData\Local\Temp\ccrR8h9Z.s:67     .text.rt_ret_val:00000000 rt_ret_val
C:\Users\LIUDAN~1\AppData\Local\Temp\ccrR8h9Z.s:83     .text.rt_ret_val2:00000000 $t
C:\Users\LIUDAN~1\AppData\Local\Temp\ccrR8h9Z.s:88     .text.rt_ret_val2:00000000 rt_ret_val2

UNDEFINED SYMBOLS
os_stackinfo
