   1              		.syntax unified
   2              		.cpu cortex-m4
   3              		.eabi_attribute 27, 3
   4              		.fpu fpv4-sp-d16
   5              		.eabi_attribute 20, 1
   6              		.eabi_attribute 21, 1
   7              		.eabi_attribute 23, 3
   8              		.eabi_attribute 24, 1
   9              		.eabi_attribute 25, 1
  10              		.eabi_attribute 26, 1
  11              		.eabi_attribute 30, 4
  12              		.eabi_attribute 34, 1
  13              		.eabi_attribute 18, 4
  14              		.thumb
  15              		.file	"rt_List.c"
  16              		.section	.text.rt_put_prio,"ax",%progbits
  17              		.align	1
  18              		.global	rt_put_prio
  19              		.thumb
  20              		.thumb_func
  22              	rt_put_prio:
  23              		@ args = 0, pretend = 0, frame = 0
  24              		@ frame_needed = 0, uses_anonymous_args = 0
  25 0000 30B5     		push	{r4, r5, lr}
  26 0002 0278     		ldrb	r2, [r0, #0]	@ zero_extendqisi2
  27 0004 8C78     		ldrb	r4, [r1, #2]	@ zero_extendqisi2
  28 0006 531E     		subs	r3, r2, #1
  29 0008 DAB2     		uxtb	r2, r3
  30 000a 4368     		ldr	r3, [r0, #4]
  31              	.L2:
  32 000c 2BB1     		cbz	r3, .L3
  33 000e 9D78     		ldrb	r5, [r3, #2]	@ zero_extendqisi2
  34 0010 A542     		cmp	r5, r4
  35 0012 02D3     		bcc	.L3
  36              	.L4:
  37 0014 1846     		mov	r0, r3
  38 0016 5B68     		ldr	r3, [r3, #4]
  39 0018 F8E7     		b	.L2
  40              	.L3:
  41 001a 022A     		cmp	r2, #2
  42 001c 4B60     		str	r3, [r1, #4]
  43 001e 4160     		str	r1, [r0, #4]
  44 0020 03D8     		bhi	.L5
  45 0022 03B1     		cbz	r3, .L6
  46 0024 9960     		str	r1, [r3, #8]
  47              	.L6:
  48 0026 8860     		str	r0, [r1, #8]
  49 0028 30BD     		pop	{r4, r5, pc}
  50              	.L5:
  51 002a 0020     		movs	r0, #0
  52 002c 8860     		str	r0, [r1, #8]
  53 002e 30BD     		pop	{r4, r5, pc}
  55              		.section	.text.rt_get_first,"ax",%progbits
  56              		.align	1
  57              		.global	rt_get_first
  58              		.thumb
  59              		.thumb_func
  61              	rt_get_first:
  62              		@ args = 0, pretend = 0, frame = 0
  63              		@ frame_needed = 0, uses_anonymous_args = 0
  64              		@ link register save eliminated.
  65 0000 4368     		ldr	r3, [r0, #4]
  66 0002 0278     		ldrb	r2, [r0, #0]	@ zero_extendqisi2
  67 0004 5968     		ldr	r1, [r3, #4]
  68 0006 013A     		subs	r2, r2, #1
  69 0008 022A     		cmp	r2, #2
  70 000a 4160     		str	r1, [r0, #4]
  71 000c 4FF00002 		mov	r2, #0
  72 0010 04D8     		bhi	.L16
  73 0012 09B1     		cbz	r1, .L17
  74 0014 8860     		str	r0, [r1, #8]
  75 0016 5A60     		str	r2, [r3, #4]
  76              	.L17:
  77 0018 9A60     		str	r2, [r3, #8]
  78 001a 00E0     		b	.L18
  79              	.L16:
  80 001c 5A60     		str	r2, [r3, #4]
  81              	.L18:
  82 001e 1846     		mov	r0, r3
  83 0020 7047     		bx	lr
  85              		.section	.text.rt_put_rdy_first,"ax",%progbits
  86              		.align	1
  87              		.global	rt_put_rdy_first
  88              		.thumb
  89              		.thumb_func
  91              	rt_put_rdy_first:
  92              		@ args = 0, pretend = 0, frame = 0
  93              		@ frame_needed = 0, uses_anonymous_args = 0
  94              		@ link register save eliminated.
  95 0000 034B     		ldr	r3, .L23
  96 0002 5A68     		ldr	r2, [r3, #4]
  97 0004 0021     		movs	r1, #0
  98 0006 4260     		str	r2, [r0, #4]
  99 0008 8160     		str	r1, [r0, #8]
 100 000a 5860     		str	r0, [r3, #4]
 101 000c 7047     		bx	lr
 102              	.L24:
 103 000e 00BF     		.align	2
 104              	.L23:
 105 0010 00000000 		.word	os_rdy
 107              		.section	.text.rt_get_same_rdy_prio,"ax",%progbits
 108              		.align	1
 109              		.global	rt_get_same_rdy_prio
 110              		.thumb
 111              		.thumb_func
 113              	rt_get_same_rdy_prio:
 114              		@ args = 0, pretend = 0, frame = 0
 115              		@ frame_needed = 0, uses_anonymous_args = 0
 116              		@ link register save eliminated.
 117 0000 064B     		ldr	r3, .L28
 118 0002 074A     		ldr	r2, .L28+4
 119 0004 5868     		ldr	r0, [r3, #4]
 120 0006 1268     		ldr	r2, [r2, #0]
 121 0008 8178     		ldrb	r1, [r0, #2]	@ zero_extendqisi2
 122 000a 9278     		ldrb	r2, [r2, #2]	@ zero_extendqisi2
 123 000c 9142     		cmp	r1, r2
 124 000e 02D1     		bne	.L27
 125 0010 4168     		ldr	r1, [r0, #4]
 126 0012 5960     		str	r1, [r3, #4]
 127 0014 7047     		bx	lr
 128              	.L27:
 129 0016 0020     		movs	r0, #0
 130 0018 7047     		bx	lr
 131              	.L29:
 132 001a 00BF     		.align	2
 133              	.L28:
 134 001c 00000000 		.word	os_rdy
 135 0020 00000000 		.word	os_tsk
 137              		.section	.text.rt_put_dly,"ax",%progbits
 138              		.align	1
 139              		.global	rt_put_dly
 140              		.thumb
 141              		.thumb_func
 143              	rt_put_dly:
 144              		@ args = 0, pretend = 0, frame = 0
 145              		@ frame_needed = 0, uses_anonymous_args = 0
 146 0000 114B     		ldr	r3, .L41
 147 0002 DA68     		ldr	r2, [r3, #12]
 148 0004 10B5     		push	{r4, lr}
 149 0006 0AB1     		cbz	r2, .L31
 150 0008 9A8A     		ldrh	r2, [r3, #20]
 151 000a 0CE0     		b	.L32
 152              	.L31:
 153 000c 0024     		movs	r4, #0
 154 000e 891A     		subs	r1, r1, r2
 155 0010 C460     		str	r4, [r0, #12]
 156 0012 9982     		strh	r1, [r3, #20]	@ movhi
 157 0014 D860     		str	r0, [r3, #12]
 158 0016 0361     		str	r3, [r0, #16]
 159 0018 8482     		strh	r4, [r0, #20]	@ movhi
 160 001a 10BD     		pop	{r4, pc}
 161              	.L35:
 162 001c 002C     		cmp	r4, #0
 163 001e F5D0     		beq	.L31
 164              	.L33:
 165 0020 A38A     		ldrh	r3, [r4, #20]
 166 0022 D218     		adds	r2, r2, r3
 167 0024 2346     		mov	r3, r4
 168              	.L32:
 169 0026 8A42     		cmp	r2, r1
 170 0028 DC68     		ldr	r4, [r3, #12]
 171 002a F7D3     		bcc	.L35
 172 002c C460     		str	r4, [r0, #12]
 173 002e D860     		str	r0, [r3, #12]
 174 0030 C468     		ldr	r4, [r0, #12]
 175 0032 0361     		str	r3, [r0, #16]
 176 0034 04B1     		cbz	r4, .L36
 177 0036 2061     		str	r0, [r4, #16]
 178              	.L36:
 179 0038 521A     		subs	r2, r2, r1
 180 003a 92B2     		uxth	r2, r2
 181 003c 8282     		strh	r2, [r0, #20]	@ movhi
 182 003e 998A     		ldrh	r1, [r3, #20]
 183 0040 881A     		subs	r0, r1, r2
 184 0042 9882     		strh	r0, [r3, #20]	@ movhi
 185 0044 10BD     		pop	{r4, pc}
 186              	.L42:
 187 0046 00BF     		.align	2
 188              	.L41:
 189 0048 00000000 		.word	os_dly
 191              		.section	.text.rt_dec_dly,"ax",%progbits
 192              		.align	1
 193              		.global	rt_dec_dly
 194              		.thumb
 195              		.thumb_func
 197              	rt_dec_dly:
 198              		@ args = 0, pretend = 0, frame = 0
 199              		@ frame_needed = 0, uses_anonymous_args = 0
 200 0000 184B     		ldr	r3, .L61
 201 0002 DA68     		ldr	r2, [r3, #12]
 202 0004 10B5     		push	{r4, lr}
 203 0006 002A     		cmp	r2, #0
 204 0008 2BD0     		beq	.L43
 205 000a 988A     		ldrh	r0, [r3, #20]
 206 000c 411E     		subs	r1, r0, #1
 207 000e 9982     		strh	r1, [r3, #20]	@ movhi
 208              	.L45:
 209 0010 144B     		ldr	r3, .L61
 210 0012 9A8A     		ldrh	r2, [r3, #20]
 211 0014 2ABB     		cbnz	r2, .L43
 212 0016 DC68     		ldr	r4, [r3, #12]
 213 0018 1CB3     		cbz	r4, .L43
 214              	.L51:
 215 001a A068     		ldr	r0, [r4, #8]
 216 001c 38B1     		cbz	r0, .L46
 217 001e 6168     		ldr	r1, [r4, #4]
 218 0020 4160     		str	r1, [r0, #4]
 219 0022 6368     		ldr	r3, [r4, #4]
 220 0024 0BB1     		cbz	r3, .L47
 221 0026 9860     		str	r0, [r3, #8]
 222 0028 6260     		str	r2, [r4, #4]
 223              	.L47:
 224 002a 0022     		movs	r2, #0
 225 002c A260     		str	r2, [r4, #8]
 226              	.L46:
 227 002e 0E48     		ldr	r0, .L61+4
 228 0030 2146     		mov	r1, r4
 229 0032 FFF7FEFF 		bl	rt_put_prio
 230 0036 A08A     		ldrh	r0, [r4, #20]
 231 0038 0A49     		ldr	r1, .L61
 232 003a 8882     		strh	r0, [r1, #20]	@ movhi
 233 003c 6378     		ldrb	r3, [r4, #1]	@ zero_extendqisi2
 234 003e 042B     		cmp	r3, #4
 235 0040 04D1     		bne	.L48
 236 0042 0A4A     		ldr	r2, .L61+8
 237 0044 E18A     		ldrh	r1, [r4, #22]
 238 0046 1068     		ldr	r0, [r2, #0]
 239 0048 4318     		adds	r3, r0, r1
 240 004a A382     		strh	r3, [r4, #20]	@ movhi
 241              	.L48:
 242 004c E068     		ldr	r0, [r4, #12]
 243 004e 0549     		ldr	r1, .L61
 244 0050 0122     		movs	r2, #1
 245 0052 6270     		strb	r2, [r4, #1]
 246 0054 0023     		movs	r3, #0
 247 0056 C860     		str	r0, [r1, #12]
 248 0058 08B1     		cbz	r0, .L49
 249 005a 0161     		str	r1, [r0, #16]
 250 005c E360     		str	r3, [r4, #12]
 251              	.L49:
 252 005e 2361     		str	r3, [r4, #16]
 253 0060 D6E7     		b	.L45
 254              	.L43:
 255 0062 10BD     		pop	{r4, pc}
 256              	.L62:
 257              		.align	2
 258              	.L61:
 259 0064 00000000 		.word	os_dly
 260 0068 00000000 		.word	os_rdy
 261 006c 00000000 		.word	os_time
 263              		.section	.text.rt_rmv_list,"ax",%progbits
 264              		.align	1
 265              		.global	rt_rmv_list
 266              		.thumb
 267              		.thumb_func
 269              	rt_rmv_list:
 270              		@ args = 0, pretend = 0, frame = 0
 271              		@ frame_needed = 0, uses_anonymous_args = 0
 272              		@ link register save eliminated.
 273 0000 8368     		ldr	r3, [r0, #8]
 274 0002 2BB1     		cbz	r3, .L69
 275 0004 4268     		ldr	r2, [r0, #4]
 276 0006 5A60     		str	r2, [r3, #4]
 277 0008 4168     		ldr	r1, [r0, #4]
 278 000a 59B1     		cbz	r1, .L63
 279 000c 8B60     		str	r3, [r1, #8]
 280 000e 7047     		bx	lr
 281              	.L69:
 282 0010 0549     		ldr	r1, .L71
 283              	.L64:
 284 0012 4A68     		ldr	r2, [r1, #4]
 285 0014 8242     		cmp	r2, r0
 286 0016 02D1     		bne	.L67
 287 0018 4068     		ldr	r0, [r0, #4]
 288 001a 4860     		str	r0, [r1, #4]
 289 001c 7047     		bx	lr
 290              	.L67:
 291 001e 1146     		mov	r1, r2
 292 0020 002A     		cmp	r2, #0
 293 0022 F6D1     		bne	.L64
 294              	.L63:
 295 0024 7047     		bx	lr
 296              	.L72:
 297 0026 00BF     		.align	2
 298              	.L71:
 299 0028 00000000 		.word	os_rdy
 301              		.section	.text.rt_resort_prio,"ax",%progbits
 302              		.align	1
 303              		.global	rt_resort_prio
 304              		.thumb
 305              		.thumb_func
 307              	rt_resort_prio:
 308              		@ args = 0, pretend = 0, frame = 0
 309              		@ frame_needed = 0, uses_anonymous_args = 0
 310 0000 38B5     		push	{r3, r4, r5, lr}
 311 0002 8468     		ldr	r4, [r0, #8]
 312 0004 0546     		mov	r5, r0
 313 0006 24B9     		cbnz	r4, .L80
 314 0008 4078     		ldrb	r0, [r0, #1]	@ zero_extendqisi2
 315 000a 0128     		cmp	r0, #1
 316 000c 0ED1     		bne	.L81
 317 000e 084C     		ldr	r4, .L82
 318 0010 03E0     		b	.L76
 319              	.L80:
 320 0012 2378     		ldrb	r3, [r4, #0]	@ zero_extendqisi2
 321 0014 0BB9     		cbnz	r3, .L76
 322              	.L78:
 323 0016 A468     		ldr	r4, [r4, #8]
 324 0018 FBE7     		b	.L80
 325              	.L76:
 326 001a 2846     		mov	r0, r5
 327 001c FFF7FEFF 		bl	rt_rmv_list
 328 0020 2046     		mov	r0, r4
 329 0022 2946     		mov	r1, r5
 330 0024 BDE83840 		pop	{r3, r4, r5, lr}
 331 0028 FFF7FEBF 		b	rt_put_prio
 332              	.L81:
 333 002c 38BD     		pop	{r3, r4, r5, pc}
 334              	.L83:
 335 002e 00BF     		.align	2
 336              	.L82:
 337 0030 00000000 		.word	os_rdy
 339              		.section	.text.rt_rmv_dly,"ax",%progbits
 340              		.align	1
 341              		.global	rt_rmv_dly
 342              		.thumb
 343              		.thumb_func
 345              	rt_rmv_dly:
 346              		@ args = 0, pretend = 0, frame = 0
 347              		@ frame_needed = 0, uses_anonymous_args = 0
 348 0000 0369     		ldr	r3, [r0, #16]
 349 0002 10B5     		push	{r4, lr}
 350 0004 73B1     		cbz	r3, .L84
 351 0006 C268     		ldr	r2, [r0, #12]
 352 0008 DA60     		str	r2, [r3, #12]
 353 000a C268     		ldr	r2, [r0, #12]
 354 000c 3AB1     		cbz	r2, .L86
 355 000e 998A     		ldrh	r1, [r3, #20]
 356 0010 848A     		ldrh	r4, [r0, #20]
 357 0012 1361     		str	r3, [r2, #16]
 358 0014 6118     		adds	r1, r4, r1
 359 0016 9982     		strh	r1, [r3, #20]	@ movhi
 360 0018 0023     		movs	r3, #0
 361 001a C360     		str	r3, [r0, #12]
 362 001c 00E0     		b	.L87
 363              	.L86:
 364 001e 9A82     		strh	r2, [r3, #20]	@ movhi
 365              	.L87:
 366 0020 0022     		movs	r2, #0
 367 0022 0261     		str	r2, [r0, #16]
 368              	.L84:
 369 0024 10BD     		pop	{r4, pc}
 371              		.section	.text.rt_psq_enq,"ax",%progbits
 372              		.align	1
 373              		.global	rt_psq_enq
 374              		.thumb
 375              		.thumb_func
 377              	rt_psq_enq:
 378              		@ args = 0, pretend = 0, frame = 0
 379              		@ frame_needed = 0, uses_anonymous_args = 0
 380 0000 30B5     		push	{r4, r5, lr}
 381 0002 0F4A     		ldr	r2, .L98
 382 0004 D478     		ldrb	r4, [r2, #3]	@ zero_extendqisi2
 383              	@ 79 "../Dave/Generated/src/RTOS001/SRC/rt_HAL_CM.h" 1
 384 0006 EFF31083 		mrs r3, primask
 385              	@ 0 "" 2
 386              	@ 80 "../Dave/Generated/src/RTOS001/SRC/rt_HAL_CM.h" 1
 387 000a 72B6     		cpsid i
 388              	@ 0 "" 2
 389              		.thumb
 390 000c 9378     		ldrb	r3, [r2, #2]	@ zero_extendqisi2
 391 000e A342     		cmp	r3, r4
 392 0010 07D2     		bcs	.L92
 393 0012 0133     		adds	r3, r3, #1
 394 0014 9370     		strb	r3, [r2, #2]
 395 0016 1378     		ldrb	r3, [r2, #0]	@ zero_extendqisi2
 396 0018 5D1C     		adds	r5, r3, #1
 397 001a A542     		cmp	r5, r4
 398 001c 08BF     		it	eq
 399 001e 0025     		moveq	r5, #0
 400 0020 1570     		strb	r5, [r2, #0]
 401              	.L92:
 402              	@ 72 "../Dave/Generated/src/RTOS001/SRC/rt_HAL_CM.h" 1
 403 0022 62B6     		cpsie i
 404              	@ 0 "" 2
 405              		.thumb
 406 0024 A342     		cmp	r3, r4
 407 0026 05D2     		bcs	.L94
 408 0028 054A     		ldr	r2, .L98
 409 002a 02EBC303 		add	r3, r2, r3, lsl #3
 410 002e 5860     		str	r0, [r3, #4]
 411 0030 9960     		str	r1, [r3, #8]
 412 0032 30BD     		pop	{r4, r5, pc}
 413              	.L94:
 414 0034 0220     		movs	r0, #2
 415 0036 BDE83040 		pop	{r4, r5, lr}
 416 003a FFF7FEBF 		b	os_error
 417              	.L99:
 418 003e 00BF     		.align	2
 419              	.L98:
 420 0040 00000000 		.word	os_fifo
 422              		.comm	os_dly,24,4
 423              		.comm	os_rdy,24,4
 424              		.ident	"GCC: (GNU Tools for ARM Embedded Processors) 4.7.4 20130913 (release) [ARM/embedded-4_7-br
DEFINED SYMBOLS
                            *ABS*:00000000 rt_List.c
C:\Users\LIUDAN~1\AppData\Local\Temp\cciXdan2.s:17     .text.rt_put_prio:00000000 $t
C:\Users\LIUDAN~1\AppData\Local\Temp\cciXdan2.s:22     .text.rt_put_prio:00000000 rt_put_prio
C:\Users\LIUDAN~1\AppData\Local\Temp\cciXdan2.s:56     .text.rt_get_first:00000000 $t
C:\Users\LIUDAN~1\AppData\Local\Temp\cciXdan2.s:61     .text.rt_get_first:00000000 rt_get_first
C:\Users\LIUDAN~1\AppData\Local\Temp\cciXdan2.s:86     .text.rt_put_rdy_first:00000000 $t
C:\Users\LIUDAN~1\AppData\Local\Temp\cciXdan2.s:91     .text.rt_put_rdy_first:00000000 rt_put_rdy_first
C:\Users\LIUDAN~1\AppData\Local\Temp\cciXdan2.s:105    .text.rt_put_rdy_first:00000010 $d
                            *COM*:00000018 os_rdy
C:\Users\LIUDAN~1\AppData\Local\Temp\cciXdan2.s:108    .text.rt_get_same_rdy_prio:00000000 $t
C:\Users\LIUDAN~1\AppData\Local\Temp\cciXdan2.s:113    .text.rt_get_same_rdy_prio:00000000 rt_get_same_rdy_prio
C:\Users\LIUDAN~1\AppData\Local\Temp\cciXdan2.s:134    .text.rt_get_same_rdy_prio:0000001c $d
C:\Users\LIUDAN~1\AppData\Local\Temp\cciXdan2.s:138    .text.rt_put_dly:00000000 $t
C:\Users\LIUDAN~1\AppData\Local\Temp\cciXdan2.s:143    .text.rt_put_dly:00000000 rt_put_dly
C:\Users\LIUDAN~1\AppData\Local\Temp\cciXdan2.s:189    .text.rt_put_dly:00000048 $d
                            *COM*:00000018 os_dly
C:\Users\LIUDAN~1\AppData\Local\Temp\cciXdan2.s:192    .text.rt_dec_dly:00000000 $t
C:\Users\LIUDAN~1\AppData\Local\Temp\cciXdan2.s:197    .text.rt_dec_dly:00000000 rt_dec_dly
C:\Users\LIUDAN~1\AppData\Local\Temp\cciXdan2.s:259    .text.rt_dec_dly:00000064 $d
C:\Users\LIUDAN~1\AppData\Local\Temp\cciXdan2.s:264    .text.rt_rmv_list:00000000 $t
C:\Users\LIUDAN~1\AppData\Local\Temp\cciXdan2.s:269    .text.rt_rmv_list:00000000 rt_rmv_list
C:\Users\LIUDAN~1\AppData\Local\Temp\cciXdan2.s:299    .text.rt_rmv_list:00000028 $d
C:\Users\LIUDAN~1\AppData\Local\Temp\cciXdan2.s:302    .text.rt_resort_prio:00000000 $t
C:\Users\LIUDAN~1\AppData\Local\Temp\cciXdan2.s:307    .text.rt_resort_prio:00000000 rt_resort_prio
C:\Users\LIUDAN~1\AppData\Local\Temp\cciXdan2.s:337    .text.rt_resort_prio:00000030 $d
C:\Users\LIUDAN~1\AppData\Local\Temp\cciXdan2.s:340    .text.rt_rmv_dly:00000000 $t
C:\Users\LIUDAN~1\AppData\Local\Temp\cciXdan2.s:345    .text.rt_rmv_dly:00000000 rt_rmv_dly
C:\Users\LIUDAN~1\AppData\Local\Temp\cciXdan2.s:372    .text.rt_psq_enq:00000000 $t
C:\Users\LIUDAN~1\AppData\Local\Temp\cciXdan2.s:377    .text.rt_psq_enq:00000000 rt_psq_enq
C:\Users\LIUDAN~1\AppData\Local\Temp\cciXdan2.s:420    .text.rt_psq_enq:00000040 $d

UNDEFINED SYMBOLS
os_tsk
os_time
os_error
os_fifo
