   1              		.syntax unified
   2              		.cpu cortex-m4
   3              		.eabi_attribute 27, 3
   4              		.fpu fpv4-sp-d16
   5              		.eabi_attribute 20, 1
   6              		.eabi_attribute 21, 1
   7              		.eabi_attribute 23, 3
   8              		.eabi_attribute 24, 1
   9              		.eabi_attribute 25, 1
  10              		.eabi_attribute 26, 1
  11              		.eabi_attribute 30, 4
  12              		.eabi_attribute 34, 1
  13              		.eabi_attribute 18, 4
  14              		.thumb
  15              		.file	"rt_Memory.c"
  16              		.section	.text.rt_init_mem,"ax",%progbits
  17              		.align	1
  18              		.global	rt_init_mem
  19              		.thumb
  20              		.thumb_func
  22              	rt_init_mem:
  23              		@ args = 0, pretend = 0, frame = 0
  24              		@ frame_needed = 0, uses_anonymous_args = 0
  25              		@ link register save eliminated.
  26 0000 50B1     		cbz	r0, .L4
  27 0002 0729     		cmp	r1, #7
  28 0004 08D9     		bls	.L4
  29 0006 4118     		adds	r1, r0, r1
  30 0008 0022     		movs	r2, #0
  31 000a 0B1F     		subs	r3, r1, #4
  32 000c 0360     		str	r3, [r0, #0]
  33 000e 4260     		str	r2, [r0, #4]
  34 0010 41F8042C 		str	r2, [r1, #-4]
  35 0014 1046     		mov	r0, r2
  36 0016 7047     		bx	lr
  37              	.L4:
  38 0018 0120     		movs	r0, #1
  39 001a 7047     		bx	lr
  41              		.section	.text.rt_alloc_mem,"ax",%progbits
  42              		.align	1
  43              		.global	rt_alloc_mem
  44              		.thumb
  45              		.thumb_func
  47              	rt_alloc_mem:
  48              		@ args = 0, pretend = 0, frame = 0
  49              		@ frame_needed = 0, uses_anonymous_args = 0
  50 0000 10B5     		push	{r4, lr}
  51 0002 E0B1     		cbz	r0, .L7
  52 0004 C9B1     		cbz	r1, .L12
  53 0006 0B31     		adds	r1, r1, #11
  54 0008 21F00301 		bic	r1, r1, #3
  55              	.L9:
  56 000c 0468     		ldr	r4, [r0, #0]
  57 000e 4368     		ldr	r3, [r0, #4]
  58 0010 221A     		subs	r2, r4, r0
  59 0012 D21A     		subs	r2, r2, r3
  60 0014 8A42     		cmp	r2, r1
  61 0016 05D2     		bcs	.L8
  62 0018 2368     		ldr	r3, [r4, #0]
  63 001a 2046     		mov	r0, r4
  64 001c 002B     		cmp	r3, #0
  65 001e F5D1     		bne	.L9
  66 0020 1846     		mov	r0, r3
  67 0022 0CE0     		b	.L7
  68              	.L8:
  69 0024 13B9     		cbnz	r3, .L10
  70 0026 4160     		str	r1, [r0, #4]
  71 0028 0830     		adds	r0, r0, #8
  72 002a 10BD     		pop	{r4, pc}
  73              	.L10:
  74 002c 1A18     		adds	r2, r3, r0
  75 002e 1C50     		str	r4, [r3, r0]
  76 0030 5160     		str	r1, [r2, #4]
  77 0032 0260     		str	r2, [r0, #0]
  78 0034 02F10800 		add	r0, r2, #8
  79 0038 10BD     		pop	{r4, pc}
  80              	.L12:
  81 003a 0846     		mov	r0, r1
  82 003c 10BD     		pop	{r4, pc}
  83              	.L7:
  84 003e 10BD     		pop	{r4, pc}
  86              		.section	.text.rt_free_mem,"ax",%progbits
  87              		.align	1
  88              		.global	rt_free_mem
  89              		.thumb
  90              		.thumb_func
  92              	rt_free_mem:
  93              		@ args = 0, pretend = 0, frame = 0
  94              		@ frame_needed = 0, uses_anonymous_args = 0
  95              		@ link register save eliminated.
  96 0000 80B1     		cbz	r0, .L21
  97 0002 79B1     		cbz	r1, .L21
  98 0004 0839     		subs	r1, r1, #8
  99 0006 0023     		movs	r3, #0
 100              	.L16:
 101 0008 8842     		cmp	r0, r1
 102 000a 04D0     		beq	.L23
 103              	.L17:
 104 000c 0268     		ldr	r2, [r0, #0]
 105 000e 0346     		mov	r3, r0
 106 0010 42B1     		cbz	r2, .L21
 107 0012 1046     		mov	r0, r2
 108 0014 F8E7     		b	.L16
 109              	.L23:
 110 0016 0BB9     		cbnz	r3, .L18
 111 0018 4360     		str	r3, [r0, #4]
 112 001a 01E0     		b	.L22
 113              	.L18:
 114 001c 0268     		ldr	r2, [r0, #0]
 115 001e 1A60     		str	r2, [r3, #0]
 116              	.L22:
 117 0020 0020     		movs	r0, #0
 118 0022 7047     		bx	lr
 119              	.L21:
 120 0024 0120     		movs	r0, #1
 121 0026 7047     		bx	lr
 123              		.ident	"GCC: (GNU Tools for ARM Embedded Processors) 4.7.4 20130913 (release) [ARM/embedded-4_7-br
DEFINED SYMBOLS
                            *ABS*:00000000 rt_Memory.c
C:\Users\LIUDAN~1\AppData\Local\Temp\ccnzI6Sc.s:17     .text.rt_init_mem:00000000 $t
C:\Users\LIUDAN~1\AppData\Local\Temp\ccnzI6Sc.s:22     .text.rt_init_mem:00000000 rt_init_mem
C:\Users\LIUDAN~1\AppData\Local\Temp\ccnzI6Sc.s:42     .text.rt_alloc_mem:00000000 $t
C:\Users\LIUDAN~1\AppData\Local\Temp\ccnzI6Sc.s:47     .text.rt_alloc_mem:00000000 rt_alloc_mem
C:\Users\LIUDAN~1\AppData\Local\Temp\ccnzI6Sc.s:87     .text.rt_free_mem:00000000 $t
C:\Users\LIUDAN~1\AppData\Local\Temp\ccnzI6Sc.s:92     .text.rt_free_mem:00000000 rt_free_mem

NO UNDEFINED SYMBOLS
