   1              		.syntax unified
   2              		.cpu cortex-m4
   3              		.eabi_attribute 27, 3
   4              		.fpu fpv4-sp-d16
   5              		.eabi_attribute 20, 1
   6              		.eabi_attribute 21, 1
   7              		.eabi_attribute 23, 3
   8              		.eabi_attribute 24, 1
   9              		.eabi_attribute 25, 1
  10              		.eabi_attribute 26, 1
  11              		.eabi_attribute 30, 4
  12              		.eabi_attribute 34, 1
  13              		.eabi_attribute 18, 4
  14              		.thumb
  15              		.file	"rt_Mutex.c"
  16              		.section	.text.rt_mut_init,"ax",%progbits
  17              		.align	1
  18              		.global	rt_mut_init
  19              		.thumb
  20              		.thumb_func
  22              	rt_mut_init:
  23              		@ args = 0, pretend = 0, frame = 0
  24              		@ frame_needed = 0, uses_anonymous_args = 0
  25              		@ link register save eliminated.
  26 0000 0021     		movs	r1, #0
  27 0002 0323     		movs	r3, #3
  28 0004 0370     		strb	r3, [r0, #0]
  29 0006 4180     		strh	r1, [r0, #2]	@ movhi
  30 0008 4160     		str	r1, [r0, #4]
  31 000a 8160     		str	r1, [r0, #8]
  32 000c C160     		str	r1, [r0, #12]
  33 000e 7047     		bx	lr
  35              		.section	.text.rt_mut_delete,"ax",%progbits
  36              		.align	1
  37              		.global	rt_mut_delete
  38              		.thumb
  39              		.thumb_func
  41              	rt_mut_delete:
  42              		@ args = 0, pretend = 0, frame = 0
  43              		@ frame_needed = 0, uses_anonymous_args = 0
  44 0000 4388     		ldrh	r3, [r0, #2]
  45 0002 70B5     		push	{r4, r5, r6, lr}
  46 0004 0446     		mov	r4, r0
  47 0006 1BB3     		cbz	r3, .L22
  48 0008 8068     		ldr	r0, [r0, #8]
  49 000a 016A     		ldr	r1, [r0, #32]
  50 000c A142     		cmp	r1, r4
  51 000e 03D1     		bne	.L21
  52 0010 E368     		ldr	r3, [r4, #12]
  53 0012 0362     		str	r3, [r0, #32]
  54 0014 06E0     		b	.L6
  55              	.L16:
  56 0016 1146     		mov	r1, r2
  57              	.L21:
  58 0018 21B1     		cbz	r1, .L6
  59              	.L8:
  60 001a CA68     		ldr	r2, [r1, #12]
  61 001c A242     		cmp	r2, r4
  62 001e FAD1     		bne	.L16
  63 0020 E568     		ldr	r5, [r4, #12]
  64 0022 CD60     		str	r5, [r1, #12]
  65              	.L6:
  66 0024 90F82430 		ldrb	r3, [r0, #36]	@ zero_extendqisi2
  67 0028 026A     		ldr	r2, [r0, #32]
  68              	.L9:
  69 002a 3AB1     		cbz	r2, .L26
  70              	.L11:
  71 002c 5168     		ldr	r1, [r2, #4]
  72 002e 19B1     		cbz	r1, .L10
  73 0030 8D78     		ldrb	r5, [r1, #2]	@ zero_extendqisi2
  74 0032 AB42     		cmp	r3, r5
  75 0034 38BF     		it	cc
  76 0036 2B46     		movcc	r3, r5
  77              	.L10:
  78 0038 D268     		ldr	r2, [r2, #12]
  79 003a F6E7     		b	.L9
  80              	.L26:
  81 003c 8278     		ldrb	r2, [r0, #2]	@ zero_extendqisi2
  82 003e 9A42     		cmp	r2, r3
  83 0040 06D0     		beq	.L22
  84 0042 1749     		ldr	r1, .L28
  85 0044 8370     		strb	r3, [r0, #2]
  86 0046 0D68     		ldr	r5, [r1, #0]
  87 0048 A842     		cmp	r0, r5
  88 004a 01D0     		beq	.L22
  89 004c FFF7FEFF 		bl	rt_resort_prio
  90              	.L22:
  91 0050 6568     		ldr	r5, [r4, #4]
  92 0052 85B1     		cbz	r5, .L27
  93              	.L14:
  94 0054 2046     		mov	r0, r4
  95 0056 FFF7FEFF 		bl	rt_get_first
  96 005a 0021     		movs	r1, #0
  97 005c 0546     		mov	r5, r0
  98 005e FFF7FEFF 		bl	rt_ret_val
  99 0062 2846     		mov	r0, r5
 100 0064 FFF7FEFF 		bl	rt_rmv_dly
 101 0068 0122     		movs	r2, #1
 102 006a 6A70     		strb	r2, [r5, #1]
 103 006c 0D48     		ldr	r0, .L28+4
 104 006e 2946     		mov	r1, r5
 105 0070 FFF7FEFF 		bl	rt_put_prio
 106 0074 ECE7     		b	.L22
 107              	.L27:
 108 0076 0B48     		ldr	r0, .L28+4
 109 0078 4368     		ldr	r3, [r0, #4]
 110 007a 6BB1     		cbz	r3, .L15
 111 007c 084E     		ldr	r6, .L28
 112 007e 9A78     		ldrb	r2, [r3, #2]	@ zero_extendqisi2
 113 0080 3168     		ldr	r1, [r6, #0]
 114 0082 8B78     		ldrb	r3, [r1, #2]	@ zero_extendqisi2
 115 0084 9A42     		cmp	r2, r3
 116 0086 07D9     		bls	.L15
 117 0088 FFF7FEFF 		bl	rt_put_prio
 118 008c 3068     		ldr	r0, [r6, #0]
 119 008e 0121     		movs	r1, #1
 120 0090 4170     		strb	r1, [r0, #1]
 121 0092 2846     		mov	r0, r5
 122 0094 FFF7FEFF 		bl	rt_dispatch
 123              	.L15:
 124 0098 0020     		movs	r0, #0
 125 009a 2070     		strb	r0, [r4, #0]
 126 009c 70BD     		pop	{r4, r5, r6, pc}
 127              	.L29:
 128 009e 00BF     		.align	2
 129              	.L28:
 130 00a0 00000000 		.word	os_tsk
 131 00a4 00000000 		.word	os_rdy
 133              		.section	.text.rt_mut_release,"ax",%progbits
 134              		.align	1
 135              		.global	rt_mut_release
 136              		.thumb
 137              		.thumb_func
 139              	rt_mut_release:
 140              		@ args = 0, pretend = 0, frame = 0
 141              		@ frame_needed = 0, uses_anonymous_args = 0
 142 0000 2DE9F843 		push	{r3, r4, r5, r6, r7, r8, r9, lr}
 143 0004 4388     		ldrh	r3, [r0, #2]
 144 0006 0446     		mov	r4, r0
 145 0008 002B     		cmp	r3, #0
 146 000a 5FD0     		beq	.L44
 147 000c 314A     		ldr	r2, .L53
 148 000e 8168     		ldr	r1, [r0, #8]
 149 0010 1068     		ldr	r0, [r2, #0]
 150 0012 8142     		cmp	r1, r0
 151 0014 5AD1     		bne	.L44
 152 0016 013B     		subs	r3, r3, #1
 153 0018 9AB2     		uxth	r2, r3
 154 001a 6280     		strh	r2, [r4, #2]	@ movhi
 155 001c 12B1     		cbz	r2, .L32
 156              	.L42:
 157 001e 0020     		movs	r0, #0
 158 0020 BDE8F883 		pop	{r3, r4, r5, r6, r7, r8, r9, pc}
 159              	.L32:
 160 0024 086A     		ldr	r0, [r1, #32]
 161 0026 A042     		cmp	r0, r4
 162 0028 03D1     		bne	.L48
 163 002a E268     		ldr	r2, [r4, #12]
 164 002c 0A62     		str	r2, [r1, #32]
 165 002e 06E0     		b	.L34
 166              	.L45:
 167 0030 2846     		mov	r0, r5
 168              	.L48:
 169 0032 20B1     		cbz	r0, .L34
 170              	.L36:
 171 0034 C568     		ldr	r5, [r0, #12]
 172 0036 A542     		cmp	r5, r4
 173 0038 FAD1     		bne	.L45
 174 003a E368     		ldr	r3, [r4, #12]
 175 003c C360     		str	r3, [r0, #12]
 176              	.L34:
 177 003e 91F82430 		ldrb	r3, [r1, #36]	@ zero_extendqisi2
 178 0042 0D6A     		ldr	r5, [r1, #32]
 179              	.L37:
 180 0044 3DB1     		cbz	r5, .L52
 181              	.L39:
 182 0046 6868     		ldr	r0, [r5, #4]
 183 0048 18B1     		cbz	r0, .L38
 184 004a 8278     		ldrb	r2, [r0, #2]	@ zero_extendqisi2
 185 004c 9342     		cmp	r3, r2
 186 004e 38BF     		it	cc
 187 0050 1346     		movcc	r3, r2
 188              	.L38:
 189 0052 ED68     		ldr	r5, [r5, #12]
 190 0054 F6E7     		b	.L37
 191              	.L52:
 192 0056 8B70     		strb	r3, [r1, #2]
 193 0058 6068     		ldr	r0, [r4, #4]
 194 005a 40B3     		cbz	r0, .L40
 195 005c 2046     		mov	r0, r4
 196 005e FFF7FEFF 		bl	rt_get_first
 197 0062 2946     		mov	r1, r5
 198 0064 0646     		mov	r6, r0
 199 0066 FFF7FEFF 		bl	rt_ret_val
 200 006a 3046     		mov	r0, r6
 201 006c FFF7FEFF 		bl	rt_rmv_dly
 202 0070 326A     		ldr	r2, [r6, #32]
 203 0072 A660     		str	r6, [r4, #8]
 204 0074 0127     		movs	r7, #1
 205 0076 6780     		strh	r7, [r4, #2]	@ movhi
 206 0078 E260     		str	r2, [r4, #12]
 207 007a DFF85880 		ldr	r8, .L53
 208 007e 3462     		str	r4, [r6, #32]
 209 0080 154C     		ldr	r4, .L53+4
 210 0082 D8F80010 		ldr	r1, [r8, #0]
 211 0086 6368     		ldr	r3, [r4, #4]
 212 0088 8878     		ldrb	r0, [r1, #2]	@ zero_extendqisi2
 213 008a 9A78     		ldrb	r2, [r3, #2]	@ zero_extendqisi2
 214 008c 9042     		cmp	r0, r2
 215 008e B946     		mov	r9, r7	@ movhi
 216 0090 01D3     		bcc	.L41
 217 0092 3046     		mov	r0, r6
 218 0094 17E0     		b	.L51
 219              	.L41:
 220 0096 2046     		mov	r0, r4
 221 0098 FFF7FEFF 		bl	rt_put_prio
 222 009c 3146     		mov	r1, r6
 223 009e 2046     		mov	r0, r4
 224 00a0 FFF7FEFF 		bl	rt_put_prio
 225 00a4 D8F80010 		ldr	r1, [r8, #0]
 226 00a8 4F70     		strb	r7, [r1, #1]
 227 00aa 7770     		strb	r7, [r6, #1]
 228 00ac 0AE0     		b	.L50
 229              	.L40:
 230 00ae 0A48     		ldr	r0, .L53+4
 231 00b0 4268     		ldr	r2, [r0, #4]
 232 00b2 9278     		ldrb	r2, [r2, #2]	@ zero_extendqisi2
 233 00b4 9A42     		cmp	r2, r3
 234 00b6 B2D9     		bls	.L42
 235 00b8 FFF7FEFF 		bl	rt_put_prio
 236 00bc 0549     		ldr	r1, .L53
 237 00be 0B68     		ldr	r3, [r1, #0]
 238 00c0 0120     		movs	r0, #1
 239 00c2 5870     		strb	r0, [r3, #1]
 240              	.L50:
 241 00c4 2846     		mov	r0, r5
 242              	.L51:
 243 00c6 FFF7FEFF 		bl	rt_dispatch
 244 00ca A8E7     		b	.L42
 245              	.L44:
 246 00cc FF20     		movs	r0, #255
 247 00ce BDE8F883 		pop	{r3, r4, r5, r6, r7, r8, r9, pc}
 248              	.L54:
 249 00d2 00BF     		.align	2
 250              	.L53:
 251 00d4 00000000 		.word	os_tsk
 252 00d8 00000000 		.word	os_rdy
 254              		.section	.text.rt_mut_wait,"ax",%progbits
 255              		.align	1
 256              		.global	rt_mut_wait
 257              		.thumb
 258              		.thumb_func
 260              	rt_mut_wait:
 261              		@ args = 0, pretend = 0, frame = 0
 262              		@ frame_needed = 0, uses_anonymous_args = 0
 263 0000 38B5     		push	{r3, r4, r5, lr}
 264 0002 0D46     		mov	r5, r1
 265 0004 4188     		ldrh	r1, [r0, #2]
 266 0006 164A     		ldr	r2, .L64
 267 0008 0446     		mov	r4, r0
 268 000a 29B9     		cbnz	r1, .L56
 269 000c 1068     		ldr	r0, [r2, #0]
 270 000e 036A     		ldr	r3, [r0, #32]
 271 0010 A060     		str	r0, [r4, #8]
 272 0012 E360     		str	r3, [r4, #12]
 273 0014 0462     		str	r4, [r0, #32]
 274 0016 03E0     		b	.L57
 275              	.L56:
 276 0018 8368     		ldr	r3, [r0, #8]
 277 001a 1068     		ldr	r0, [r2, #0]
 278 001c 8342     		cmp	r3, r0
 279 001e 03D1     		bne	.L58
 280              	.L57:
 281 0020 0131     		adds	r1, r1, #1
 282 0022 6180     		strh	r1, [r4, #2]	@ movhi
 283 0024 0020     		movs	r0, #0
 284 0026 38BD     		pop	{r3, r4, r5, pc}
 285              	.L58:
 286 0028 BDB1     		cbz	r5, .L63
 287 002a 8278     		ldrb	r2, [r0, #2]	@ zero_extendqisi2
 288 002c 9978     		ldrb	r1, [r3, #2]	@ zero_extendqisi2
 289 002e 9142     		cmp	r1, r2
 290 0030 03D2     		bcs	.L60
 291 0032 9A70     		strb	r2, [r3, #2]
 292 0034 A068     		ldr	r0, [r4, #8]
 293 0036 FFF7FEFF 		bl	rt_resort_prio
 294              	.L60:
 295 003a 6068     		ldr	r0, [r4, #4]
 296 003c 084B     		ldr	r3, .L64
 297 003e 20B1     		cbz	r0, .L61
 298 0040 2046     		mov	r0, r4
 299 0042 1968     		ldr	r1, [r3, #0]
 300 0044 FFF7FEFF 		bl	rt_put_prio
 301 0048 03E0     		b	.L62
 302              	.L61:
 303 004a 1A68     		ldr	r2, [r3, #0]
 304 004c 6260     		str	r2, [r4, #4]
 305 004e 5060     		str	r0, [r2, #4]
 306 0050 9460     		str	r4, [r2, #8]
 307              	.L62:
 308 0052 2846     		mov	r0, r5
 309 0054 0921     		movs	r1, #9
 310 0056 FFF7FEFF 		bl	rt_block
 311              	.L63:
 312 005a 0120     		movs	r0, #1
 313 005c 38BD     		pop	{r3, r4, r5, pc}
 314              	.L65:
 315 005e 00BF     		.align	2
 316              	.L64:
 317 0060 00000000 		.word	os_tsk
 319              		.ident	"GCC: (GNU Tools for ARM Embedded Processors) 4.7.4 20130913 (release) [ARM/embedded-4_7-br
DEFINED SYMBOLS
                            *ABS*:00000000 rt_Mutex.c
C:\Users\LIUDAN~1\AppData\Local\Temp\ccjgaZfX.s:17     .text.rt_mut_init:00000000 $t
C:\Users\LIUDAN~1\AppData\Local\Temp\ccjgaZfX.s:22     .text.rt_mut_init:00000000 rt_mut_init
C:\Users\LIUDAN~1\AppData\Local\Temp\ccjgaZfX.s:36     .text.rt_mut_delete:00000000 $t
C:\Users\LIUDAN~1\AppData\Local\Temp\ccjgaZfX.s:41     .text.rt_mut_delete:00000000 rt_mut_delete
C:\Users\LIUDAN~1\AppData\Local\Temp\ccjgaZfX.s:130    .text.rt_mut_delete:000000a0 $d
C:\Users\LIUDAN~1\AppData\Local\Temp\ccjgaZfX.s:134    .text.rt_mut_release:00000000 $t
C:\Users\LIUDAN~1\AppData\Local\Temp\ccjgaZfX.s:139    .text.rt_mut_release:00000000 rt_mut_release
C:\Users\LIUDAN~1\AppData\Local\Temp\ccjgaZfX.s:251    .text.rt_mut_release:000000d4 $d
C:\Users\LIUDAN~1\AppData\Local\Temp\ccjgaZfX.s:255    .text.rt_mut_wait:00000000 $t
C:\Users\LIUDAN~1\AppData\Local\Temp\ccjgaZfX.s:260    .text.rt_mut_wait:00000000 rt_mut_wait
C:\Users\LIUDAN~1\AppData\Local\Temp\ccjgaZfX.s:317    .text.rt_mut_wait:00000060 $d

UNDEFINED SYMBOLS
rt_resort_prio
rt_get_first
rt_ret_val
rt_rmv_dly
rt_put_prio
rt_dispatch
os_tsk
os_rdy
rt_block
