   1              		.syntax unified
   2              		.cpu cortex-m4
   3              		.eabi_attribute 27, 3
   4              		.fpu fpv4-sp-d16
   5              		.eabi_attribute 20, 1
   6              		.eabi_attribute 21, 1
   7              		.eabi_attribute 23, 3
   8              		.eabi_attribute 24, 1
   9              		.eabi_attribute 25, 1
  10              		.eabi_attribute 26, 1
  11              		.eabi_attribute 30, 4
  12              		.eabi_attribute 34, 1
  13              		.eabi_attribute 18, 4
  14              		.thumb
  15              		.file	"rt_Mailbox.c"
  16              		.section	.text.rt_mbx_init,"ax",%progbits
  17              		.align	1
  18              		.global	rt_mbx_init
  19              		.thumb
  20              		.thumb_func
  22              	rt_mbx_init:
  23              		@ args = 0, pretend = 0, frame = 0
  24              		@ frame_needed = 0, uses_anonymous_args = 0
  25              		@ link register save eliminated.
  26 0000 1039     		subs	r1, r1, #16
  27 0002 0022     		movs	r2, #0
  28 0004 0123     		movs	r3, #1
  29 0006 8908     		lsrs	r1, r1, #2
  30 0008 0370     		strb	r3, [r0, #0]
  31 000a 4270     		strb	r2, [r0, #1]
  32 000c 8270     		strb	r2, [r0, #2]
  33 000e 4260     		str	r2, [r0, #4]
  34 0010 0281     		strh	r2, [r0, #8]	@ movhi
  35 0012 4281     		strh	r2, [r0, #10]	@ movhi
  36 0014 8281     		strh	r2, [r0, #12]	@ movhi
  37 0016 C181     		strh	r1, [r0, #14]	@ movhi
  38 0018 7047     		bx	lr
  40              		.section	.text.rt_mbx_send,"ax",%progbits
  41              		.align	1
  42              		.global	rt_mbx_send
  43              		.thumb
  44              		.thumb_func
  46              	rt_mbx_send:
  47              		@ args = 0, pretend = 0, frame = 0
  48              		@ frame_needed = 0, uses_anonymous_args = 0
  49 0000 F8B5     		push	{r3, r4, r5, r6, r7, lr}
  50 0002 0C46     		mov	r4, r1
  51 0004 4168     		ldr	r1, [r0, #4]
  52 0006 0346     		mov	r3, r0
  53 0008 1746     		mov	r7, r2
  54 000a 89B1     		cbz	r1, .L3
  55 000c 4278     		ldrb	r2, [r0, #1]	@ zero_extendqisi2
  56 000e 012A     		cmp	r2, #1
  57 0010 0ED1     		bne	.L3
  58 0012 FFF7FEFF 		bl	rt_get_first
  59 0016 1021     		movs	r1, #16
  60 0018 0546     		mov	r5, r0
  61 001a 2246     		mov	r2, r4
  62 001c FFF7FEFF 		bl	rt_ret_val2
  63 0020 2846     		mov	r0, r5
  64 0022 FFF7FEFF 		bl	rt_rmv_dly
  65 0026 2846     		mov	r0, r5
  66 0028 FFF7FEFF 		bl	rt_dispatch
  67 002c 0020     		movs	r0, #0
  68 002e F8BD     		pop	{r3, r4, r5, r6, r7, pc}
  69              	.L3:
  70 0030 9D89     		ldrh	r5, [r3, #12]
  71 0032 D889     		ldrh	r0, [r3, #14]
  72 0034 8542     		cmp	r5, r0
  73 0036 14D1     		bne	.L5
  74 0038 37B3     		cbz	r7, .L9
  75 003a 144D     		ldr	r5, .L14
  76 003c 21B1     		cbz	r1, .L6
  77 003e 1846     		mov	r0, r3
  78 0040 2968     		ldr	r1, [r5, #0]
  79 0042 FFF7FEFF 		bl	rt_put_prio
  80 0046 05E0     		b	.L7
  81              	.L6:
  82 0048 2E68     		ldr	r6, [r5, #0]
  83 004a 0220     		movs	r0, #2
  84 004c 5E60     		str	r6, [r3, #4]
  85 004e 7160     		str	r1, [r6, #4]
  86 0050 B360     		str	r3, [r6, #8]
  87 0052 5870     		strb	r0, [r3, #1]
  88              	.L7:
  89 0054 2B68     		ldr	r3, [r5, #0]
  90 0056 3846     		mov	r0, r7
  91 0058 DC61     		str	r4, [r3, #28]
  92 005a 0821     		movs	r1, #8
  93 005c FFF7FEFF 		bl	rt_block
  94 0060 12E0     		b	.L9
  95              	.L5:
  96 0062 1A89     		ldrh	r2, [r3, #8]
  97 0064 111D     		adds	r1, r2, #4
  98 0066 43F82140 		str	r4, [r3, r1, lsl #2]
  99              	@ 79 "../Dave/Generated/src/RTOS001/SRC/rt_HAL_CM.h" 1
 100 006a EFF31081 		mrs r1, primask
 101              	@ 0 "" 2
 102              	@ 80 "../Dave/Generated/src/RTOS001/SRC/rt_HAL_CM.h" 1
 103 006e 72B6     		cpsid i
 104              	@ 0 "" 2
 105              		.thumb
 106 0070 0135     		adds	r5, r5, #1
 107 0072 9D81     		strh	r5, [r3, #12]	@ movhi
 108              	@ 72 "../Dave/Generated/src/RTOS001/SRC/rt_HAL_CM.h" 1
 109 0074 62B6     		cpsie i
 110              	@ 0 "" 2
 111              		.thumb
 112 0076 0132     		adds	r2, r2, #1
 113 0078 91B2     		uxth	r1, r2
 114 007a 8142     		cmp	r1, r0
 115 007c 4FF00000 		mov	r0, #0
 116 0080 14BF     		ite	ne
 117 0082 1981     		strhne	r1, [r3, #8]	@ movhi
 118 0084 1881     		strheq	r0, [r3, #8]	@ movhi
 119 0086 F8BD     		pop	{r3, r4, r5, r6, r7, pc}
 120              	.L9:
 121 0088 0120     		movs	r0, #1
 122 008a F8BD     		pop	{r3, r4, r5, r6, r7, pc}
 123              	.L15:
 124              		.align	2
 125              	.L14:
 126 008c 00000000 		.word	os_tsk
 128              		.section	.text.rt_mbx_wait,"ax",%progbits
 129              		.align	1
 130              		.global	rt_mbx_wait
 131              		.thumb
 132              		.thumb_func
 134              	rt_mbx_wait:
 135              		@ args = 0, pretend = 0, frame = 0
 136              		@ frame_needed = 0, uses_anonymous_args = 0
 137 0000 38B5     		push	{r3, r4, r5, lr}
 138 0002 8389     		ldrh	r3, [r0, #12]
 139 0004 0446     		mov	r4, r0
 140 0006 1546     		mov	r5, r2
 141 0008 002B     		cmp	r3, #0
 142 000a 34D0     		beq	.L17
 143 000c 4289     		ldrh	r2, [r0, #10]
 144 000e 101D     		adds	r0, r2, #4
 145 0010 54F82000 		ldr	r0, [r4, r0, lsl #2]
 146 0014 0860     		str	r0, [r1, #0]
 147 0016 511C     		adds	r1, r2, #1
 148 0018 E089     		ldrh	r0, [r4, #14]
 149 001a 8AB2     		uxth	r2, r1
 150 001c 9042     		cmp	r0, r2
 151 001e 6281     		strh	r2, [r4, #10]	@ movhi
 152 0020 01D1     		bne	.L18
 153 0022 0021     		movs	r1, #0
 154 0024 6181     		strh	r1, [r4, #10]	@ movhi
 155              	.L18:
 156 0026 6268     		ldr	r2, [r4, #4]
 157 0028 EAB1     		cbz	r2, .L19
 158 002a 6078     		ldrb	r0, [r4, #1]	@ zero_extendqisi2
 159 002c 0228     		cmp	r0, #2
 160 002e 1AD1     		bne	.L19
 161 0030 2046     		mov	r0, r4
 162 0032 FFF7FEFF 		bl	rt_get_first
 163 0036 0021     		movs	r1, #0
 164 0038 0546     		mov	r5, r0
 165 003a FFF7FEFF 		bl	rt_ret_val
 166 003e 2089     		ldrh	r0, [r4, #8]
 167 0040 EA69     		ldr	r2, [r5, #28]
 168 0042 011D     		adds	r1, r0, #4
 169 0044 431C     		adds	r3, r0, #1
 170 0046 44F82120 		str	r2, [r4, r1, lsl #2]
 171 004a E189     		ldrh	r1, [r4, #14]
 172 004c 98B2     		uxth	r0, r3
 173 004e 8142     		cmp	r1, r0
 174 0050 2081     		strh	r0, [r4, #8]	@ movhi
 175 0052 01D1     		bne	.L20
 176 0054 0022     		movs	r2, #0
 177 0056 2281     		strh	r2, [r4, #8]	@ movhi
 178              	.L20:
 179 0058 2846     		mov	r0, r5
 180 005a FFF7FEFF 		bl	rt_rmv_dly
 181 005e 2846     		mov	r0, r5
 182 0060 FFF7FEFF 		bl	rt_dispatch
 183 0064 05E0     		b	.L28
 184              	.L19:
 185              	@ 79 "../Dave/Generated/src/RTOS001/SRC/rt_HAL_CM.h" 1
 186 0066 EFF31082 		mrs r2, primask
 187              	@ 0 "" 2
 188              	@ 80 "../Dave/Generated/src/RTOS001/SRC/rt_HAL_CM.h" 1
 189 006a 72B6     		cpsid i
 190              	@ 0 "" 2
 191              		.thumb
 192 006c 013B     		subs	r3, r3, #1
 193 006e A381     		strh	r3, [r4, #12]	@ movhi
 194              	@ 72 "../Dave/Generated/src/RTOS001/SRC/rt_HAL_CM.h" 1
 195 0070 62B6     		cpsie i
 196              	@ 0 "" 2
 197              		.thumb
 198              	.L28:
 199 0072 0020     		movs	r0, #0
 200 0074 38BD     		pop	{r3, r4, r5, pc}
 201              	.L17:
 202 0076 82B1     		cbz	r2, .L24
 203 0078 4268     		ldr	r2, [r0, #4]
 204 007a 0949     		ldr	r1, .L29
 205 007c 1AB1     		cbz	r2, .L22
 206 007e 0968     		ldr	r1, [r1, #0]
 207 0080 FFF7FEFF 		bl	rt_put_prio
 208 0084 05E0     		b	.L23
 209              	.L22:
 210 0086 0868     		ldr	r0, [r1, #0]
 211 0088 0123     		movs	r3, #1
 212 008a 6060     		str	r0, [r4, #4]
 213 008c 4260     		str	r2, [r0, #4]
 214 008e 8460     		str	r4, [r0, #8]
 215 0090 6370     		strb	r3, [r4, #1]
 216              	.L23:
 217 0092 2846     		mov	r0, r5
 218 0094 0821     		movs	r1, #8
 219 0096 FFF7FEFF 		bl	rt_block
 220              	.L24:
 221 009a 0120     		movs	r0, #1
 222 009c 38BD     		pop	{r3, r4, r5, pc}
 223              	.L30:
 224 009e 00BF     		.align	2
 225              	.L29:
 226 00a0 00000000 		.word	os_tsk
 228              		.section	.text.rt_mbx_check,"ax",%progbits
 229              		.align	1
 230              		.global	rt_mbx_check
 231              		.thumb
 232              		.thumb_func
 234              	rt_mbx_check:
 235              		@ args = 0, pretend = 0, frame = 0
 236              		@ frame_needed = 0, uses_anonymous_args = 0
 237              		@ link register save eliminated.
 238 0000 C289     		ldrh	r2, [r0, #14]
 239 0002 8089     		ldrh	r0, [r0, #12]
 240 0004 101A     		subs	r0, r2, r0
 241 0006 7047     		bx	lr
 243              		.section	.text.isr_mbx_send,"ax",%progbits
 244              		.align	1
 245              		.global	isr_mbx_send
 246              		.thumb
 247              		.thumb_func
 249              	isr_mbx_send:
 250              		@ args = 0, pretend = 0, frame = 0
 251              		@ frame_needed = 0, uses_anonymous_args = 0
 252 0000 08B5     		push	{r3, lr}
 253 0002 FFF7FEFF 		bl	rt_psq_enq
 254 0006 BDE80840 		pop	{r3, lr}
 255 000a FFF7FEBF 		b	rt_psh_req
 257              		.section	.text.isr_mbx_receive,"ax",%progbits
 258              		.align	1
 259              		.global	isr_mbx_receive
 260              		.thumb
 261              		.thumb_func
 263              	isr_mbx_receive:
 264              		@ args = 0, pretend = 0, frame = 0
 265              		@ frame_needed = 0, uses_anonymous_args = 0
 266 0000 8389     		ldrh	r3, [r0, #12]
 267 0002 10B5     		push	{r4, lr}
 268 0004 0446     		mov	r4, r0
 269 0006 EBB1     		cbz	r3, .L36
 270 0008 4289     		ldrh	r2, [r0, #10]
 271 000a 131D     		adds	r3, r2, #4
 272 000c 50F82320 		ldr	r2, [r0, r3, lsl #2]
 273 0010 0A60     		str	r2, [r1, #0]
 274 0012 4178     		ldrb	r1, [r0, #1]	@ zero_extendqisi2
 275 0014 0229     		cmp	r1, #2
 276 0016 04D1     		bne	.L35
 277 0018 0021     		movs	r1, #0
 278 001a FFF7FEFF 		bl	rt_psq_enq
 279 001e FFF7FEFF 		bl	rt_psh_req
 280              	.L35:
 281              	@ 79 "../Dave/Generated/src/RTOS001/SRC/rt_HAL_CM.h" 1
 282 0022 EFF31083 		mrs r3, primask
 283              	@ 0 "" 2
 284              	@ 80 "../Dave/Generated/src/RTOS001/SRC/rt_HAL_CM.h" 1
 285 0026 72B6     		cpsid i
 286              	@ 0 "" 2
 287              		.thumb
 288 0028 A089     		ldrh	r0, [r4, #12]
 289 002a 431E     		subs	r3, r0, #1
 290 002c A381     		strh	r3, [r4, #12]	@ movhi
 291              	@ 72 "../Dave/Generated/src/RTOS001/SRC/rt_HAL_CM.h" 1
 292 002e 62B6     		cpsie i
 293              	@ 0 "" 2
 294              		.thumb
 295 0030 6289     		ldrh	r2, [r4, #10]
 296 0032 E389     		ldrh	r3, [r4, #14]
 297 0034 511C     		adds	r1, r2, #1
 298 0036 88B2     		uxth	r0, r1
 299 0038 8342     		cmp	r3, r0
 300 003a 6081     		strh	r0, [r4, #10]	@ movhi
 301 003c 04D1     		bne	.L37
 302 003e 0022     		movs	r2, #0
 303 0040 6281     		strh	r2, [r4, #10]	@ movhi
 304 0042 01E0     		b	.L37
 305              	.L36:
 306 0044 1846     		mov	r0, r3
 307 0046 10BD     		pop	{r4, pc}
 308              	.L37:
 309 0048 0420     		movs	r0, #4
 310 004a 10BD     		pop	{r4, pc}
 312              		.section	.text.rt_mbx_psh,"ax",%progbits
 313              		.align	1
 314              		.global	rt_mbx_psh
 315              		.thumb
 316              		.thumb_func
 318              	rt_mbx_psh:
 319              		@ args = 0, pretend = 0, frame = 0
 320              		@ frame_needed = 0, uses_anonymous_args = 0
 321 0000 4368     		ldr	r3, [r0, #4]
 322 0002 70B5     		push	{r4, r5, r6, lr}
 323 0004 0446     		mov	r4, r0
 324 0006 0E46     		mov	r6, r1
 325 0008 002B     		cmp	r3, #0
 326 000a 4AD0     		beq	.L39
 327 000c 4578     		ldrb	r5, [r0, #1]	@ zero_extendqisi2
 328 000e 022D     		cmp	r5, #2
 329 0010 1CD0     		beq	.L42
 330 0012 032D     		cmp	r5, #3
 331 0014 0AD0     		beq	.L43
 332 0016 012D     		cmp	r5, #1
 333 0018 5DD1     		bne	.L38
 334 001a FFF7FEFF 		bl	rt_get_first
 335 001e 0446     		mov	r4, r0
 336 0020 1021     		movs	r1, #16
 337 0022 3246     		mov	r2, r6
 338 0024 FFF7FEFF 		bl	rt_ret_val2
 339 0028 6570     		strb	r5, [r4, #1]
 340 002a 34E0     		b	.L49
 341              	.L43:
 342 002c 0846     		mov	r0, r1
 343 002e FFF7FEFF 		bl	rt_alloc_box
 344 0032 0546     		mov	r5, r0
 345 0034 0028     		cmp	r0, #0
 346 0036 4ED0     		beq	.L38
 347 0038 2046     		mov	r0, r4
 348 003a FFF7FEFF 		bl	rt_get_first
 349 003e 2946     		mov	r1, r5
 350 0040 0446     		mov	r4, r0
 351 0042 FFF7FEFF 		bl	rt_ret_val
 352 0046 0123     		movs	r3, #1
 353 0048 6370     		strb	r3, [r4, #1]
 354 004a 24E0     		b	.L49
 355              	.L42:
 356 004c FFF7FEFF 		bl	rt_get_first
 357 0050 0021     		movs	r1, #0
 358 0052 0546     		mov	r5, r0
 359 0054 FFF7FEFF 		bl	rt_ret_val
 360 0058 2089     		ldrh	r0, [r4, #8]
 361 005a EA69     		ldr	r2, [r5, #28]
 362 005c 011D     		adds	r1, r0, #4
 363 005e 44F82120 		str	r2, [r4, r1, lsl #2]
 364              	@ 79 "../Dave/Generated/src/RTOS001/SRC/rt_HAL_CM.h" 1
 365 0062 EFF31082 		mrs r2, primask
 366              	@ 0 "" 2
 367              	@ 80 "../Dave/Generated/src/RTOS001/SRC/rt_HAL_CM.h" 1
 368 0066 72B6     		cpsid i
 369              	@ 0 "" 2
 370              		.thumb
 371 0068 A389     		ldrh	r3, [r4, #12]
 372 006a 591C     		adds	r1, r3, #1
 373 006c A181     		strh	r1, [r4, #12]	@ movhi
 374              	@ 72 "../Dave/Generated/src/RTOS001/SRC/rt_HAL_CM.h" 1
 375 006e 62B6     		cpsie i
 376              	@ 0 "" 2
 377              		.thumb
 378 0070 0130     		adds	r0, r0, #1
 379 0072 E289     		ldrh	r2, [r4, #14]
 380 0074 83B2     		uxth	r3, r0
 381 0076 9A42     		cmp	r2, r3
 382 0078 2381     		strh	r3, [r4, #8]	@ movhi
 383 007a 01D1     		bne	.L45
 384 007c 0021     		movs	r1, #0
 385 007e 2181     		strh	r1, [r4, #8]	@ movhi
 386              	.L45:
 387 0080 0120     		movs	r0, #1
 388 0082 6870     		strb	r0, [r5, #1]
 389 0084 2846     		mov	r0, r5
 390 0086 FFF7FEFF 		bl	rt_rmv_dly
 391 008a 1348     		ldr	r0, .L50
 392 008c 2946     		mov	r1, r5
 393              	.L48:
 394 008e BDE87040 		pop	{r4, r5, r6, lr}
 395 0092 FFF7FEBF 		b	rt_put_prio
 396              	.L49:
 397 0096 2046     		mov	r0, r4
 398 0098 FFF7FEFF 		bl	rt_rmv_dly
 399 009c 0E48     		ldr	r0, .L50
 400 009e 2146     		mov	r1, r4
 401 00a0 F5E7     		b	.L48
 402              	.L39:
 403 00a2 8089     		ldrh	r0, [r0, #12]
 404 00a4 E289     		ldrh	r2, [r4, #14]
 405 00a6 9042     		cmp	r0, r2
 406 00a8 10D2     		bcs	.L46
 407 00aa 2189     		ldrh	r1, [r4, #8]
 408 00ac 0D1D     		adds	r5, r1, #4
 409 00ae 44F82560 		str	r6, [r4, r5, lsl #2]
 410              	@ 79 "../Dave/Generated/src/RTOS001/SRC/rt_HAL_CM.h" 1
 411 00b2 EFF31085 		mrs r5, primask
 412              	@ 0 "" 2
 413              	@ 80 "../Dave/Generated/src/RTOS001/SRC/rt_HAL_CM.h" 1
 414 00b6 72B6     		cpsid i
 415              	@ 0 "" 2
 416              		.thumb
 417 00b8 0130     		adds	r0, r0, #1
 418 00ba A081     		strh	r0, [r4, #12]	@ movhi
 419              	@ 72 "../Dave/Generated/src/RTOS001/SRC/rt_HAL_CM.h" 1
 420 00bc 62B6     		cpsie i
 421              	@ 0 "" 2
 422              		.thumb
 423 00be 0131     		adds	r1, r1, #1
 424 00c0 88B2     		uxth	r0, r1
 425 00c2 9042     		cmp	r0, r2
 426 00c4 2081     		strh	r0, [r4, #8]	@ movhi
 427 00c6 06D1     		bne	.L38
 428 00c8 2381     		strh	r3, [r4, #8]	@ movhi
 429 00ca 70BD     		pop	{r4, r5, r6, pc}
 430              	.L46:
 431 00cc 0320     		movs	r0, #3
 432 00ce BDE87040 		pop	{r4, r5, r6, lr}
 433 00d2 FFF7FEBF 		b	os_error
 434              	.L38:
 435 00d6 70BD     		pop	{r4, r5, r6, pc}
 436              	.L51:
 437              		.align	2
 438              	.L50:
 439 00d8 00000000 		.word	os_rdy
 441              		.ident	"GCC: (GNU Tools for ARM Embedded Processors) 4.7.4 20130913 (release) [ARM/embedded-4_7-br
DEFINED SYMBOLS
                            *ABS*:00000000 rt_Mailbox.c
C:\Users\LIUDAN~1\AppData\Local\Temp\ccK099mT.s:17     .text.rt_mbx_init:00000000 $t
C:\Users\LIUDAN~1\AppData\Local\Temp\ccK099mT.s:22     .text.rt_mbx_init:00000000 rt_mbx_init
C:\Users\LIUDAN~1\AppData\Local\Temp\ccK099mT.s:41     .text.rt_mbx_send:00000000 $t
C:\Users\LIUDAN~1\AppData\Local\Temp\ccK099mT.s:46     .text.rt_mbx_send:00000000 rt_mbx_send
C:\Users\LIUDAN~1\AppData\Local\Temp\ccK099mT.s:126    .text.rt_mbx_send:0000008c $d
C:\Users\LIUDAN~1\AppData\Local\Temp\ccK099mT.s:129    .text.rt_mbx_wait:00000000 $t
C:\Users\LIUDAN~1\AppData\Local\Temp\ccK099mT.s:134    .text.rt_mbx_wait:00000000 rt_mbx_wait
C:\Users\LIUDAN~1\AppData\Local\Temp\ccK099mT.s:226    .text.rt_mbx_wait:000000a0 $d
C:\Users\LIUDAN~1\AppData\Local\Temp\ccK099mT.s:229    .text.rt_mbx_check:00000000 $t
C:\Users\LIUDAN~1\AppData\Local\Temp\ccK099mT.s:234    .text.rt_mbx_check:00000000 rt_mbx_check
C:\Users\LIUDAN~1\AppData\Local\Temp\ccK099mT.s:244    .text.isr_mbx_send:00000000 $t
C:\Users\LIUDAN~1\AppData\Local\Temp\ccK099mT.s:249    .text.isr_mbx_send:00000000 isr_mbx_send
C:\Users\LIUDAN~1\AppData\Local\Temp\ccK099mT.s:258    .text.isr_mbx_receive:00000000 $t
C:\Users\LIUDAN~1\AppData\Local\Temp\ccK099mT.s:263    .text.isr_mbx_receive:00000000 isr_mbx_receive
C:\Users\LIUDAN~1\AppData\Local\Temp\ccK099mT.s:313    .text.rt_mbx_psh:00000000 $t
C:\Users\LIUDAN~1\AppData\Local\Temp\ccK099mT.s:318    .text.rt_mbx_psh:00000000 rt_mbx_psh
C:\Users\LIUDAN~1\AppData\Local\Temp\ccK099mT.s:439    .text.rt_mbx_psh:000000d8 $d

UNDEFINED SYMBOLS
rt_get_first
rt_ret_val2
rt_rmv_dly
rt_dispatch
rt_put_prio
rt_block
os_tsk
rt_ret_val
rt_psq_enq
rt_psh_req
rt_alloc_box
os_error
os_rdy
