   1              		.syntax unified
   2              		.cpu cortex-m4
   3              		.eabi_attribute 27, 3
   4              		.fpu fpv4-sp-d16
   5              		.eabi_attribute 20, 1
   6              		.eabi_attribute 21, 1
   7              		.eabi_attribute 23, 3
   8              		.eabi_attribute 24, 1
   9              		.eabi_attribute 25, 1
  10              		.eabi_attribute 26, 1
  11              		.eabi_attribute 30, 4
  12              		.eabi_attribute 34, 1
  13              		.eabi_attribute 18, 4
  14              		.thumb
  15              		.file	"rt_Robin.c"
  16              		.section	.text.rt_init_robin,"ax",%progbits
  17              		.align	1
  18              		.weak	rt_init_robin
  19              		.thumb
  20              		.thumb_func
  22              	rt_init_robin:
  23              		@ args = 0, pretend = 0, frame = 0
  24              		@ frame_needed = 0, uses_anonymous_args = 0
  25              		@ link register save eliminated.
  26 0000 0348     		ldr	r0, .L2
  27 0002 044B     		ldr	r3, .L2+4
  28 0004 0168     		ldr	r1, [r0, #0]
  29 0006 0022     		movs	r2, #0
  30 0008 1A60     		str	r2, [r3, #0]
  31 000a D980     		strh	r1, [r3, #6]	@ movhi
  32 000c 7047     		bx	lr
  33              	.L3:
  34 000e 00BF     		.align	2
  35              	.L2:
  36 0010 00000000 		.word	os_rrobin
  37 0014 00000000 		.word	os_robin
  39              		.section	.text.rt_chk_robin,"ax",%progbits
  40              		.align	1
  41              		.weak	rt_chk_robin
  42              		.thumb
  43              		.thumb_func
  45              	rt_chk_robin:
  46              		@ args = 0, pretend = 0, frame = 0
  47              		@ frame_needed = 0, uses_anonymous_args = 0
  48 0000 08B5     		push	{r3, lr}
  49 0002 0F48     		ldr	r0, .L8
  50 0004 0F4B     		ldr	r3, .L8+4
  51 0006 0168     		ldr	r1, [r0, #0]
  52 0008 5A68     		ldr	r2, [r3, #4]
  53 000a 9142     		cmp	r1, r2
  54 000c 06D0     		beq	.L5
  55 000e C388     		ldrh	r3, [r0, #6]
  56 0010 0D49     		ldr	r1, .L8+8
  57 0012 0260     		str	r2, [r0, #0]
  58 0014 5A1E     		subs	r2, r3, #1
  59 0016 0B68     		ldr	r3, [r1, #0]
  60 0018 D218     		adds	r2, r2, r3
  61 001a 8280     		strh	r2, [r0, #4]	@ movhi
  62              	.L5:
  63 001c 0A49     		ldr	r1, .L8+8
  64 001e 8088     		ldrh	r0, [r0, #4]
  65 0020 0B88     		ldrh	r3, [r1, #0]
  66 0022 9842     		cmp	r0, r3
  67 0024 0BD1     		bne	.L4
  68 0026 0648     		ldr	r0, .L8
  69 0028 0022     		movs	r2, #0
  70 002a 0260     		str	r2, [r0, #0]
  71 002c 0548     		ldr	r0, .L8+4
  72 002e FFF7FEFF 		bl	rt_get_first
  73 0032 0146     		mov	r1, r0
  74 0034 0348     		ldr	r0, .L8+4
  75 0036 BDE80840 		pop	{r3, lr}
  76 003a FFF7FEBF 		b	rt_put_prio
  77              	.L4:
  78 003e 08BD     		pop	{r3, pc}
  79              	.L9:
  80              		.align	2
  81              	.L8:
  82 0040 00000000 		.word	os_robin
  83 0044 00000000 		.word	os_rdy
  84 0048 00000000 		.word	os_time
  86              		.comm	os_robin,8,4
  87              		.ident	"GCC: (GNU Tools for ARM Embedded Processors) 4.7.4 20130913 (release) [ARM/embedded-4_7-br
DEFINED SYMBOLS
                            *ABS*:00000000 rt_Robin.c
C:\Users\LIUDAN~1\AppData\Local\Temp\ccd09XHr.s:17     .text.rt_init_robin:00000000 $t
C:\Users\LIUDAN~1\AppData\Local\Temp\ccd09XHr.s:22     .text.rt_init_robin:00000000 rt_init_robin
C:\Users\LIUDAN~1\AppData\Local\Temp\ccd09XHr.s:36     .text.rt_init_robin:00000010 $d
                            *COM*:00000008 os_robin
C:\Users\LIUDAN~1\AppData\Local\Temp\ccd09XHr.s:40     .text.rt_chk_robin:00000000 $t
C:\Users\LIUDAN~1\AppData\Local\Temp\ccd09XHr.s:45     .text.rt_chk_robin:00000000 rt_chk_robin
C:\Users\LIUDAN~1\AppData\Local\Temp\ccd09XHr.s:82     .text.rt_chk_robin:00000040 $d

UNDEFINED SYMBOLS
os_rrobin
rt_get_first
rt_put_prio
os_rdy
os_time
