   1              		.syntax unified
   2              		.cpu cortex-m4
   3              		.eabi_attribute 27, 3
   4              		.fpu fpv4-sp-d16
   5              		.eabi_attribute 20, 1
   6              		.eabi_attribute 21, 1
   7              		.eabi_attribute 23, 3
   8              		.eabi_attribute 24, 1
   9              		.eabi_attribute 25, 1
  10              		.eabi_attribute 26, 1
  11              		.eabi_attribute 30, 4
  12              		.eabi_attribute 34, 1
  13              		.eabi_attribute 18, 4
  14              		.thumb
  15              		.file	"rt_Time.c"
  16              		.section	.text.rt_time_get,"ax",%progbits
  17              		.align	1
  18              		.global	rt_time_get
  19              		.thumb
  20              		.thumb_func
  22              	rt_time_get:
  23              		@ args = 0, pretend = 0, frame = 0
  24              		@ frame_needed = 0, uses_anonymous_args = 0
  25              		@ link register save eliminated.
  26 0000 014B     		ldr	r3, .L2
  27 0002 1868     		ldr	r0, [r3, #0]
  28 0004 7047     		bx	lr
  29              	.L3:
  30 0006 00BF     		.align	2
  31              	.L2:
  32 0008 00000000 		.word	os_time
  34              		.section	.text.rt_dly_wait,"ax",%progbits
  35              		.align	1
  36              		.global	rt_dly_wait
  37              		.thumb
  38              		.thumb_func
  40              	rt_dly_wait:
  41              		@ args = 0, pretend = 0, frame = 0
  42              		@ frame_needed = 0, uses_anonymous_args = 0
  43              		@ link register save eliminated.
  44 0000 0321     		movs	r1, #3
  45 0002 FFF7FEBF 		b	rt_block
  47              		.section	.text.rt_itv_set,"ax",%progbits
  48              		.align	1
  49              		.global	rt_itv_set
  50              		.thumb
  51              		.thumb_func
  53              	rt_itv_set:
  54              		@ args = 0, pretend = 0, frame = 0
  55              		@ frame_needed = 0, uses_anonymous_args = 0
  56              		@ link register save eliminated.
  57 0000 034B     		ldr	r3, .L6
  58 0002 044A     		ldr	r2, .L6+4
  59 0004 1968     		ldr	r1, [r3, #0]
  60 0006 1368     		ldr	r3, [r2, #0]
  61 0008 C882     		strh	r0, [r1, #22]	@ movhi
  62 000a C018     		adds	r0, r0, r3
  63 000c 8882     		strh	r0, [r1, #20]	@ movhi
  64 000e 7047     		bx	lr
  65              	.L7:
  66              		.align	2
  67              	.L6:
  68 0010 00000000 		.word	os_tsk
  69 0014 00000000 		.word	os_time
  71              		.section	.text.rt_itv_wait,"ax",%progbits
  72              		.align	1
  73              		.global	rt_itv_wait
  74              		.thumb
  75              		.thumb_func
  77              	rt_itv_wait:
  78              		@ args = 0, pretend = 0, frame = 0
  79              		@ frame_needed = 0, uses_anonymous_args = 0
  80              		@ link register save eliminated.
  81 0000 074B     		ldr	r3, .L11
  82 0002 0849     		ldr	r1, .L11+4
  83 0004 1B68     		ldr	r3, [r3, #0]
  84 0006 0868     		ldr	r0, [r1, #0]
  85 0008 9A8A     		ldrh	r2, [r3, #20]
  86 000a 111A     		subs	r1, r2, r0
  87 000c 88B2     		uxth	r0, r1
  88 000e D98A     		ldrh	r1, [r3, #22]
  89 0010 5218     		adds	r2, r2, r1
  90 0012 9A82     		strh	r2, [r3, #20]	@ movhi
  91 0014 0304     		lsls	r3, r0, #16
  92 0016 02D4     		bmi	.L8
  93 0018 0421     		movs	r1, #4
  94 001a FFF7FEBF 		b	rt_block
  95              	.L8:
  96 001e 7047     		bx	lr
  97              	.L12:
  98              		.align	2
  99              	.L11:
 100 0020 00000000 		.word	os_tsk
 101 0024 00000000 		.word	os_time
 103              		.comm	os_time,4,4
 104              		.ident	"GCC: (GNU Tools for ARM Embedded Processors) 4.7.4 20130913 (release) [ARM/embedded-4_7-br
DEFINED SYMBOLS
                            *ABS*:00000000 rt_Time.c
C:\Users\LIUDAN~1\AppData\Local\Temp\ccZ3ssZA.s:17     .text.rt_time_get:00000000 $t
C:\Users\LIUDAN~1\AppData\Local\Temp\ccZ3ssZA.s:22     .text.rt_time_get:00000000 rt_time_get
C:\Users\LIUDAN~1\AppData\Local\Temp\ccZ3ssZA.s:32     .text.rt_time_get:00000008 $d
                            *COM*:00000004 os_time
C:\Users\LIUDAN~1\AppData\Local\Temp\ccZ3ssZA.s:35     .text.rt_dly_wait:00000000 $t
C:\Users\LIUDAN~1\AppData\Local\Temp\ccZ3ssZA.s:40     .text.rt_dly_wait:00000000 rt_dly_wait
C:\Users\LIUDAN~1\AppData\Local\Temp\ccZ3ssZA.s:48     .text.rt_itv_set:00000000 $t
C:\Users\LIUDAN~1\AppData\Local\Temp\ccZ3ssZA.s:53     .text.rt_itv_set:00000000 rt_itv_set
C:\Users\LIUDAN~1\AppData\Local\Temp\ccZ3ssZA.s:68     .text.rt_itv_set:00000010 $d
C:\Users\LIUDAN~1\AppData\Local\Temp\ccZ3ssZA.s:72     .text.rt_itv_wait:00000000 $t
C:\Users\LIUDAN~1\AppData\Local\Temp\ccZ3ssZA.s:77     .text.rt_itv_wait:00000000 rt_itv_wait
C:\Users\LIUDAN~1\AppData\Local\Temp\ccZ3ssZA.s:100    .text.rt_itv_wait:00000020 $d

UNDEFINED SYMBOLS
rt_block
os_tsk
