   1              		.syntax unified
   2              		.cpu cortex-m4
   3              		.eabi_attribute 27, 3
   4              		.fpu fpv4-sp-d16
   5              		.eabi_attribute 20, 1
   6              		.eabi_attribute 21, 1
   7              		.eabi_attribute 23, 3
   8              		.eabi_attribute 24, 1
   9              		.eabi_attribute 25, 1
  10              		.eabi_attribute 26, 1
  11              		.eabi_attribute 30, 4
  12              		.eabi_attribute 34, 1
  13              		.eabi_attribute 18, 4
  14              		.thumb
  15              		.file	"rt_Task.c"
  16              		.section	.text.rt_dispatch.part.0,"ax",%progbits
  17              		.align	1
  18              		.thumb
  19              		.thumb_func
  21              	rt_dispatch.part.0:
  22              		@ args = 0, pretend = 0, frame = 0
  23              		@ frame_needed = 0, uses_anonymous_args = 0
  24 0000 08B5     		push	{r3, lr}
  25 0002 0448     		ldr	r0, .L2
  26 0004 FFF7FEFF 		bl	rt_get_first
  27 0008 034B     		ldr	r3, .L2+4
  28 000a 0221     		movs	r1, #2
  29 000c 5860     		str	r0, [r3, #4]
  30 000e 4170     		strb	r1, [r0, #1]
  31 0010 08BD     		pop	{r3, pc}
  32              	.L3:
  33 0012 00BF     		.align	2
  34              	.L2:
  35 0014 00000000 		.word	os_rdy
  36 0018 00000000 		.word	os_tsk
  38              		.section	.text.rt_switch_req,"ax",%progbits
  39              		.align	1
  40              		.global	rt_switch_req
  41              		.thumb
  42              		.thumb_func
  44              	rt_switch_req:
  45              		@ args = 0, pretend = 0, frame = 0
  46              		@ frame_needed = 0, uses_anonymous_args = 0
  47              		@ link register save eliminated.
  48 0000 024B     		ldr	r3, .L5
  49 0002 0221     		movs	r1, #2
  50 0004 5860     		str	r0, [r3, #4]
  51 0006 4170     		strb	r1, [r0, #1]
  52 0008 7047     		bx	lr
  53              	.L6:
  54 000a 00BF     		.align	2
  55              	.L5:
  56 000c 00000000 		.word	os_tsk
  58              		.section	.text.rt_dispatch,"ax",%progbits
  59              		.align	1
  60              		.global	rt_dispatch
  61              		.thumb
  62              		.thumb_func
  64              	rt_dispatch:
  65              		@ args = 0, pretend = 0, frame = 0
  66              		@ frame_needed = 0, uses_anonymous_args = 0
  67 0000 70B5     		push	{r4, r5, r6, lr}
  68 0002 0446     		mov	r4, r0
  69 0004 18B9     		cbnz	r0, .L8
  70 0006 BDE87040 		pop	{r4, r5, r6, lr}
  71 000a FFF7FEBF 		b	rt_dispatch.part.0
  72              	.L8:
  73 000e 0B4D     		ldr	r5, .L13
  74 0010 A278     		ldrb	r2, [r4, #2]	@ zero_extendqisi2
  75 0012 2868     		ldr	r0, [r5, #0]
  76 0014 8378     		ldrb	r3, [r0, #2]	@ zero_extendqisi2
  77 0016 9A42     		cmp	r2, r3
  78 0018 4FF00106 		mov	r6, #1
  79 001c 07D9     		bls	.L9
  80 001e FFF7FEFF 		bl	rt_put_rdy_first
  81 0022 2868     		ldr	r0, [r5, #0]
  82 0024 0221     		movs	r1, #2
  83 0026 4670     		strb	r6, [r0, #1]
  84 0028 6C60     		str	r4, [r5, #4]
  85 002a 6170     		strb	r1, [r4, #1]
  86 002c 70BD     		pop	{r4, r5, r6, pc}
  87              	.L9:
  88 002e 0448     		ldr	r0, .L13+4
  89 0030 6670     		strb	r6, [r4, #1]
  90 0032 2146     		mov	r1, r4
  91 0034 BDE87040 		pop	{r4, r5, r6, lr}
  92 0038 FFF7FEBF 		b	rt_put_prio
  93              	.L14:
  94              		.align	2
  95              	.L13:
  96 003c 00000000 		.word	os_tsk
  97 0040 00000000 		.word	os_rdy
  99              		.section	.text.rt_block,"ax",%progbits
 100              		.align	1
 101              		.global	rt_block
 102              		.thumb
 103              		.thumb_func
 105              	rt_block:
 106              		@ args = 0, pretend = 0, frame = 0
 107              		@ frame_needed = 0, uses_anonymous_args = 0
 108 0000 38B5     		push	{r3, r4, r5, lr}
 109 0002 0D46     		mov	r5, r1
 110 0004 0146     		mov	r1, r0
 111 0006 78B1     		cbz	r0, .L15
 112 0008 4FF6FF72 		movw	r2, #65535
 113 000c 9042     		cmp	r0, r2
 114 000e 074C     		ldr	r4, .L21
 115 0010 02D0     		beq	.L17
 116 0012 2068     		ldr	r0, [r4, #0]
 117 0014 FFF7FEFF 		bl	rt_put_dly
 118              	.L17:
 119 0018 2368     		ldr	r3, [r4, #0]
 120 001a 0548     		ldr	r0, .L21+4
 121 001c 5D70     		strb	r5, [r3, #1]
 122 001e FFF7FEFF 		bl	rt_get_first
 123 0022 0221     		movs	r1, #2
 124 0024 6060     		str	r0, [r4, #4]
 125 0026 4170     		strb	r1, [r0, #1]
 126              	.L15:
 127 0028 38BD     		pop	{r3, r4, r5, pc}
 128              	.L22:
 129 002a 00BF     		.align	2
 130              	.L21:
 131 002c 00000000 		.word	os_tsk
 132 0030 00000000 		.word	os_rdy
 134              		.section	.text.rt_tsk_pass,"ax",%progbits
 135              		.align	1
 136              		.global	rt_tsk_pass
 137              		.thumb
 138              		.thumb_func
 140              	rt_tsk_pass:
 141              		@ args = 0, pretend = 0, frame = 0
 142              		@ frame_needed = 0, uses_anonymous_args = 0
 143 0000 38B5     		push	{r3, r4, r5, lr}
 144 0002 FFF7FEFF 		bl	rt_get_same_rdy_prio
 145 0006 0446     		mov	r4, r0
 146 0008 50B1     		cbz	r0, .L23
 147 000a 064D     		ldr	r5, .L28
 148 000c 0648     		ldr	r0, .L28+4
 149 000e 2968     		ldr	r1, [r5, #0]
 150 0010 FFF7FEFF 		bl	rt_put_prio
 151 0014 2B68     		ldr	r3, [r5, #0]
 152 0016 0122     		movs	r2, #1
 153 0018 0220     		movs	r0, #2
 154 001a 5A70     		strb	r2, [r3, #1]
 155 001c 6C60     		str	r4, [r5, #4]
 156 001e 6070     		strb	r0, [r4, #1]
 157              	.L23:
 158 0020 38BD     		pop	{r3, r4, r5, pc}
 159              	.L29:
 160 0022 00BF     		.align	2
 161              	.L28:
 162 0024 00000000 		.word	os_tsk
 163 0028 00000000 		.word	os_rdy
 165              		.section	.text.rt_tsk_self,"ax",%progbits
 166              		.align	1
 167              		.global	rt_tsk_self
 168              		.thumb
 169              		.thumb_func
 171              	rt_tsk_self:
 172              		@ args = 0, pretend = 0, frame = 0
 173              		@ frame_needed = 0, uses_anonymous_args = 0
 174              		@ link register save eliminated.
 175 0000 024B     		ldr	r3, .L33
 176 0002 1868     		ldr	r0, [r3, #0]
 177 0004 00B1     		cbz	r0, .L31
 178 0006 C078     		ldrb	r0, [r0, #3]	@ zero_extendqisi2
 179              	.L31:
 180 0008 7047     		bx	lr
 181              	.L34:
 182 000a 00BF     		.align	2
 183              	.L33:
 184 000c 00000000 		.word	os_tsk
 186              		.section	.text.rt_tsk_prio,"ax",%progbits
 187              		.align	1
 188              		.global	rt_tsk_prio
 189              		.thumb
 190              		.thumb_func
 192              	rt_tsk_prio:
 193              		@ args = 0, pretend = 0, frame = 0
 194              		@ frame_needed = 0, uses_anonymous_args = 0
 195 0000 10B5     		push	{r4, lr}
 196 0002 98B9     		cbnz	r0, .L36
 197 0004 1948     		ldr	r0, .L44
 198 0006 0368     		ldr	r3, [r0, #0]
 199 0008 9970     		strb	r1, [r3, #2]
 200 000a 83F82410 		strb	r1, [r3, #36]
 201              	.L37:
 202 000e 1848     		ldr	r0, .L44+4
 203 0010 4268     		ldr	r2, [r0, #4]
 204 0012 9378     		ldrb	r3, [r2, #2]	@ zero_extendqisi2
 205 0014 8B42     		cmp	r3, r1
 206 0016 24D9     		bls	.L43
 207              	.L38:
 208 0018 144C     		ldr	r4, .L44
 209 001a 2168     		ldr	r1, [r4, #0]
 210 001c FFF7FEFF 		bl	rt_put_prio
 211 0020 2168     		ldr	r1, [r4, #0]
 212 0022 0120     		movs	r0, #1
 213 0024 4870     		strb	r0, [r1, #1]
 214 0026 FFF7FEFF 		bl	rt_dispatch.part.0
 215 002a 1AE0     		b	.L43
 216              	.L36:
 217 002c 114B     		ldr	r3, .L44+8
 218 002e 1A88     		ldrh	r2, [r3, #0]
 219 0030 9042     		cmp	r0, r2
 220 0032 18D8     		bhi	.L42
 221 0034 0138     		subs	r0, r0, #1
 222 0036 104C     		ldr	r4, .L44+12
 223 0038 54F82040 		ldr	r4, [r4, r0, lsl #2]
 224 003c 9CB1     		cbz	r4, .L42
 225 003e 0B4B     		ldr	r3, .L44
 226 0040 A170     		strb	r1, [r4, #2]
 227 0042 1A68     		ldr	r2, [r3, #0]
 228 0044 84F82410 		strb	r1, [r4, #36]
 229 0048 9442     		cmp	r4, r2
 230 004a E0D0     		beq	.L37
 231 004c 2046     		mov	r0, r4
 232 004e FFF7FEFF 		bl	rt_resort_prio
 233 0052 6178     		ldrb	r1, [r4, #1]	@ zero_extendqisi2
 234 0054 0129     		cmp	r1, #1
 235 0056 04D1     		bne	.L43
 236 0058 0548     		ldr	r0, .L44+4
 237 005a FFF7FEFF 		bl	rt_get_first
 238 005e FFF7FEFF 		bl	rt_dispatch
 239              	.L43:
 240 0062 0020     		movs	r0, #0
 241 0064 10BD     		pop	{r4, pc}
 242              	.L42:
 243 0066 FF20     		movs	r0, #255
 244 0068 10BD     		pop	{r4, pc}
 245              	.L45:
 246 006a 00BF     		.align	2
 247              	.L44:
 248 006c 00000000 		.word	os_tsk
 249 0070 00000000 		.word	os_rdy
 250 0074 00000000 		.word	os_maxtaskrun
 251 0078 00000000 		.word	os_active_TCB
 253              		.section	.text.rt_tsk_create,"ax",%progbits
 254              		.align	1
 255              		.global	rt_tsk_create
 256              		.thumb
 257              		.thumb_func
 259              	rt_tsk_create:
 260              		@ args = 0, pretend = 0, frame = 0
 261              		@ frame_needed = 0, uses_anonymous_args = 0
 262 0000 2DE9F041 		push	{r4, r5, r6, r7, r8, lr}
 263 0004 11F0FF0F 		tst	r1, #255
 264 0008 0646     		mov	r6, r0
 265 000a 2348     		ldr	r0, .L58
 266 000c 0D46     		mov	r5, r1
 267 000e 1746     		mov	r7, r2
 268 0010 9846     		mov	r8, r3
 269 0012 08BF     		it	eq
 270 0014 4D1C     		addeq	r5, r1, #1
 271 0016 FFF7FEFF 		bl	rt_alloc_box
 272 001a 0446     		mov	r4, r0
 273 001c 0028     		cmp	r0, #0
 274 001e 37D0     		beq	.L53
 275 0020 C5F30F22 		ubfx	r2, r5, #8, #16
 276 0024 0023     		movs	r3, #0
 277 0026 C762     		str	r7, [r0, #44]
 278 0028 C284     		strh	r2, [r0, #38]	@ movhi
 279 002a C0F81C80 		str	r8, [r0, #28]
 280 002e 0121     		movs	r1, #1
 281 0030 E8B2     		uxtb	r0, r5
 282 0032 2370     		strb	r3, [r4, #0]
 283 0034 6170     		strb	r1, [r4, #1]
 284 0036 A070     		strb	r0, [r4, #2]
 285 0038 84F82400 		strb	r0, [r4, #36]
 286 003c 6360     		str	r3, [r4, #4]
 287 003e A360     		str	r3, [r4, #8]
 288 0040 E360     		str	r3, [r4, #12]
 289 0042 2361     		str	r3, [r4, #16]
 290 0044 2362     		str	r3, [r4, #32]
 291 0046 A382     		strh	r3, [r4, #20]	@ movhi
 292 0048 E382     		strh	r3, [r4, #22]	@ movhi
 293 004a 2383     		strh	r3, [r4, #24]	@ movhi
 294 004c 6383     		strh	r3, [r4, #26]	@ movhi
 295 004e 84F82530 		strb	r3, [r4, #37]
 296 0052 1AB9     		cbnz	r2, .L49
 297 0054 1148     		ldr	r0, .L58+4
 298 0056 FFF7FEFF 		bl	rt_alloc_box
 299 005a E062     		str	r0, [r4, #44]
 300              	.L49:
 301 005c 2046     		mov	r0, r4
 302 005e 3146     		mov	r1, r6
 303 0060 FFF7FEFF 		bl	rt_init_stack
 304 0064 0E4A     		ldr	r2, .L58+8
 305 0066 1388     		ldrh	r3, [r2, #0]
 306 0068 0125     		movs	r5, #1
 307              	.L50:
 308 006a 9D42     		cmp	r5, r3
 309 006c 0D48     		ldr	r0, .L58+12
 310 006e 06D8     		bhi	.L57
 311              	.L52:
 312 0070 00EB8501 		add	r1, r0, r5, lsl #2
 313 0074 51F8042C 		ldr	r2, [r1, #-4]
 314 0078 12B1     		cbz	r2, .L51
 315 007a 0135     		adds	r5, r5, #1
 316 007c F5E7     		b	.L50
 317              	.L57:
 318 007e 0025     		movs	r5, #0
 319              	.L51:
 320 0080 6B1E     		subs	r3, r5, #1
 321 0082 40F82340 		str	r4, [r0, r3, lsl #2]
 322 0086 E570     		strb	r5, [r4, #3]
 323 0088 2046     		mov	r0, r4
 324 008a FFF7FEFF 		bl	rt_dispatch
 325 008e 00E0     		b	.L48
 326              	.L53:
 327 0090 0546     		mov	r5, r0
 328              	.L48:
 329 0092 2846     		mov	r0, r5
 330 0094 BDE8F081 		pop	{r4, r5, r6, r7, r8, pc}
 331              	.L59:
 332              		.align	2
 333              	.L58:
 334 0098 00000000 		.word	mp_tcb
 335 009c 00000000 		.word	mp_stk
 336 00a0 00000000 		.word	os_maxtaskrun
 337 00a4 00000000 		.word	os_active_TCB
 339              		.section	.text.rt_tsk_delete,"ax",%progbits
 340              		.align	1
 341              		.global	rt_tsk_delete
 342              		.thumb
 343              		.thumb_func
 345              	rt_tsk_delete:
 346              		@ args = 0, pretend = 0, frame = 0
 347              		@ frame_needed = 0, uses_anonymous_args = 0
 348 0000 2DE9F041 		push	{r4, r5, r6, r7, r8, lr}
 349 0004 474C     		ldr	r4, .L83
 350 0006 18B1     		cbz	r0, .L61
 351 0008 2368     		ldr	r3, [r4, #0]
 352 000a D978     		ldrb	r1, [r3, #3]	@ zero_extendqisi2
 353 000c 8842     		cmp	r0, r1
 354 000e 37D1     		bne	.L62
 355              	.L61:
 356 0010 2568     		ldr	r5, [r4, #0]
 357 0012 0023     		movs	r3, #0
 358 0014 6B70     		strb	r3, [r5, #1]
 359 0016 FFF7FEFF 		bl	rt_get_PSP
 360 001a A862     		str	r0, [r5, #40]
 361 001c FFF7FEFF 		bl	rt_stk_check
 362 0020 2468     		ldr	r4, [r4, #0]
 363 0022 246A     		ldr	r4, [r4, #32]
 364              	.L78:
 365 0024 D4B1     		cbz	r4, .L81
 366              	.L66:
 367 0026 6568     		ldr	r5, [r4, #4]
 368 0028 B5B1     		cbz	r5, .L64
 369 002a 2046     		mov	r0, r4
 370 002c FFF7FEFF 		bl	rt_get_first
 371 0030 0021     		movs	r1, #0
 372 0032 0546     		mov	r5, r0
 373 0034 0126     		movs	r6, #1
 374 0036 FFF7FEFF 		bl	rt_ret_val
 375 003a 2846     		mov	r0, r5
 376 003c FFF7FEFF 		bl	rt_rmv_dly
 377 0040 6E70     		strb	r6, [r5, #1]
 378 0042 3948     		ldr	r0, .L83+4
 379 0044 2946     		mov	r1, r5
 380 0046 FFF7FEFF 		bl	rt_put_prio
 381 004a 2B6A     		ldr	r3, [r5, #32]
 382 004c 6680     		strh	r6, [r4, #2]	@ movhi
 383 004e A560     		str	r5, [r4, #8]
 384 0050 E360     		str	r3, [r4, #12]
 385 0052 2C62     		str	r4, [r5, #32]
 386 0054 1C46     		mov	r4, r3
 387 0056 E5E7     		b	.L78
 388              	.L64:
 389 0058 E468     		ldr	r4, [r4, #12]
 390 005a E3E7     		b	.L78
 391              	.L81:
 392 005c 314D     		ldr	r5, .L83
 393 005e 3349     		ldr	r1, .L83+8
 394 0060 2B68     		ldr	r3, [r5, #0]
 395 0062 DA78     		ldrb	r2, [r3, #3]	@ zero_extendqisi2
 396 0064 501E     		subs	r0, r2, #1
 397 0066 41F82040 		str	r4, [r1, r0, lsl #2]
 398 006a 3148     		ldr	r0, .L83+12
 399 006c D96A     		ldr	r1, [r3, #44]
 400 006e FFF7FEFF 		bl	rt_free_box
 401 0072 2968     		ldr	r1, [r5, #0]
 402 0074 2F48     		ldr	r0, .L83+16
 403 0076 CC62     		str	r4, [r1, #44]
 404 0078 FFF7FEFF 		bl	rt_free_box
 405 007c 2C60     		str	r4, [r5, #0]
 406 007e 47E0     		b	.L80
 407              	.L62:
 408 0080 2D4A     		ldr	r2, .L83+20
 409 0082 1388     		ldrh	r3, [r2, #0]
 410 0084 9842     		cmp	r0, r3
 411 0086 46D8     		bhi	.L73
 412 0088 471E     		subs	r7, r0, #1
 413 008a 2848     		ldr	r0, .L83+8
 414 008c 50F82750 		ldr	r5, [r0, r7, lsl #2]
 415 0090 002D     		cmp	r5, #0
 416 0092 40D0     		beq	.L73
 417 0094 2846     		mov	r0, r5
 418 0096 FFF7FEFF 		bl	rt_rmv_list
 419 009a 2846     		mov	r0, r5
 420 009c FFF7FEFF 		bl	rt_rmv_dly
 421 00a0 2C6A     		ldr	r4, [r5, #32]
 422              	.L79:
 423 00a2 ECB1     		cbz	r4, .L82
 424              	.L71:
 425 00a4 6068     		ldr	r0, [r4, #4]
 426 00a6 C8B1     		cbz	r0, .L69
 427 00a8 2046     		mov	r0, r4
 428 00aa FFF7FEFF 		bl	rt_get_first
 429 00ae 0021     		movs	r1, #0
 430 00b0 0646     		mov	r6, r0
 431 00b2 4FF00108 		mov	r8, #1
 432 00b6 FFF7FEFF 		bl	rt_ret_val
 433 00ba 3046     		mov	r0, r6
 434 00bc FFF7FEFF 		bl	rt_rmv_dly
 435 00c0 3146     		mov	r1, r6
 436 00c2 86F80180 		strb	r8, [r6, #1]
 437 00c6 1848     		ldr	r0, .L83+4
 438 00c8 FFF7FEFF 		bl	rt_put_prio
 439 00cc 316A     		ldr	r1, [r6, #32]
 440 00ce A4F80280 		strh	r8, [r4, #2]	@ movhi
 441 00d2 A660     		str	r6, [r4, #8]
 442 00d4 E160     		str	r1, [r4, #12]
 443 00d6 3462     		str	r4, [r6, #32]
 444 00d8 0C46     		mov	r4, r1
 445 00da E2E7     		b	.L79
 446              	.L69:
 447 00dc E468     		ldr	r4, [r4, #12]
 448 00de E0E7     		b	.L79
 449              	.L82:
 450 00e0 1249     		ldr	r1, .L83+8
 451 00e2 1348     		ldr	r0, .L83+12
 452 00e4 41F82740 		str	r4, [r1, r7, lsl #2]
 453 00e8 E96A     		ldr	r1, [r5, #44]
 454 00ea FFF7FEFF 		bl	rt_free_box
 455 00ee 2946     		mov	r1, r5
 456 00f0 EC62     		str	r4, [r5, #44]
 457 00f2 1048     		ldr	r0, .L83+16
 458 00f4 FFF7FEFF 		bl	rt_free_box
 459 00f8 0A4A     		ldr	r2, .L83
 460 00fa 0B48     		ldr	r0, .L83+4
 461 00fc 1168     		ldr	r1, [r2, #0]
 462 00fe 4368     		ldr	r3, [r0, #4]
 463 0100 9A78     		ldrb	r2, [r3, #2]	@ zero_extendqisi2
 464 0102 8B78     		ldrb	r3, [r1, #2]	@ zero_extendqisi2
 465 0104 9A42     		cmp	r2, r3
 466 0106 09D9     		bls	.L74
 467 0108 0122     		movs	r2, #1
 468 010a 4A70     		strb	r2, [r1, #1]
 469 010c FFF7FEFF 		bl	rt_put_prio
 470              	.L80:
 471 0110 FFF7FEFF 		bl	rt_dispatch.part.0
 472 0114 02E0     		b	.L74
 473              	.L73:
 474 0116 FF20     		movs	r0, #255
 475 0118 BDE8F081 		pop	{r4, r5, r6, r7, r8, pc}
 476              	.L74:
 477 011c 2046     		mov	r0, r4
 478 011e BDE8F081 		pop	{r4, r5, r6, r7, r8, pc}
 479              	.L84:
 480 0122 00BF     		.align	2
 481              	.L83:
 482 0124 00000000 		.word	os_tsk
 483 0128 00000000 		.word	os_rdy
 484 012c 00000000 		.word	os_active_TCB
 485 0130 00000000 		.word	mp_stk
 486 0134 00000000 		.word	mp_tcb
 487 0138 00000000 		.word	os_maxtaskrun
 489              		.section	.text.rt_sys_init,"ax",%progbits
 490              		.align	1
 491              		.global	rt_sys_init
 492              		.thumb
 493              		.thumb_func
 495              	rt_sys_init:
 496              		@ args = 0, pretend = 0, frame = 0
 497              		@ frame_needed = 0, uses_anonymous_args = 0
 498 0000 3C4B     		ldr	r3, .L90
 499 0002 70B5     		push	{r4, r5, r6, lr}
 500 0004 1C88     		ldrh	r4, [r3, #0]
 501 0006 0022     		movs	r2, #0
 502              	.L86:
 503 0008 A242     		cmp	r2, r4
 504 000a 05D2     		bcs	.L89
 505              	.L87:
 506 000c 3A4E     		ldr	r6, .L90+4
 507 000e 0025     		movs	r5, #0
 508 0010 46F82250 		str	r5, [r6, r2, lsl #2]
 509 0014 0132     		adds	r2, r2, #1
 510 0016 F7E7     		b	.L86
 511              	.L89:
 512 0018 3849     		ldr	r1, .L90+8
 513 001a 3948     		ldr	r0, .L90+12
 514 001c 0988     		ldrh	r1, [r1, #0]
 515 001e 394C     		ldr	r4, .L90+16
 516 0020 394D     		ldr	r5, .L90+20
 517 0022 3A4E     		ldr	r6, .L90+24
 518 0024 3422     		movs	r2, #52
 519 0026 FFF7FEFF 		bl	_init_box
 520 002a 3948     		ldr	r0, .L90+28
 521 002c 2168     		ldr	r1, [r4, #0]
 522 002e 0288     		ldrh	r2, [r0, #0]
 523 0030 3848     		ldr	r0, .L90+32
 524 0032 394C     		ldr	r4, .L90+36
 525 0034 42F00042 		orr	r2, r2, #-2147483648
 526 0038 FFF7FEFF 		bl	_init_box
 527 003c 0822     		movs	r2, #8
 528 003e 3188     		ldrh	r1, [r6, #0]
 529 0040 2868     		ldr	r0, [r5, #0]
 530 0042 FFF7FEFF 		bl	_init_box
 531 0046 0025     		movs	r5, #0
 532 0048 FF23     		movs	r3, #255
 533 004a 0121     		movs	r1, #1
 534 004c 3148     		ldr	r0, .L90+32
 535 004e E370     		strb	r3, [r4, #3]
 536 0050 6170     		strb	r1, [r4, #1]
 537 0052 E584     		strh	r5, [r4, #38]	@ movhi
 538 0054 2570     		strb	r5, [r4, #0]
 539 0056 A570     		strb	r5, [r4, #2]
 540 0058 84F82450 		strb	r5, [r4, #36]
 541 005c 6560     		str	r5, [r4, #4]
 542 005e A560     		str	r5, [r4, #8]
 543 0060 E560     		str	r5, [r4, #12]
 544 0062 2561     		str	r5, [r4, #16]
 545 0064 2562     		str	r5, [r4, #32]
 546 0066 A582     		strh	r5, [r4, #20]	@ movhi
 547 0068 E582     		strh	r5, [r4, #22]	@ movhi
 548 006a 2583     		strh	r5, [r4, #24]	@ movhi
 549 006c 6583     		strh	r5, [r4, #26]	@ movhi
 550 006e 84F82550 		strb	r5, [r4, #37]
 551 0072 FFF7FEFF 		bl	rt_alloc_box
 552 0076 2949     		ldr	r1, .L90+40
 553 0078 E062     		str	r0, [r4, #44]
 554 007a 2046     		mov	r0, r4
 555 007c FFF7FEFF 		bl	rt_init_stack
 556 0080 274B     		ldr	r3, .L90+44
 557 0082 2848     		ldr	r0, .L90+48
 558 0084 2849     		ldr	r1, .L90+52
 559 0086 DD60     		str	r5, [r3, #12]
 560 0088 0422     		movs	r2, #4
 561 008a 0270     		strb	r2, [r0, #0]
 562 008c 1A70     		strb	r2, [r3, #0]
 563 008e 274A     		ldr	r2, .L90+56
 564 0090 0C60     		str	r4, [r1, #0]
 565 0092 1D61     		str	r5, [r3, #16]
 566 0094 1178     		ldrb	r1, [r2, #0]	@ zero_extendqisi2
 567 0096 9D82     		strh	r5, [r3, #20]	@ movhi
 568 0098 254B     		ldr	r3, .L90+60
 569 009a 4560     		str	r5, [r0, #4]
 570 009c 0220     		movs	r0, #2
 571 009e 6070     		strb	r0, [r4, #1]
 572 00a0 1D70     		strb	r5, [r3, #0]
 573 00a2 5D70     		strb	r5, [r3, #1]
 574 00a4 D970     		strb	r1, [r3, #3]
 575 00a6 FFF7FEFF 		bl	rt_init_robin
 576 00aa 2248     		ldr	r0, .L90+64
 577 00ac 0368     		ldr	r3, [r0, #0]
 578 00ae 43F47F02 		orr	r2, r3, #16711680
 579 00b2 0260     		str	r2, [r0, #0]
 580 00b4 0168     		ldr	r1, [r0, #0]
 581 00b6 0802     		lsls	r0, r1, #8
 582 00b8 00F07F43 		and	r3, r0, #-16777216
 583 00bc 2E46     		mov	r6, r5	@ movhi
 584 00be DA43     		mvns	r2, r3
 585              	@ 90 "../Dave/Generated/src/RTOS001/SRC/rt_HAL_CM.h" 1
 586 00c0 B2FA82F1 		clz r1, r2
 587              	@ 0 "" 2
 588              		.thumb
 589 00c4 1C4A     		ldr	r2, .L90+68
 590 00c6 C8B2     		uxtb	r0, r1
 591 00c8 1168     		ldr	r1, [r2, #0]
 592 00ca 1C4A     		ldr	r2, .L90+72
 593 00cc C0F10803 		rsb	r3, r0, #8
 594 00d0 C1F30220 		ubfx	r0, r1, #8, #3
 595 00d4 9842     		cmp	r0, r3
 596 00d6 A8BF     		it	ge
 597 00d8 431C     		addge	r3, r0, #1
 598 00da 1168     		ldr	r1, [r2, #0]
 599 00dc 6FF08070 		mvn	r0, #16777216
 600 00e0 00FA03F3 		lsl	r3, r0, r3
 601 00e4 03F07F40 		and	r0, r3, #-16777216
 602 00e8 21F07F41 		bic	r1, r1, #-16777216
 603 00ec 0843     		orrs	r0, r0, r1
 604 00ee 1060     		str	r0, [r2, #0]
 605 00f0 70BD     		pop	{r4, r5, r6, pc}
 606              	.L91:
 607 00f2 00BF     		.align	2
 608              	.L90:
 609 00f4 00000000 		.word	os_maxtaskrun
 610 00f8 00000000 		.word	os_active_TCB
 611 00fc 00000000 		.word	mp_tcb_size
 612 0100 00000000 		.word	mp_tcb
 613 0104 00000000 		.word	mp_stk_size
 614 0108 00000000 		.word	m_tmr
 615 010c 00000000 		.word	mp_tmr_size
 616 0110 00000000 		.word	os_stackinfo
 617 0114 00000000 		.word	mp_stk
 618 0118 00000000 		.word	os_idle_TCB
 619 011c 00000000 		.word	os_idle_demon
 620 0120 00000000 		.word	os_dly
 621 0124 00000000 		.word	os_rdy
 622 0128 00000000 		.word	os_tsk
 623 012c 00000000 		.word	os_fifo_size
 624 0130 00000000 		.word	os_fifo
 625 0134 20ED00E0 		.word	-536810208
 626 0138 0CED00E0 		.word	-536810228
 627 013c 1CED00E0 		.word	-536810212
 629              		.section	.text.rt_sys_start,"ax",%progbits
 630              		.align	1
 631              		.global	rt_sys_start
 632              		.thumb
 633              		.thumb_func
 635              	rt_sys_start:
 636              		@ args = 0, pretend = 0, frame = 0
 637              		@ frame_needed = 0, uses_anonymous_args = 0
 638 0000 08B5     		push	{r3, lr}
 639 0002 FFF7FEFF 		bl	os_tick_init
 640 0006 0C4B     		ldr	r3, .L94
 641 0008 0028     		cmp	r0, #0
 642 000a 1860     		str	r0, [r3, #0]
 643 000c 12DB     		blt	.L92
 644 000e 00F16040 		add	r0, r0, #-536870912
 645 0012 00F56441 		add	r1, r0, #58368
 646 0016 FF22     		movs	r2, #255
 647 0018 0A70     		strb	r2, [r1, #0]
 648 001a 1B68     		ldr	r3, [r3, #0]
 649 001c 5811     		asrs	r0, r3, #5
 650 001e 8100     		lsls	r1, r0, #2
 651 0020 01F16042 		add	r2, r1, #-536870912
 652 0024 02F56140 		add	r0, r2, #57600
 653 0028 03F01F03 		and	r3, r3, #31
 654 002c 0121     		movs	r1, #1
 655 002e 01FA03F2 		lsl	r2, r1, r3
 656 0032 0260     		str	r2, [r0, #0]
 657              	.L92:
 658 0034 08BD     		pop	{r3, pc}
 659              	.L95:
 660 0036 00BF     		.align	2
 661              	.L94:
 662 0038 00000000 		.word	os_tick_irqn
 664              		.comm	os_idle_TCB,52,4
 665              		.comm	os_tsk,8,4
 666              		.ident	"GCC: (GNU Tools for ARM Embedded Processors) 4.7.4 20130913 (release) [ARM/embedded-4_7-br
DEFINED SYMBOLS
                            *ABS*:00000000 rt_Task.c
C:\Users\LIUDAN~1\AppData\Local\Temp\cc7qyE8Z.s:17     .text.rt_dispatch.part.0:00000000 $t
C:\Users\LIUDAN~1\AppData\Local\Temp\cc7qyE8Z.s:21     .text.rt_dispatch.part.0:00000000 rt_dispatch.part.0
C:\Users\LIUDAN~1\AppData\Local\Temp\cc7qyE8Z.s:35     .text.rt_dispatch.part.0:00000014 $d
                            *COM*:00000008 os_tsk
C:\Users\LIUDAN~1\AppData\Local\Temp\cc7qyE8Z.s:39     .text.rt_switch_req:00000000 $t
C:\Users\LIUDAN~1\AppData\Local\Temp\cc7qyE8Z.s:44     .text.rt_switch_req:00000000 rt_switch_req
C:\Users\LIUDAN~1\AppData\Local\Temp\cc7qyE8Z.s:56     .text.rt_switch_req:0000000c $d
C:\Users\LIUDAN~1\AppData\Local\Temp\cc7qyE8Z.s:59     .text.rt_dispatch:00000000 $t
C:\Users\LIUDAN~1\AppData\Local\Temp\cc7qyE8Z.s:64     .text.rt_dispatch:00000000 rt_dispatch
C:\Users\LIUDAN~1\AppData\Local\Temp\cc7qyE8Z.s:96     .text.rt_dispatch:0000003c $d
C:\Users\LIUDAN~1\AppData\Local\Temp\cc7qyE8Z.s:100    .text.rt_block:00000000 $t
C:\Users\LIUDAN~1\AppData\Local\Temp\cc7qyE8Z.s:105    .text.rt_block:00000000 rt_block
C:\Users\LIUDAN~1\AppData\Local\Temp\cc7qyE8Z.s:131    .text.rt_block:0000002c $d
C:\Users\LIUDAN~1\AppData\Local\Temp\cc7qyE8Z.s:135    .text.rt_tsk_pass:00000000 $t
C:\Users\LIUDAN~1\AppData\Local\Temp\cc7qyE8Z.s:140    .text.rt_tsk_pass:00000000 rt_tsk_pass
C:\Users\LIUDAN~1\AppData\Local\Temp\cc7qyE8Z.s:162    .text.rt_tsk_pass:00000024 $d
C:\Users\LIUDAN~1\AppData\Local\Temp\cc7qyE8Z.s:166    .text.rt_tsk_self:00000000 $t
C:\Users\LIUDAN~1\AppData\Local\Temp\cc7qyE8Z.s:171    .text.rt_tsk_self:00000000 rt_tsk_self
C:\Users\LIUDAN~1\AppData\Local\Temp\cc7qyE8Z.s:184    .text.rt_tsk_self:0000000c $d
C:\Users\LIUDAN~1\AppData\Local\Temp\cc7qyE8Z.s:187    .text.rt_tsk_prio:00000000 $t
C:\Users\LIUDAN~1\AppData\Local\Temp\cc7qyE8Z.s:192    .text.rt_tsk_prio:00000000 rt_tsk_prio
C:\Users\LIUDAN~1\AppData\Local\Temp\cc7qyE8Z.s:248    .text.rt_tsk_prio:0000006c $d
C:\Users\LIUDAN~1\AppData\Local\Temp\cc7qyE8Z.s:254    .text.rt_tsk_create:00000000 $t
C:\Users\LIUDAN~1\AppData\Local\Temp\cc7qyE8Z.s:259    .text.rt_tsk_create:00000000 rt_tsk_create
C:\Users\LIUDAN~1\AppData\Local\Temp\cc7qyE8Z.s:334    .text.rt_tsk_create:00000098 $d
C:\Users\LIUDAN~1\AppData\Local\Temp\cc7qyE8Z.s:340    .text.rt_tsk_delete:00000000 $t
C:\Users\LIUDAN~1\AppData\Local\Temp\cc7qyE8Z.s:345    .text.rt_tsk_delete:00000000 rt_tsk_delete
C:\Users\LIUDAN~1\AppData\Local\Temp\cc7qyE8Z.s:482    .text.rt_tsk_delete:00000124 $d
C:\Users\LIUDAN~1\AppData\Local\Temp\cc7qyE8Z.s:490    .text.rt_sys_init:00000000 $t
C:\Users\LIUDAN~1\AppData\Local\Temp\cc7qyE8Z.s:495    .text.rt_sys_init:00000000 rt_sys_init
C:\Users\LIUDAN~1\AppData\Local\Temp\cc7qyE8Z.s:609    .text.rt_sys_init:000000f4 $d
                            *COM*:00000034 os_idle_TCB
C:\Users\LIUDAN~1\AppData\Local\Temp\cc7qyE8Z.s:630    .text.rt_sys_start:00000000 $t
C:\Users\LIUDAN~1\AppData\Local\Temp\cc7qyE8Z.s:635    .text.rt_sys_start:00000000 rt_sys_start
C:\Users\LIUDAN~1\AppData\Local\Temp\cc7qyE8Z.s:662    .text.rt_sys_start:00000038 $d

UNDEFINED SYMBOLS
rt_get_first
os_rdy
rt_put_rdy_first
rt_put_prio
rt_put_dly
rt_get_same_rdy_prio
rt_resort_prio
os_maxtaskrun
os_active_TCB
rt_alloc_box
rt_init_stack
mp_tcb
mp_stk
rt_get_PSP
rt_stk_check
rt_ret_val
rt_rmv_dly
rt_free_box
rt_rmv_list
_init_box
rt_init_robin
mp_tcb_size
mp_stk_size
m_tmr
mp_tmr_size
os_stackinfo
os_idle_demon
os_dly
os_fifo_size
os_fifo
os_tick_init
os_tick_irqn
