   1              	# 1 "../Dave/Generated/src/RTOS001/SRC/SVC_Table.s"
   1              	;/*----------------------------------------------------------------------------
   0              	
   2              	; *      RL-ARM - RTX
   3              	; *----------------------------------------------------------------------------
   4              	; *      Name:    SVC_TABLE.S
   5              	; *      Purpose: Pre-defined SVC Table for Cortex-M
   6              	; *      Rev.:    V4.70
   7              	; *----------------------------------------------------------------------------
   8              	; *
   9              	; * Copyright (c) 1999-2009 KEIL, 2009-2013 ARM Germany GmbH
  10              	; * All rights reserved.
  11              	; * Redistribution and use in source and binary forms, with or without
  12              	; * modification, are permitted provided that the following conditions are met:
  13              	; *  - Redistributions of source code must retain the above copyright
  14              	; *    notice, this list of conditions and the following disclaimer.
  15              	; *  - Redistributions in binary form must reproduce the above copyright
  16              	; *    notice, this list of conditions and the following disclaimer in the
  17              	; *    documentation and/or other materials provided with the distribution.
  18              	; *  - Neither the name of ARM  nor the names of its contributors may be used 
  19              	; *    to endorse or promote products derived from this software without 
  20              	; *    specific prior written permission.
  21              	; *
  22              	; * THIS SOFTWARE IS PROVIDED BY THE COPYRIGHT HOLDERS AND CONTRIBUTORS "AS IS" 
  23              	; * AND ANY EXPRESS OR IMPLIED WARRANTIES, INCLUDING, BUT NOT LIMITED TO, THE 
  24              	; * IMPLIED WARRANTIES OF MERCHANTABILITY AND FITNESS FOR A PARTICULAR PURPOSE
  25              	; * ARE DISCLAIMED. IN NO EVENT SHALL COPYRIGHT HOLDERS AND CONTRIBUTORS BE
  26              	; * LIABLE FOR ANY DIRECT, INDIRECT, INCIDENTAL, SPECIAL, EXEMPLARY, OR
  27              	; * CONSEQUENTIAL DAMAGES (INCLUDING, BUT NOT LIMITED TO, PROCUREMENT OF 
  28              	; * SUBSTITUTE GOODS OR SERVICES; LOSS OF USE, DATA, OR PROFITS; OR BUSINESS 
  29              	; * INTERRUPTION) HOWEVER CAUSED AND ON ANY THEORY OF LIABILITY, WHETHER IN 
  30              	; * CONTRACT, STRICT LIABILITY, OR TORT (INCLUDING NEGLIGENCE OR OTHERWISE) 
  31              	; * ARISING IN ANY WAY OUT OF THE USE OF THIS SOFTWARE, EVEN IF ADVISED OF THE
  32              	; * POSSIBILITY OF SUCH DAMAGE.
  33              	; *---------------------------------------------------------------------------*/
  34              	
  35              	#ifdef __GNUC__
  36              	
  37              	        .file   "SVC_Table.S"
   0              	
DEFINED SYMBOLS
                            *ABS*:00000000 SVC_Table.S
         SVC_Table.S:43     .svc_table:00000000 SVC_Table
         SVC_Table.S:46     .svc_table:00000000 SVC_End
         SVC_Table.S:49     .svc_table:00000000 SVC_Count

NO UNDEFINED SYMBOLS
