   1              	# 1 "../Dave/Generated/src/RTOS001/SRC/HAL_CM4.s"
   1              	/*----------------------------------------------------------------------------
   0              	
   2              	 *      RL-ARM - RTX
   0              	
   3              	 *----------------------------------------------------------------------------
   4              	 *      Name:    HAL_CM4.S
   5              	 *      Purpose: Hardware Abstraction Layer for Cortex-M4
   6              	 *      Rev.:    V4.70
   7              	 *----------------------------------------------------------------------------
   8              	 *
   9              	 * Copyright (c) 1999-2009 KEIL, 2009-2013 ARM Germany GmbH
  10              	 * All rights reserved.
  11              	 * Redistribution and use in source and binary forms, with or without
  12              	 * modification, are permitted provided that the following conditions are met:
  13              	 *  - Redistributions of source code must retain the above copyright
  14              	 *    notice, this list of conditions and the following disclaimer.
  15              	 *  - Redistributions in binary form must reproduce the above copyright
  16              	 *    notice, this list of conditions and the following disclaimer in the
  17              	 *    documentation and/or other materials provided with the distribution.
  18              	 *  - Neither the name of ARM  nor the names of its contributors may be used 
  19              	 *    to endorse or promote products derived from this software without 
  20              	 *    specific prior written permission.
  21              	 *
  22              	 * THIS SOFTWARE IS PROVIDED BY THE COPYRIGHT HOLDERS AND CONTRIBUTORS "AS IS" 
  23              	 * AND ANY EXPRESS OR IMPLIED WARRANTIES, INCLUDING, BUT NOT LIMITED TO, THE 
  24              	 * IMPLIED WARRANTIES OF MERCHANTABILITY AND FITNESS FOR A PARTICULAR PURPOSE
  25              	 * ARE DISCLAIMED. IN NO EVENT SHALL COPYRIGHT HOLDERS AND CONTRIBUTORS BE
  26              	 * LIABLE FOR ANY DIRECT, INDIRECT, INCIDENTAL, SPECIAL, EXEMPLARY, OR
  27              	 * CONSEQUENTIAL DAMAGES (INCLUDING, BUT NOT LIMITED TO, PROCUREMENT OF 
  28              	 * SUBSTITUTE GOODS OR SERVICES; LOSS OF USE, DATA, OR PROFITS; OR BUSINESS 
  29              	 * INTERRUPTION) HOWEVER CAUSED AND ON ANY THEORY OF LIABILITY, WHETHER IN 
  30              	 * CONTRACT, STRICT LIABILITY, OR TORT (INCLUDING NEGLIGENCE OR OTHERWISE) 
  31              	 * ARISING IN ANY WAY OUT OF THE USE OF THIS SOFTWARE, EVEN IF ADVISED OF THE
  32              	 * POSSIBILITY OF SUCH DAMAGE.
  33              	 *---------------------------------------------------------------------------*/
  34              	
  35              	#ifdef __GNUC__
  36              	
  37              	#ifdef UC_ID
  38              	# include <uc_id.inc>
   1              	/*************************************************************************** */
   2              	/**
   3              	* @file     uc_id.inc
   4              	*           Infineon XMC Device Series
   5              	* @version  V1.2
   6              	* @date     18 Feb 2013
   7              	*
   8              	Copyright (C) 2013 Infineon Technologies AG. All rights reserved.
   9              	*
  10              	*
  11              	* @par
  12              	* Infineon Technologies AG (Infineon) is supplying this software for use with 
  13              	* Infineon's microcontrollers.  This file can be freely distributed
  14              	* within development tools that are supporting such microcontrollers.
  15              	*
  16              	* @par
  17              	* THIS SOFTWARE IS PROVIDED AS IS.  NO WARRANTIES, WHETHER EXPRESS, IMPLIED
  18              	* OR STATUTORY, INCLUDING, BUT NOT LIMITED TO, IMPLIED WARRANTIES OF
  19              	* MERCHANTABILITY AND FITNESS FOR A PARTICULAR PURPOSE APPLY TO THIS SOFTWARE.
  20              	* ARM SHALL NOT, IN ANY CIRCUMSTANCES, BE LIABLE FOR SPECIAL, INCIDENTAL, OR
  21              	* CONSEQUENTIAL DAMAGES, FOR ANY REASON WHATSOEVER.
  22              	*
  23              	******************************************************************************/
  24              	
  25              	/*****************************************************************************
  26              	************************* Version history ************************************
  27              	V1.0, 25 Jan 2013, PKB, First version with XMC4 devices
  28              	V1.1, 12 Feb 2013, RD, Addition of XMC1 devices
  29              	V1.2, 18 Feb 2013, RD, Updated Package definitions
  30              	V1.3, 21 Jan 2014, RD, Addition of VQFN Packages for XMC1 devices
  31              	*****************************************************************************/
  32              	
  33              	/* ***************************************************************************
  34              	******************************* ID definitions *******************************
  35              	*************************************************************************** */
  36              	/* Family definitions  */
  37              	#define    XMC4       (4)
  38              	#define    XMC1       (1)
  39              	
  40              	/* Series definitions  */
  41              	#define    XMC45      (45)
  42              	#define    XMC44      (44)
  43              	#define    XMC42      (42)
  44              	#define    XMC41      (41)
  45              	
  46              	#define    XMC13      (13)
  47              	#define    XMC12      (12)
  48              	#define    XMC11      (11)
  49              	
  50              	/* Device definitions  */
  51              	#define    XMC4500    (4500)
  52              	#define    XMC4502    (4502)
  53              	#define    XMC4504    (4504)
  54              	#define    XMC4400    (4400)
  55              	#define    XMC4402    (4402)
  56              	#define    XMC4200    (4200)
  57              	#define    XMC4100    (4100)
  58              	#define    XMC4104    (4104)
  59              	
  60              	#define    XMC1300    (1300)
  61              	#define    XMC1301    (1301)
  62              	#define    XMC1302    (1302)
  63              	#define    XMC1200    (1200)
  64              	#define    XMC1201    (1201)
  65              	#define    XMC1202    (1202)
  66              	#define    XMC1203    (1203)
  67              	#define    XMC1100    (1100)
  68              	
  69              	/* STEP definitions    */
  70              	#define    STEP_AA    (1)
  71              	#define    STEP_AB    (2)
  72              	#define    STEP_AC    (3)
  73              	#define    STEP_BA    (4)
  74              	#define    STEP_BB    (5)
  75              	#define    STEP_BC    (6)
  76              	
  77              	/* Package definitions */
  78              	#define    BGA144     (1)
  79              	#define    LQFP144    (2)
  80              	#define    LQFP100    (3)
  81              	#define    BGA64      (4)
  82              	#define    LQFP64     (5)
  83              	#define    VQFN48     (6)
  84              	#define    TSSOP38    (7)
  85              	#define    TSSOP28    (8)
  86              	#define    TSSOP16    (9) 
  87              	#define    VQFN24     (10)
  88              	#define    VQFN40     (11)
  89              	
  90              	/************************* End of ID definitions ************************** */
  91              	
  92              	/* *************** README README README README README README ************** */
  93              	/*
  94              	 * Within a family and specifically within a series, SW ID uniquely identifies
  95              	 * a device by available functionality, silicon revision (aka STEP) and 
  96              	 * packaging information.
  97              	 *
  98              	 * The early engineering samples of XMC45/44/42/41 series and initial steps of 
  99              	 * productive XMC45 series devices had a simple 4 digit SW ID.
 100              	 *
 101              	 * In order to make this numbering scheme more scalable, a 7 digit encoding
 102              	 * scheme is adopted for later steps of productive samples of XMC45/44/42/41
 103              	 */
 104              	
 105              	/* ***************************************************************************
 106              	**************** Mapping between IDs and supported SW IDs ********************
 107              	*************************************************************************** */
 108              	
 109              	/* ***************** Start of section for XMC45 devices ******************* */
 110              	#if (UC_ID == 4501)         /* SW ID : 45.0.1 */
 111              	#define UC_FAMILY    XMC4
 112              	#define UC_SERIES    XMC45
 113              	#define UC_DEVICE    XMC4500
 114              	#define UC_STEP      STEP_AA
 115              	#define UC_PACKAGE   BGA144
 116              	
 117              	#elif (UC_ID == 4502)       /* SW ID : 45.0.2 */
 118              	#define UC_FAMILY    XMC4
 119              	#define UC_SERIES    XMC45
 120              	#define UC_DEVICE    XMC4500
 121              	#define UC_STEP      STEP_AA
 122              	#define UC_PACKAGE   LQFP144
 123              	
 124              	#elif (UC_ID == 4503)       /* SW ID : 45.0.3 */
 125              	#define UC_FAMILY    XMC4
 126              	#define UC_SERIES    XMC45
 127              	#define UC_DEVICE    XMC4500
 128              	#define UC_STEP      STEP_AA
 129              	#define UC_PACKAGE   LQFP100
 130              	
 131              	#elif (UC_ID == 4523)       /* SW ID : 45.2.3 */
 132              	#define UC_FAMILY    XMC4
 133              	#define UC_SERIES    XMC45
 134              	#define UC_DEVICE    XMC4502
 135              	#define UC_STEP      STEP_AA
 136              	#define UC_PACKAGE   LQFP100
 137              	
 138              	#elif (UC_ID == 4543)       /* SW ID : 45.4.3 */
 139              	#define UC_FAMILY    XMC4
 140              	#define UC_SERIES    XMC45
 141              	#define UC_DEVICE    XMC4504
 142              	#define UC_STEP      STEP_AA
 143              	#define UC_PACKAGE   LQFP100
 144              	
 145              	#elif (UC_ID == 4542)       /* SW ID : 45.4.2 */
 146              	#define UC_FAMILY    XMC4
 147              	#define UC_SERIES    XMC45
 148              	#define UC_DEVICE    XMC4504
 149              	#define UC_STEP      STEP_AA
 150              	#define UC_PACKAGE   LQFP144
 151              	
 152              	#elif (UC_ID == 4502001)    /* SW ID : 45.0200.1 */
 153              	#define UC_FAMILY    XMC4
 154              	#define UC_SERIES    XMC45
 155              	#define UC_DEVICE    XMC4500
 156              	#define UC_STEP      STEP_AB
 157              	#define UC_PACKAGE   BGA144
 158              	
 159              	#elif (UC_ID == 4502002)    /* SW ID : 45.0200.2 */
 160              	#define UC_FAMILY    XMC4
 161              	#define UC_SERIES    XMC45
 162              	#define UC_DEVICE    XMC4500
 163              	#define UC_STEP      STEP_AB
 164              	#define UC_PACKAGE   LQFP144
 165              	
 166              	#elif (UC_ID == 4502003)    /* SW ID : 45.0200.3 */
 167              	#define UC_FAMILY    XMC4
 168              	#define UC_SERIES    XMC45
 169              	#define UC_DEVICE    XMC4500
 170              	#define UC_STEP      STEP_AB
 171              	#define UC_PACKAGE   LQFP100
 172              	
 173              	#elif (UC_ID == 4502023)    /* SW ID : 45.0202.3 */
 174              	#define UC_FAMILY    XMC4
 175              	#define UC_SERIES    XMC45
 176              	#define UC_DEVICE    XMC4502
 177              	#define UC_STEP      STEP_AB
 178              	#define UC_PACKAGE   LQFP100
 179              	
 180              	#elif (UC_ID == 4502043)    /* SW ID : 45.0204.3 */
 181              	#define UC_FAMILY    XMC4
 182              	#define UC_SERIES    XMC45
 183              	#define UC_DEVICE    XMC4504
 184              	#define UC_STEP      STEP_AB
 185              	#define UC_PACKAGE   LQFP100
 186              	
 187              	#elif (UC_ID == 4502042)    /* SW ID : 45.0204.2 */
 188              	#define UC_FAMILY    XMC4
 189              	#define UC_SERIES    XMC45
 190              	#define UC_DEVICE    XMC4504
 191              	#define UC_STEP      STEP_AB
 192              	#define UC_PACKAGE   LQFP144
 193              	
 194              	#elif (UC_ID == 4503001)    /* SW ID : 45.0300.1 */
 195              	#define UC_FAMILY    XMC4
 196              	#define UC_SERIES    XMC45
 197              	#define UC_DEVICE    XMC4500
 198              	#define UC_STEP      STEP_AC
 199              	#define UC_PACKAGE   BGA144
 200              	
 201              	#elif (UC_ID == 4503002)    /* SW ID : 45.0300.2 */
 202              	#define UC_FAMILY    XMC4
 203              	#define UC_SERIES    XMC45
 204              	#define UC_DEVICE    XMC4500
 205              	#define UC_STEP      STEP_AC
 206              	#define UC_PACKAGE   LQFP144
 207              	
 208              	#elif (UC_ID == 4503003)    /* SW ID : 45.0300.3 */
 209              	#define UC_FAMILY    XMC4
 210              	#define UC_SERIES    XMC45
 211              	#define UC_DEVICE    XMC4500
 212              	#define UC_STEP      STEP_AC
 213              	#define UC_PACKAGE   LQFP100
 214              	
 215              	#elif (UC_ID == 4503023)    /* SW ID : 45.0302.3 */
 216              	#define UC_FAMILY    XMC4
 217              	#define UC_SERIES    XMC45
 218              	#define UC_DEVICE    XMC4502
 219              	#define UC_STEP      STEP_AC
 220              	#define UC_PACKAGE   LQFP100
 221              	
 222              	#elif (UC_ID == 4503043)    /* SW ID : 45.0304.3 */
 223              	#define UC_FAMILY    XMC4
 224              	#define UC_SERIES    XMC45
 225              	#define UC_DEVICE    XMC4504
 226              	#define UC_STEP      STEP_AC
 227              	#define UC_PACKAGE   LQFP100
 228              	
 229              	#elif (UC_ID == 4503042)    /* SW ID : 45.0304.2 */
 230              	#define UC_FAMILY    XMC4
 231              	#define UC_SERIES    XMC45
 232              	#define UC_DEVICE    XMC4504
 233              	#define UC_STEP      STEP_AC
 234              	#define UC_PACKAGE   LQFP144
 235              	
 236              	/* ***************** Start of section for XMC44 devices ******************* */
 237              	#elif (UC_ID == 4403)       /* SW ID : 44.0.3 */
 238              	#define UC_FAMILY    XMC4
 239              	#define UC_SERIES    XMC44
 240              	#define UC_DEVICE    XMC4400
 241              	#define UC_STEP      STEP_AA
 242              	#define UC_PACKAGE   LQFP100
 243              	
 244              	#elif (UC_ID == 44005)      /* SW ID : 44.00.5 */
 245              	#define UC_FAMILY    XMC4
 246              	#define UC_SERIES    XMC44
 247              	#define UC_DEVICE    XMC4400
 248              	#define UC_STEP      STEP_AA
 249              	#define UC_PACKAGE   LQFP64
 250              	
 251              	#elif (UC_ID == 44023)      /* SW ID : 44.02.3 */
 252              	#define UC_FAMILY    XMC4
 253              	#define UC_SERIES    XMC44
 254              	#define UC_DEVICE    XMC4402
 255              	#define UC_STEP      STEP_AA
 256              	#define UC_PACKAGE   LQFP100
 257              	
 258              	#elif (UC_ID == 44025)      /* SW ID : 44.02.5 */
 259              	#define UC_FAMILY    XMC4
 260              	#define UC_SERIES    XMC44
 261              	#define UC_DEVICE    XMC4402
 262              	#define UC_STEP      STEP_AA
 263              	#define UC_PACKAGE   LQFP64
 264              	
 265              	#elif (UC_ID == 4402003)       /* SW ID : 44.0200.3 */
 266              	#define UC_FAMILY    XMC4
 267              	#define UC_SERIES    XMC44
 268              	#define UC_DEVICE    XMC4400
 269              	#define UC_STEP      STEP_AB
 270              	#define UC_PACKAGE   LQFP100
 271              	
 272              	#elif (UC_ID == 4402005)      /* SW ID : 44.0200.5 */
 273              	#define UC_FAMILY    XMC4
 274              	#define UC_SERIES    XMC44
 275              	#define UC_DEVICE    XMC4400
 276              	#define UC_STEP      STEP_AB
 277              	#define UC_PACKAGE   LQFP64
 278              	
 279              	#elif (UC_ID == 4402023)      /* SW ID : 44.0202.3 */
 280              	#define UC_FAMILY    XMC4
 281              	#define UC_SERIES    XMC44
 282              	#define UC_DEVICE    XMC4402
 283              	#define UC_STEP      STEP_AB
 284              	#define UC_PACKAGE   LQFP100
 285              	
 286              	#elif (UC_ID == 4402025)      /* SW ID : 44.0202.5 */
 287              	#define UC_FAMILY    XMC4
 288              	#define UC_SERIES    XMC44
 289              	#define UC_DEVICE    XMC4402
 290              	#define UC_STEP      STEP_AB
 291              	#define UC_PACKAGE   LQFP64
 292              	
 293              	/* **************** Start of section for XMC42/41 devices ****************** */
 294              	#elif (UC_ID == 42005)      /* SW ID : 42.00.5 */
 295              	#define UC_FAMILY    XMC4
 296              	#define UC_SERIES    XMC42
 297              	#define UC_DEVICE    XMC4200
 298              	#define UC_STEP      STEP_AA
 299              	#define UC_PACKAGE   LQFP64
 300              	
 301              	#elif (UC_ID == 4206)       /* SW ID : 42.0.6 */
 302              	#define UC_FAMILY    XMC4
 303              	#define UC_SERIES    XMC42
 304              	#define UC_DEVICE    XMC4200
 305              	#define UC_STEP      STEP_AA
 306              	#define UC_PACKAGE   VQFN48
 307              	
 308              	#elif (UC_ID == 42045)      /* SW ID : 42.04.5 */
 309              	#define UC_FAMILY    XMC4
 310              	#define UC_SERIES    XMC41
 311              	#define UC_DEVICE    XMC4104
 312              	#define UC_STEP      STEP_AA
 313              	#define UC_PACKAGE   LQFP64
 314              	
 315              	#elif (UC_ID == 42046)      /* SW ID : 42.04.6 */
 316              	#define UC_FAMILY    XMC4
 317              	#define UC_SERIES    XMC41
 318              	#define UC_DEVICE    XMC4104
 319              	#define UC_STEP      STEP_AA
 320              	#define UC_PACKAGE   VQFN48
 321              	
 322              	#elif (UC_ID == 4202005)      /* SW ID : 42.0200.5 */
 323              	#define UC_FAMILY    XMC4
 324              	#define UC_SERIES    XMC42
 325              	#define UC_DEVICE    XMC4200
 326              	#define UC_STEP      STEP_AB
 327              	#define UC_PACKAGE   LQFP64
 328              	
 329              	#elif (UC_ID == 4202006)       /* SW ID : 42.0200.6 */
 330              	#define UC_FAMILY    XMC4
 331              	#define UC_SERIES    XMC42
 332              	#define UC_DEVICE    XMC4200
 333              	#define UC_STEP      STEP_AB
 334              	#define UC_PACKAGE   VQFN48
 335              	
 336              	#elif (UC_ID == 4202045)      /* SW ID : 42.0204.5 */
 337              	#define UC_FAMILY    XMC4
 338              	#define UC_SERIES    XMC41
 339              	#define UC_DEVICE    XMC4104
 340              	#define UC_STEP      STEP_AB
 341              	#define UC_PACKAGE   LQFP64
 342              	
 343              	#elif (UC_ID == 4202046)      /* SW ID : 42.0204.6 */
 344              	#define UC_FAMILY    XMC4
 345              	#define UC_SERIES    XMC41
 346              	#define UC_DEVICE    XMC4104
 347              	#define UC_STEP      STEP_AB
 348              	#define UC_PACKAGE   VQFN48
 349              	
 350              	#elif (UC_ID == 4202086)      /* SW ID : 42.0208.6 */
 351              	#define UC_FAMILY    XMC4
 352              	#define UC_SERIES    XMC41
 353              	#define UC_DEVICE    XMC4108
 354              	#define UC_STEP      STEP_AB
 355              	#define UC_PACKAGE   VQFN48
 356              	
 357              	
 358              	/* **************** Start of section for XMC13 devices ****************** */
 359              	#elif (UC_ID == 1301017)       /* SW ID : 13.0101.7 */
 360              	#define UC_FAMILY    XMC1
 361              	#define UC_SERIES    XMC13
 362              	#define UC_DEVICE    XMC1301
 363              	#define UC_STEP      STEP_AA
 364              	#define UC_PACKAGE   TSSOP38
 365              	
 366              	#elif (UC_ID == 1301019)       /* SW ID : 13.0101.9 */
 367              	#define UC_FAMILY    XMC1
 368              	#define UC_SERIES    XMC13
 369              	#define UC_DEVICE    XMC1301
 370              	#define UC_STEP      STEP_AA
 371              	#define UC_PACKAGE   TSSOP16
 372              	
 373              	#elif (UC_ID == 13010110)      /* SW ID : 13.0101.10 */
 374              	#define UC_FAMILY    XMC1
 375              	#define UC_SERIES    XMC13
 376              	#define UC_DEVICE    XMC1301
 377              	#define UC_STEP      STEP_AA
 378              	#define UC_PACKAGE   VQFN24
 379              	
 380              	#elif (UC_ID == 13010111)      /* SW ID : 13.0101.11 */
 381              	#define UC_FAMILY    XMC1
 382              	#define UC_SERIES    XMC13
 383              	#define UC_DEVICE    XMC1301
 384              	#define UC_STEP      STEP_AA
 385              	#define UC_PACKAGE   VQFN40
 386              	
 387              	#elif (UC_ID == 1301027)      /* SW ID : 13.0102.7 */
 388              	#define UC_FAMILY    XMC1
 389              	#define UC_SERIES    XMC13
 390              	#define UC_DEVICE    XMC1302
 391              	#define UC_STEP      STEP_AA
 392              	#define UC_PACKAGE   TSSOP38
 393              	
 394              	#elif (UC_ID == 1301029)       /* SW ID : 13.0102.9 */
 395              	#define UC_FAMILY    XMC1
 396              	#define UC_SERIES    XMC13
 397              	#define UC_DEVICE    XMC1302
 398              	#define UC_STEP      STEP_AA
 399              	#define UC_PACKAGE   TSSOP16
 400              	
 401              	#elif (UC_ID == 13010210)      /* SW ID : 13.0102.10 */
 402              	#define UC_FAMILY    XMC1
 403              	#define UC_SERIES    XMC13
 404              	#define UC_DEVICE    XMC1302
 405              	#define UC_STEP      STEP_AA
 406              	#define UC_PACKAGE   VQFN24
 407              	
 408              	#elif (UC_ID == 13010211)      /* SW ID : 13.0102.11 */
 409              	#define UC_FAMILY    XMC1
 410              	#define UC_SERIES    XMC13
 411              	#define UC_DEVICE    XMC1302
 412              	#define UC_STEP      STEP_AA
 413              	#define UC_PACKAGE   VQFN40
 414              	
 415              	/* **************** Start of section for XMC12 devices ****************** */
 416              	#elif (UC_ID == 1201007)      /* SW ID : 12.0100.7 */
 417              	#define UC_FAMILY    XMC1
 418              	#define UC_SERIES    XMC12
 419              	#define UC_DEVICE    XMC1200
 420              	#define UC_STEP      STEP_AA
 421              	#define UC_PACKAGE   TSSOP38
 422              	
 423              	#elif (UC_ID == 1201017)       /* SW ID : 12.0101.7 */
 424              	#define UC_FAMILY    XMC1
 425              	#define UC_SERIES    XMC12
 426              	#define UC_DEVICE    XMC1201
 427              	#define UC_STEP      STEP_AA
 428              	#define UC_PACKAGE   TSSOP38
 429              	
 430              	#elif (UC_ID == 1201018)       /* SW ID : 12.0101.8 */
 431              	#define UC_FAMILY    XMC1
 432              	#define UC_SERIES    XMC12
 433              	#define UC_DEVICE    XMC1201
 434              	#define UC_STEP      STEP_AA
 435              	#define UC_PACKAGE   TSSOP28
 436              	
 437              	#elif (UC_ID == 12010111)       /* SW ID : 12.0101.11 */
 438              	#define UC_FAMILY    XMC1
 439              	#define UC_SERIES    XMC12
 440              	#define UC_DEVICE    XMC1201
 441              	#define UC_STEP      STEP_AA
 442              	#define UC_PACKAGE   VQFN40
 443              	
 444              	#elif (UC_ID == 1201027)      /* SW ID : 12.0102.7 */
 445              	#define UC_FAMILY    XMC1
 446              	#define UC_SERIES    XMC12
 447              	#define UC_DEVICE    XMC1202
 448              	#define UC_STEP      STEP_AA
 449              	#define UC_PACKAGE   TSSOP38
 450              	
 451              	#elif (UC_ID == 1201028)      /* SW ID : 12.0102.8 */
 452              	#define UC_FAMILY    XMC1
 453              	#define UC_SERIES    XMC12
 454              	#define UC_DEVICE    XMC1202
 455              	#define UC_STEP      STEP_AA
 456              	#define UC_PACKAGE   TSSOP28
 457              	
 458              	#elif (UC_ID == 1201029)      /* SW ID : 12.0102.9 */
 459              	#define UC_FAMILY    XMC1
 460              	#define UC_SERIES    XMC12
 461              	#define UC_DEVICE    XMC1202
 462              	#define UC_STEP      STEP_AA
 463              	#define UC_PACKAGE   TSSOP16
 464              	
 465              	#elif (UC_ID == 12010210)      /* SW ID : 12.0102.10 */
 466              	#define UC_FAMILY    XMC1
 467              	#define UC_SERIES    XMC12
 468              	#define UC_DEVICE    XMC1202
 469              	#define UC_STEP      STEP_AA
 470              	#define UC_PACKAGE   VQFN24
 471              	
 472              	#elif (UC_ID == 12010211)      /* SW ID : 12.0102.11 */
 473              	#define UC_FAMILY    XMC1
 474              	#define UC_SERIES    XMC12
 475              	#define UC_DEVICE    XMC1202
 476              	#define UC_STEP      STEP_AA
 477              	#define UC_PACKAGE   VQFN40
 478              	
 479              	#elif (UC_ID == 1201039)      /* SW ID : 12.0103.9 */
 480              	#define UC_FAMILY    XMC1
 481              	#define UC_SERIES    XMC12
 482              	#define UC_DEVICE    XMC1203
 483              	#define UC_STEP      STEP_AA
 484              	#define UC_PACKAGE   TSSOP16
 485              	
 486              	#elif (UC_ID == 12010310)      /* SW ID : 12.0103.10 */
 487              	#define UC_FAMILY    XMC1
 488              	#define UC_SERIES    XMC12
 489              	#define UC_DEVICE    XMC1203
 490              	#define UC_STEP      STEP_AA
 491              	#define UC_PACKAGE   VQFN24
 492              	
 493              	/* **************** Start of section for XMC11 devices ****************** */
 494              	#elif (UC_ID == 1101007)      /* SW ID : 11.0100.7 */
 495              	#define UC_FAMILY    XMC1
 496              	#define UC_SERIES    XMC11
 497              	#define UC_DEVICE    XMC1100
 498              	#define UC_STEP      STEP_AA
 499              	#define UC_PACKAGE   TSSOP38
 500              	
 501              	#elif (UC_ID == 1101009)      /* SW ID : 11.0100.9 */
 502              	#define UC_FAMILY    XMC1
 503              	#define UC_SERIES    XMC11
 504              	#define UC_DEVICE    XMC1100
 505              	#define UC_STEP      STEP_AA
 506              	#define UC_PACKAGE   TSSOP16
 507              	
 508              	#elif (UC_ID == 11010010)      /* SW ID : 11.0100.10 */
 509              	#define UC_FAMILY    XMC1
 510              	#define UC_SERIES    XMC11
 511              	#define UC_DEVICE    XMC1100
 512              	#define UC_STEP      STEP_AA
 513              	#define UC_PACKAGE   VQFN24
 514              	
 515              	#elif (UC_ID == 11010011)      /* SW ID : 11.0100.11 */
 516              	#define UC_FAMILY    XMC1
 517              	#define UC_SERIES    XMC11
 518              	#define UC_DEVICE    XMC1100
 519              	#define UC_STEP      STEP_AA
 520              	#define UC_PACKAGE   VQFN40
 521              	
 522              	#else
 523              	#error "Unsupported XMC device"
 524              	#endif
 525              	
 526              	#define __TARGET_DEVICE__ UC_SERIES
 527              	
  39              	# if ((UC_SERIES == XMC45) && (UC_STEP <= STEP_AB)) || ((UC_SERIES == XMC44 || UC_SERIES == XMC42) 
  40              	#  define IFX_XMC4XXX
  41              	# endif
  42              	#endif
  43              	
  44              	        .file   "HAL_CM4.S"
   0              	
DEFINED SYMBOLS
                            *ABS*:00000000 HAL_CM4.S
           HAL_CM4.S:47     *ABS*:00000025 TCB_STACKF
           HAL_CM4.S:48     *ABS*:00000028 TCB_TSTACK
           HAL_CM4.S:58     .text:00000000 $t
           HAL_CM4.S:66     .text:00000000 rt_set_PSP
                       .ARM.exidx:00000000 $d
           HAL_CM4.S:82     .text:00000006 rt_get_PSP
           HAL_CM4.S:100    .text:0000000c os_set_env
           HAL_CM4.S:126    .text:00000024 _alloc_box
           HAL_CM4.S:153    .text:00000040 _free_box
           HAL_CM4.S:178    .text:0000005c SVC_Handler
           HAL_CM4.S:249    .text:000000d0 SVC_User
           HAL_CM4.S:226    .text:000000ac SVC_Next
           HAL_CM4.S:239    .text:000000ce SVC_Exit
           HAL_CM4.S:264    .text:000000f0 SVC_Done
           HAL_CM4.S:277    .text:000000f2 PendSV_Handler
           HAL_CM4.S:289    .text:000000f8 Sys_Switch
           HAL_CM4.S:330    .text:00000150 Sys_Exit
           HAL_CM4.S:347    .text:00000152 SysTick_Handler
           HAL_CM4.S:369    .text:0000015c OS_Tick_Handler
           HAL_CM4.S:382    .text:0000016a $d
                   .debug_aranges:0000000c $d

UNDEFINED SYMBOLS
os_flags
rt_alloc_box
rt_free_box
os_tsk
rt_stk_check
SVC_Count
SVC_Table
rt_pop_req
rt_systick
os_tick_irqack
