   1              		.syntax unified
   2              		.cpu cortex-m4
   3              		.eabi_attribute 27, 3
   4              		.fpu fpv4-sp-d16
   5              		.eabi_attribute 20, 1
   6              		.eabi_attribute 21, 1
   7              		.eabi_attribute 23, 3
   8              		.eabi_attribute 24, 1
   9              		.eabi_attribute 25, 1
  10              		.eabi_attribute 26, 1
  11              		.eabi_attribute 30, 6
  12              		.eabi_attribute 34, 1
  13              		.eabi_attribute 18, 4
  14              		.thumb
  15              		.file	"UART002_Conf.c"
  16              		.text
  17              	.Ltext0:
  18              		.cfi_sections	.debug_frame
  19              		.comm	AppDynamicData0,20,4
  20              		.global	UART002_Handle0
  21              		.section	.rodata
  22              		.align	2
  25              	UART002_Handle0:
  26 0000 00000000 		.word	AppDynamicData0
  27 0004 00       		.byte	0
  28 0005 00       		.byte	0
  29 0006 0000     		.space	2
  30 0008 004B0000 		.word	19200
  31 000c 0700     		.short	7
  32 000e 0000     		.space	2
  33 0010 00000340 		.word	1073938432
  34 0014 00       		.byte	0
  35 0015 00       		.byte	0
  36 0016 01       		.byte	1
  37 0017 01       		.byte	1
  38 0018 9202     		.short	658
  39 001a FA00     		.short	250
  40 001c 0F00     		.short	15
  41 001e 0900     		.short	9
  42 0020 00       		.byte	0
  43 0021 000000   		.space	3
  44              		.text
  45              	.Letext0:
  46              		.file 1 "c:\\dave-3.1.10\\arm-gcc\\bin\\../lib/gcc/arm-none-eabi/4.7.4/../../../../arm-none-eabi/i
  47              		.file 2 "C:\\DAVE-3.1.10\\eclipse\\/../CMSIS/Infineon/XMC4500_series/Include/XMC4500.h"
  48              		.file 3 "X:\\DAVE3-examples\\DAVE4500\\Dave\\Generated\\inc\\DAVESupport/../../inc/RTOS001/../../s
  49              		.file 4 "X:\\DAVE3-examples\\DAVE4500\\Dave\\Generated\\inc\\DAVESupport/../../inc/UART002/../../i
  50              		.file 5 "X:\\DAVE3-examples\\DAVE4500\\Dave\\Generated\\inc\\DAVESupport/../../inc/UART002/UART002
  51              		.file 6 "C:\\DAVE-3.1.10\\eclipse\\/../CMSIS/Include/core_cm4.h"
  52              		.file 7 "../Dave/Generated/src/UART002/UART002_Conf.c"
DEFINED SYMBOLS
                            *ABS*:00000000 UART002_Conf.c
                            *COM*:00000014 AppDynamicData0
C:\Users\LIUDAN~1\AppData\Local\Temp\ccZcIHNk.s:25     .rodata:00000000 UART002_Handle0
C:\Users\LIUDAN~1\AppData\Local\Temp\ccZcIHNk.s:22     .rodata:00000000 $d
                           .group:00000000 wm4.1.35166846b5321d4273ad8c4248893ac3
                           .group:00000000 wm4.XMC4500.h.45.215f4b8c79f46c7645c15373868d08c0
                           .group:00000000 wm4.core_cm4.h.47.41af406cb4cda82c972f112a9cd0a024
                           .group:00000000 wm4.newlib.h.8.a9901dc52d1357e3e94003403d43f8b5
                           .group:00000000 wm4.features.h.22.b72b3baab2bb2eab3661375590100b6b
                           .group:00000000 wm4.config.h.193.5fb8ef056cdff92dec3dee9552839d8c
                           .group:00000000 wm4._ansi.h.23.7aefdac4826acebbfc9f3822a0aeb14c
                           .group:00000000 wm4.stdint.h.20.54ad762faa59e3c05491630641c8d8bf
                           .group:00000000 wm4.core_cmInstr.h.39.3d3d1b4a79aef37532666dc6ee87c6ac
                           .group:00000000 wm4.core_cm4_simd.h.43.b5d1d38735af6366227b4256d330cf13
                           .group:00000000 wm4.core_cm4.h.178.e5ef5ce66d198d7f00f9d0076e267c41
                           .group:00000000 wm4.system_XMC4500.h.29.827f68baa362c84f2abae4ab67dde7c9
                           .group:00000000 wm4.XMC4500.h.198.8e022f279ff353ed081df898dc7b9cf3
                           .group:00000000 wm4.stddef.h.40.50cf36416e06376af8a9dca28536f2e4
                           .group:00000000 wm4.types.h.60.e75c47576398c648cdcf9000ace5e3d8
                           .group:00000000 wm4.MULTIPLEXER.h.46.4a863fbae1c79f0db26da3ce2dc30d02
                           .group:00000000 wm4.CCU8PWMLIB.h.74.725ec81203769525cc7a424597055f47
                           .group:00000000 wm4.MOTORLIB.h.62.951091d95913dd2ff36d761323a1771d
                           .group:00000000 wm4.DBG001.h.116.d6d9e7459a0faa3905c97c1d2edb339d
                           .group:00000000 wm4.IO004.h.53.442ea5eb47ad9eedc675253aa35f3107
                           .group:00000000 wm4.uc_id.h.35.fa57ecd9f559d2767f56c96da2848c12
                           .group:00000000 wm4.CLK001_Const.h.50.e5e9c2ddc89f4cc9e7b93e9648fa94e4
                           .group:00000000 wm4.CLK001_Conf.h.81.82a8db895dc146da001475dd68223522
                           .group:00000000 wm4.cmsis_os.h.131.c9c34dc8297264a3e18c36fd1cd4383c
                           .group:00000000 wm4.cmsis_os.h.185.c5bf6edc2212781bbc023e70c59eddda
                           .group:00000000 wm4.Usic.h.48.5c09b8c075b78085611ba7fbb22692b0
                           .group:00000000 wm4._default_types.h.6.5e12cd604db8ce00b62bb2f02708eaf3
                           .group:00000000 wm4.lock.h.2.9bc98482741e5e2a9450b12934a684ea
                           .group:00000000 wm4.stddef.h.161.c6104a0666cf681b6269ddc9b4f516d4
                           .group:00000000 wm4.types.h.2.e9cec8c90ab35f77d9f499e06ae02400
                           .group:00000000 wm4.types.h.80.1f2c84c0d57dd52dd9936095d9ac218e
                           .group:00000000 wm4.time.h.16.a4579e68956d2601c6113814b546764b
                           .group:00000000 wm4.UART002_Conf.h.48.f8d89f32e5e28a00d4d33ef4b2ab1984

NO UNDEFINED SYMBOLS
