   1              		.syntax unified
   2              		.cpu cortex-m4
   3              		.eabi_attribute 27, 3
   4              		.fpu fpv4-sp-d16
   5              		.eabi_attribute 20, 1
   6              		.eabi_attribute 21, 1
   7              		.eabi_attribute 23, 3
   8              		.eabi_attribute 24, 1
   9              		.eabi_attribute 25, 1
  10              		.eabi_attribute 26, 1
  11              		.eabi_attribute 30, 4
  12              		.eabi_attribute 34, 1
  13              		.eabi_attribute 18, 4
  14              		.thumb
  15              		.file	"MULTIPLEXER.c"
  16              		.section	.text.DAVE_MUX_Init,"ax",%progbits
  17              		.align	1
  18              		.global	DAVE_MUX_Init
  19              		.thumb
  20              		.thumb_func
  22              	DAVE_MUX_Init:
  23              		@ args = 0, pretend = 0, frame = 0
  24              		@ frame_needed = 0, uses_anonymous_args = 0
  25              		@ link register save eliminated.
  26 0000 2B4B     		ldr	r3, .L2
  27 0002 1A6C     		ldr	r2, [r3, #64]
  28 0004 196C     		ldr	r1, [r3, #64]
  29 0006 21F00F00 		bic	r0, r1, #15
  30 000a 1864     		str	r0, [r3, #64]
  31 000c D969     		ldr	r1, [r3, #28]
  32 000e 21F00700 		bic	r0, r1, #7
  33 0012 40F00301 		orr	r1, r0, #3
  34 0016 D961     		str	r1, [r3, #28]
  35 0018 D3F80801 		ldr	r0, [r3, #264]
  36 001c 40F08041 		orr	r1, r0, #1073741824
  37 0020 C3F80811 		str	r1, [r3, #264]
  38 0024 D3F80C01 		ldr	r0, [r3, #268]
  39 0028 40F08041 		orr	r1, r0, #1073741824
  40 002c C3F80C11 		str	r1, [r3, #268]
  41 0030 D3F80801 		ldr	r0, [r3, #264]
  42 0034 20F4E021 		bic	r1, r0, #458752
  43 0038 41F4A020 		orr	r0, r1, #327680
  44 003c C3F80801 		str	r0, [r3, #264]
  45 0040 D3F80C11 		ldr	r1, [r3, #268]
  46 0044 21F4E020 		bic	r0, r1, #458752
  47 0048 40F44031 		orr	r1, r0, #196608
  48 004c C3F80C11 		str	r1, [r3, #268]
  49 0050 D3F80801 		ldr	r0, [r3, #264]
  50 0054 20F0E061 		bic	r1, r0, #117440512
  51 0058 21F03F00 		bic	r0, r1, #63
  52 005c 40F08061 		orr	r1, r0, #67108864
  53 0060 C3F80811 		str	r1, [r3, #264]
  54 0064 D3F80C01 		ldr	r0, [r3, #268]
  55 0068 20F0E061 		bic	r1, r0, #117440512
  56 006c 21F03F00 		bic	r0, r1, #63
  57 0070 40F08071 		orr	r1, r0, #16777216
  58 0074 41F01000 		orr	r0, r1, #16
  59 0078 C3F80C01 		str	r0, [r3, #268]
  60 007c 196C     		ldr	r1, [r3, #64]
  61 007e 02F00F02 		and	r2, r2, #15
  62 0082 21F00F00 		bic	r0, r1, #15
  63 0086 40EA0201 		orr	r1, r0, r2
  64 008a 1964     		str	r1, [r3, #64]
  65 008c 094B     		ldr	r3, .L2+4
  66 008e 1869     		ldr	r0, [r3, #16]
  67 0090 40F08002 		orr	r2, r0, #128
  68 0094 1A61     		str	r2, [r3, #16]
  69 0096 1969     		ldr	r1, [r3, #16]
  70 0098 41F40040 		orr	r0, r1, #32768
  71 009c 1861     		str	r0, [r3, #16]
  72 009e D3F81024 		ldr	r2, [r3, #1040]
  73 00a2 22F43841 		bic	r1, r2, #47104
  74 00a6 41F40840 		orr	r0, r1, #34816
  75 00aa C3F81004 		str	r0, [r3, #1040]
  76 00ae 7047     		bx	lr
  77              	.L3:
  78              		.align	2
  79              	.L2:
  80 00b0 00000340 		.word	1073938432
  81 00b4 00810248 		.word	1208123648
  83              		.section	.text.DAVE_MUX_PreInit,"ax",%progbits
  84              		.align	1
  85              		.global	DAVE_MUX_PreInit
  86              		.thumb
  87              		.thumb_func
  89              	DAVE_MUX_PreInit:
  90              		@ args = 0, pretend = 0, frame = 0
  91              		@ frame_needed = 0, uses_anonymous_args = 0
  92              		@ link register save eliminated.
  93 0000 7047     		bx	lr
  95              		.ident	"GCC: (GNU Tools for ARM Embedded Processors) 4.7.4 20130913 (release) [ARM/embedded-4_7-br
DEFINED SYMBOLS
                            *ABS*:00000000 MULTIPLEXER.c
C:\Users\LIUDAN~1\AppData\Local\Temp\cc4kKVff.s:17     .text.DAVE_MUX_Init:00000000 $t
C:\Users\LIUDAN~1\AppData\Local\Temp\cc4kKVff.s:22     .text.DAVE_MUX_Init:00000000 DAVE_MUX_Init
C:\Users\LIUDAN~1\AppData\Local\Temp\cc4kKVff.s:80     .text.DAVE_MUX_Init:000000b0 $d
C:\Users\LIUDAN~1\AppData\Local\Temp\cc4kKVff.s:84     .text.DAVE_MUX_PreInit:00000000 $t
C:\Users\LIUDAN~1\AppData\Local\Temp\cc4kKVff.s:89     .text.DAVE_MUX_PreInit:00000000 DAVE_MUX_PreInit

NO UNDEFINED SYMBOLS
